{"uuid":"04c11356-44a5-4752-a01f-6bf616a83393","historyId":"8ec59219e99c564490c567743269493","fullName":"Assign Staff: Validate Assign Staff Popup window","labels":[{"name":"host","value":"DESKTOP-QJMPL75"},{"name":"thread","value":"50604@DESKTOP-QJMPL75.main(1)"},{"name":"feature","value":"Assign Staff"},{"name":"story","value":"Validate Assign Staff Popup window"},{"name":"suite","value":"Assign Staff"},{"name":"testClass","value":"Validate Assign Staff Popup window"},{"name":"framework","value":"cucumber4jvm"},{"name":"language","value":"java"},{"name":"gherkin_uri","value":"file:///C:/Users/patil/git/Team17_Testing_Squad/src/test/resources/Features/05_8AssignStaffUser.feature"},{"name":"package","value":"src.test.resources.Features.05_8AssignStaffUser_feature.Assign Staff"}],"links":[],"name":"Validate Assign Staff Popup window","status":"broken","statusDetails":{"known":false,"muted":false,"flaky":false,"message":"element click intercepted: Element <span class=\"ng-tns-c78-0 ng-star-inserted\">...</span> is not clickable at point (462, 411). Other element would receive the click: <input _ngcontent-nic-c85=\"\" id=\"username\" matinput=\"\" formcontrolname=\"userLoginEmailId\" required=\"\" class=\"mat-input-element mat-form-field-autofill-control ng-tns-c78-0 ng-untouched ng-pristine ng-invalid cdk-text-field-autofill-monitored\" data-placeholder=\"User\" aria-invalid=\"false\" aria-required=\"true\">\n  (Session info: chrome=123.0.6312.124)\nBuild info: version: '4.16.1', revision: '9b4c83354e'\nSystem info: os.name: 'Windows 11', os.arch: 'amd64', os.version: '10.0', java.version: '20.0.2'\nDriver info: org.openqa.selenium.chrome.ChromeDriver\nCommand: [2d77c19b729109397836560b79e0530e, clickElement {id=f.E3055B586E07FF6479CEFBFEFA08697A.d.CB6D3017D3D443D663A1873E52724B21.e.76}]\nCapabilities {acceptInsecureCerts: false, browserName: chrome, browserVersion: 123.0.6312.124, chrome: {chromedriverVersion: 123.0.6312.122 (31f8248cdd9..., userDataDir: C:\\Users\\patil\\AppData\\Loca...}, fedcm:accounts: true, goog:chromeOptions: {debuggerAddress: localhost:63773}, networkConnectionEnabled: false, pageLoadStrategy: normal, platformName: windows, proxy: Proxy(), se:cdp: ws://localhost:63773/devtoo..., se:cdpVersion: 123.0.6312.124, setWindowRect: true, strictFileInteractability: false, timeouts: {implicit: 0, pageLoad: 300000, script: 30000}, unhandledPromptBehavior: dismiss and notify, webauthn:extension:credBlob: true, webauthn:extension:largeBlob: true, webauthn:extension:minPinLength: true, webauthn:extension:prf: true, webauthn:virtualAuthenticators: true}\nElement: [[ChromeDriver: chrome on windows (2d77c19b729109397836560b79e0530e)] -> xpath: //span[normalize-space()='User']]\nSession ID: 2d77c19b729109397836560b79e0530e","trace":"org.openqa.selenium.ElementClickInterceptedException: element click intercepted: Element <span class=\"ng-tns-c78-0 ng-star-inserted\">...</span> is not clickable at point (462, 411). Other element would receive the click: <input _ngcontent-nic-c85=\"\" id=\"username\" matinput=\"\" formcontrolname=\"userLoginEmailId\" required=\"\" class=\"mat-input-element mat-form-field-autofill-control ng-tns-c78-0 ng-untouched ng-pristine ng-invalid cdk-text-field-autofill-monitored\" data-placeholder=\"User\" aria-invalid=\"false\" aria-required=\"true\">\n  (Session info: chrome=123.0.6312.124)\nBuild info: version: '4.16.1', revision: '9b4c83354e'\nSystem info: os.name: 'Windows 11', os.arch: 'amd64', os.version: '10.0', java.version: '20.0.2'\nDriver info: org.openqa.selenium.chrome.ChromeDriver\nCommand: [2d77c19b729109397836560b79e0530e, clickElement {id=f.E3055B586E07FF6479CEFBFEFA08697A.d.CB6D3017D3D443D663A1873E52724B21.e.76}]\nCapabilities {acceptInsecureCerts: false, browserName: chrome, browserVersion: 123.0.6312.124, chrome: {chromedriverVersion: 123.0.6312.122 (31f8248cdd9..., userDataDir: C:\\Users\\patil\\AppData\\Loca...}, fedcm:accounts: true, goog:chromeOptions: {debuggerAddress: localhost:63773}, networkConnectionEnabled: false, pageLoadStrategy: normal, platformName: windows, proxy: Proxy(), se:cdp: ws://localhost:63773/devtoo..., se:cdpVersion: 123.0.6312.124, setWindowRect: true, strictFileInteractability: false, timeouts: {implicit: 0, pageLoad: 300000, script: 30000}, unhandledPromptBehavior: dismiss and notify, webauthn:extension:credBlob: true, webauthn:extension:largeBlob: true, webauthn:extension:minPinLength: true, webauthn:extension:prf: true, webauthn:virtualAuthenticators: true}\nElement: [[ChromeDriver: chrome on windows (2d77c19b729109397836560b79e0530e)] -> xpath: //span[normalize-space()='User']]\nSession ID: 2d77c19b729109397836560b79e0530e\r\n\tat java.base/jdk.internal.reflect.DirectConstructorHandleAccessor.newInstance(DirectConstructorHandleAccessor.java:67)\r\n\tat java.base/java.lang.reflect.Constructor.newInstanceWithCaller(Constructor.java:500)\r\n\tat java.base/java.lang.reflect.Constructor.newInstance(Constructor.java:484)\r\n\tat org.openqa.selenium.remote.codec.w3c.W3CHttpResponseCodec.createException(W3CHttpResponseCodec.java:200)\r\n\tat org.openqa.selenium.remote.codec.w3c.W3CHttpResponseCodec.decode(W3CHttpResponseCodec.java:133)\r\n\tat org.openqa.selenium.remote.codec.w3c.W3CHttpResponseCodec.decode(W3CHttpResponseCodec.java:52)\r\n\tat org.openqa.selenium.remote.HttpCommandExecutor.execute(HttpCommandExecutor.java:191)\r\n\tat org.openqa.selenium.remote.service.DriverCommandExecutor.invokeExecute(DriverCommandExecutor.java:200)\r\n\tat org.openqa.selenium.remote.service.DriverCommandExecutor.execute(DriverCommandExecutor.java:175)\r\n\tat org.openqa.selenium.remote.RemoteWebDriver.execute(RemoteWebDriver.java:523)\r\n\tat org.openqa.selenium.remote.RemoteWebElement.execute(RemoteWebElement.java:224)\r\n\tat org.openqa.selenium.remote.RemoteWebElement.click(RemoteWebElement.java:77)\r\n\tat PageObjects.AssignStaffPage.clickOnUserTab(AssignStaffPage.java:28)\r\n\tat StepDefinitions.AssignStaffSteps.admin_is_on_manage_user_page(AssignStaffSteps.java:24)\r\n\tat ✽.admin is on Manage User Page(file:///C:/Users/patil/git/Team17_Testing_Squad/src/test/resources/Features/05_8AssignStaffUser.feature:6)\r\n"},"stage":"finished","steps":[{"name":"Given  admin is on Manage User Page","status":"broken","statusDetails":{"known":false,"muted":false,"flaky":false,"message":"element click intercepted: Element <span class=\"ng-tns-c78-0 ng-star-inserted\">...</span> is not clickable at point (462, 411). Other element would receive the click: <input _ngcontent-nic-c85=\"\" id=\"username\" matinput=\"\" formcontrolname=\"userLoginEmailId\" required=\"\" class=\"mat-input-element mat-form-field-autofill-control ng-tns-c78-0 ng-untouched ng-pristine ng-invalid cdk-text-field-autofill-monitored\" data-placeholder=\"User\" aria-invalid=\"false\" aria-required=\"true\">\n  (Session info: chrome=123.0.6312.124)\nBuild info: version: '4.16.1', revision: '9b4c83354e'\nSystem info: os.name: 'Windows 11', os.arch: 'amd64', os.version: '10.0', java.version: '20.0.2'\nDriver info: org.openqa.selenium.chrome.ChromeDriver\nCommand: [2d77c19b729109397836560b79e0530e, clickElement {id=f.E3055B586E07FF6479CEFBFEFA08697A.d.CB6D3017D3D443D663A1873E52724B21.e.76}]\nCapabilities {acceptInsecureCerts: false, browserName: chrome, browserVersion: 123.0.6312.124, chrome: {chromedriverVersion: 123.0.6312.122 (31f8248cdd9..., userDataDir: C:\\Users\\patil\\AppData\\Loca...}, fedcm:accounts: true, goog:chromeOptions: {debuggerAddress: localhost:63773}, networkConnectionEnabled: false, pageLoadStrategy: normal, platformName: windows, proxy: Proxy(), se:cdp: ws://localhost:63773/devtoo..., se:cdpVersion: 123.0.6312.124, setWindowRect: true, strictFileInteractability: false, timeouts: {implicit: 0, pageLoad: 300000, script: 30000}, unhandledPromptBehavior: dismiss and notify, webauthn:extension:credBlob: true, webauthn:extension:largeBlob: true, webauthn:extension:minPinLength: true, webauthn:extension:prf: true, webauthn:virtualAuthenticators: true}\nElement: [[ChromeDriver: chrome on windows (2d77c19b729109397836560b79e0530e)] -> xpath: //span[normalize-space()='User']]\nSession ID: 2d77c19b729109397836560b79e0530e","trace":"org.openqa.selenium.ElementClickInterceptedException: element click intercepted: Element <span class=\"ng-tns-c78-0 ng-star-inserted\">...</span> is not clickable at point (462, 411). Other element would receive the click: <input _ngcontent-nic-c85=\"\" id=\"username\" matinput=\"\" formcontrolname=\"userLoginEmailId\" required=\"\" class=\"mat-input-element mat-form-field-autofill-control ng-tns-c78-0 ng-untouched ng-pristine ng-invalid cdk-text-field-autofill-monitored\" data-placeholder=\"User\" aria-invalid=\"false\" aria-required=\"true\">\n  (Session info: chrome=123.0.6312.124)\nBuild info: version: '4.16.1', revision: '9b4c83354e'\nSystem info: os.name: 'Windows 11', os.arch: 'amd64', os.version: '10.0', java.version: '20.0.2'\nDriver info: org.openqa.selenium.chrome.ChromeDriver\nCommand: [2d77c19b729109397836560b79e0530e, clickElement {id=f.E3055B586E07FF6479CEFBFEFA08697A.d.CB6D3017D3D443D663A1873E52724B21.e.76}]\nCapabilities {acceptInsecureCerts: false, browserName: chrome, browserVersion: 123.0.6312.124, chrome: {chromedriverVersion: 123.0.6312.122 (31f8248cdd9..., userDataDir: C:\\Users\\patil\\AppData\\Loca...}, fedcm:accounts: true, goog:chromeOptions: {debuggerAddress: localhost:63773}, networkConnectionEnabled: false, pageLoadStrategy: normal, platformName: windows, proxy: Proxy(), se:cdp: ws://localhost:63773/devtoo..., se:cdpVersion: 123.0.6312.124, setWindowRect: true, strictFileInteractability: false, timeouts: {implicit: 0, pageLoad: 300000, script: 30000}, unhandledPromptBehavior: dismiss and notify, webauthn:extension:credBlob: true, webauthn:extension:largeBlob: true, webauthn:extension:minPinLength: true, webauthn:extension:prf: true, webauthn:virtualAuthenticators: true}\nElement: [[ChromeDriver: chrome on windows (2d77c19b729109397836560b79e0530e)] -> xpath: //span[normalize-space()='User']]\nSession ID: 2d77c19b729109397836560b79e0530e\r\n\tat java.base/jdk.internal.reflect.DirectConstructorHandleAccessor.newInstance(DirectConstructorHandleAccessor.java:67)\r\n\tat java.base/java.lang.reflect.Constructor.newInstanceWithCaller(Constructor.java:500)\r\n\tat java.base/java.lang.reflect.Constructor.newInstance(Constructor.java:484)\r\n\tat org.openqa.selenium.remote.codec.w3c.W3CHttpResponseCodec.createException(W3CHttpResponseCodec.java:200)\r\n\tat org.openqa.selenium.remote.codec.w3c.W3CHttpResponseCodec.decode(W3CHttpResponseCodec.java:133)\r\n\tat org.openqa.selenium.remote.codec.w3c.W3CHttpResponseCodec.decode(W3CHttpResponseCodec.java:52)\r\n\tat org.openqa.selenium.remote.HttpCommandExecutor.execute(HttpCommandExecutor.java:191)\r\n\tat org.openqa.selenium.remote.service.DriverCommandExecutor.invokeExecute(DriverCommandExecutor.java:200)\r\n\tat org.openqa.selenium.remote.service.DriverCommandExecutor.execute(DriverCommandExecutor.java:175)\r\n\tat org.openqa.selenium.remote.RemoteWebDriver.execute(RemoteWebDriver.java:523)\r\n\tat org.openqa.selenium.remote.RemoteWebElement.execute(RemoteWebElement.java:224)\r\n\tat org.openqa.selenium.remote.RemoteWebElement.click(RemoteWebElement.java:77)\r\n\tat PageObjects.AssignStaffPage.clickOnUserTab(AssignStaffPage.java:28)\r\n\tat StepDefinitions.AssignStaffSteps.admin_is_on_manage_user_page(AssignStaffSteps.java:24)\r\n\tat ✽.admin is on Manage User Page(file:///C:/Users/patil/git/Team17_Testing_Squad/src/test/resources/Features/05_8AssignStaffUser.feature:6)\r\n"},"stage":"finished","steps":[],"attachments":[],"parameters":[],"start":1714611843837,"stop":1714611847178},{"name":"When  admin clicks on \"Assign Staff\" button","status":"skipped","statusDetails":{"known":false,"muted":false,"flaky":false},"stage":"finished","steps":[],"attachments":[],"parameters":[],"start":1714611847183,"stop":1714611847183},{"name":"Then  admin should see a pop up open","status":"skipped","statusDetails":{"known":false,"muted":false,"flaky":false},"stage":"finished","steps":[],"attachments":[],"parameters":[],"start":1714611847184,"stop":1714611847184}],"attachments":[],"parameters":[],"start":1714611843831,"stop":1714611847367}