{"uuid":"32275653-2df1-4757-ae62-7a5a43c8584d","historyId":"2cd4d5319f550e800e46ff40868176da","fullName":"Delete Multiple Users: Check for single row delete","labels":[{"name":"tag","value":"tag2"},{"name":"host","value":"DESKTOP-QJMPL75"},{"name":"thread","value":"43164@DESKTOP-QJMPL75.main(1)"},{"name":"feature","value":"Delete Multiple Users"},{"name":"story","value":"Check for single row delete"},{"name":"suite","value":"Delete Multiple Users"},{"name":"testClass","value":"Check for single row delete"},{"name":"framework","value":"cucumber4jvm"},{"name":"language","value":"java"},{"name":"gherkin_uri","value":"file:///C:/Users/patil/git/Team17_Testing_Squad/src/test/resources/Features/05MultipleDeleteUser.feature"},{"name":"package","value":"src.test.resources.Features.05MultipleDeleteUser_feature.Delete Multiple Users"}],"links":[],"name":"Check for single row delete","status":"broken","statusDetails":{"known":false,"muted":false,"flaky":false,"message":"element click intercepted: Element <button type=\"button\" pripple=\"\" class=\"p-paginator-last p-paginator-element p-link p-ripple ng-star-inserted\">...</button> is not clickable at point (1098, 323). Other element would receive the click: <td _ngcontent-yhu-c153=\"\">...</td>\n  (Session info: chrome=123.0.6312.124)\nBuild info: version: '4.16.1', revision: '9b4c83354e'\nSystem info: os.name: 'Windows 11', os.arch: 'amd64', os.version: '10.0', java.version: '20.0.2'\nDriver info: org.openqa.selenium.chrome.ChromeDriver\nCommand: [2e434c6de52b1ab376b495e54e87be66, clickElement {id=f.F716D98EECF1BE467E7DD81724A182A7.d.F9A989753BF6BDF61DD93D7A35D8D7EF.e.65}]\nCapabilities {acceptInsecureCerts: false, browserName: chrome, browserVersion: 123.0.6312.124, chrome: {chromedriverVersion: 123.0.6312.122 (31f8248cdd9..., userDataDir: C:\\Users\\patil\\AppData\\Loca...}, fedcm:accounts: true, goog:chromeOptions: {debuggerAddress: localhost:60011}, networkConnectionEnabled: false, pageLoadStrategy: normal, platformName: windows, proxy: Proxy(), se:cdp: ws://localhost:60011/devtoo..., se:cdpVersion: 123.0.6312.124, setWindowRect: true, strictFileInteractability: false, timeouts: {implicit: 0, pageLoad: 300000, script: 30000}, unhandledPromptBehavior: dismiss and notify, webauthn:extension:credBlob: true, webauthn:extension:largeBlob: true, webauthn:extension:minPinLength: true, webauthn:extension:prf: true, webauthn:virtualAuthenticators: true}\nElement: [[ChromeDriver: chrome on windows (2e434c6de52b1ab376b495e54e87be66)] -> xpath: /html/body/app-root/app-user/div/mat-card/mat-card-content/p-table/div/p-paginator/div/button[4]]\nSession ID: 2e434c6de52b1ab376b495e54e87be66","trace":"org.openqa.selenium.ElementClickInterceptedException: element click intercepted: Element <button type=\"button\" pripple=\"\" class=\"p-paginator-last p-paginator-element p-link p-ripple ng-star-inserted\">...</button> is not clickable at point (1098, 323). Other element would receive the click: <td _ngcontent-yhu-c153=\"\">...</td>\n  (Session info: chrome=123.0.6312.124)\nBuild info: version: '4.16.1', revision: '9b4c83354e'\nSystem info: os.name: 'Windows 11', os.arch: 'amd64', os.version: '10.0', java.version: '20.0.2'\nDriver info: org.openqa.selenium.chrome.ChromeDriver\nCommand: [2e434c6de52b1ab376b495e54e87be66, clickElement {id=f.F716D98EECF1BE467E7DD81724A182A7.d.F9A989753BF6BDF61DD93D7A35D8D7EF.e.65}]\nCapabilities {acceptInsecureCerts: false, browserName: chrome, browserVersion: 123.0.6312.124, chrome: {chromedriverVersion: 123.0.6312.122 (31f8248cdd9..., userDataDir: C:\\Users\\patil\\AppData\\Loca...}, fedcm:accounts: true, goog:chromeOptions: {debuggerAddress: localhost:60011}, networkConnectionEnabled: false, pageLoadStrategy: normal, platformName: windows, proxy: Proxy(), se:cdp: ws://localhost:60011/devtoo..., se:cdpVersion: 123.0.6312.124, setWindowRect: true, strictFileInteractability: false, timeouts: {implicit: 0, pageLoad: 300000, script: 30000}, unhandledPromptBehavior: dismiss and notify, webauthn:extension:credBlob: true, webauthn:extension:largeBlob: true, webauthn:extension:minPinLength: true, webauthn:extension:prf: true, webauthn:virtualAuthenticators: true}\nElement: [[ChromeDriver: chrome on windows (2e434c6de52b1ab376b495e54e87be66)] -> xpath: /html/body/app-root/app-user/div/mat-card/mat-card-content/p-table/div/p-paginator/div/button[4]]\nSession ID: 2e434c6de52b1ab376b495e54e87be66\r\n\tat java.base/jdk.internal.reflect.DirectConstructorHandleAccessor.newInstance(DirectConstructorHandleAccessor.java:67)\r\n\tat java.base/java.lang.reflect.Constructor.newInstanceWithCaller(Constructor.java:500)\r\n\tat java.base/java.lang.reflect.Constructor.newInstance(Constructor.java:484)\r\n\tat org.openqa.selenium.remote.codec.w3c.W3CHttpResponseCodec.createException(W3CHttpResponseCodec.java:200)\r\n\tat org.openqa.selenium.remote.codec.w3c.W3CHttpResponseCodec.decode(W3CHttpResponseCodec.java:133)\r\n\tat org.openqa.selenium.remote.codec.w3c.W3CHttpResponseCodec.decode(W3CHttpResponseCodec.java:52)\r\n\tat org.openqa.selenium.remote.HttpCommandExecutor.execute(HttpCommandExecutor.java:191)\r\n\tat org.openqa.selenium.remote.service.DriverCommandExecutor.invokeExecute(DriverCommandExecutor.java:200)\r\n\tat org.openqa.selenium.remote.service.DriverCommandExecutor.execute(DriverCommandExecutor.java:175)\r\n\tat org.openqa.selenium.remote.RemoteWebDriver.execute(RemoteWebDriver.java:523)\r\n\tat org.openqa.selenium.remote.RemoteWebElement.execute(RemoteWebElement.java:224)\r\n\tat org.openqa.selenium.remote.RemoteWebElement.click(RemoteWebElement.java:77)\r\n\tat PageObjects.DeleteMultipleUsers.clicksingleicon(DeleteMultipleUsers.java:44)\r\n\tat StepDefinitions.DeleteMultipleUsersSteps.one_of_the_checkbox_row_is_selected(DeleteMultipleUsersSteps.java:35)\r\n\tat ✽.One of the checkbox/ row is selected(file:///C:/Users/patil/git/Team17_Testing_Squad/src/test/resources/Features/05MultipleDeleteUser.feature:10)\r\n"},"stage":"finished","steps":[{"name":"Given  One of the checkbox/ row is selected","status":"broken","statusDetails":{"known":false,"muted":false,"flaky":false,"message":"element click intercepted: Element <button type=\"button\" pripple=\"\" class=\"p-paginator-last p-paginator-element p-link p-ripple ng-star-inserted\">...</button> is not clickable at point (1098, 323). Other element would receive the click: <td _ngcontent-yhu-c153=\"\">...</td>\n  (Session info: chrome=123.0.6312.124)\nBuild info: version: '4.16.1', revision: '9b4c83354e'\nSystem info: os.name: 'Windows 11', os.arch: 'amd64', os.version: '10.0', java.version: '20.0.2'\nDriver info: org.openqa.selenium.chrome.ChromeDriver\nCommand: [2e434c6de52b1ab376b495e54e87be66, clickElement {id=f.F716D98EECF1BE467E7DD81724A182A7.d.F9A989753BF6BDF61DD93D7A35D8D7EF.e.65}]\nCapabilities {acceptInsecureCerts: false, browserName: chrome, browserVersion: 123.0.6312.124, chrome: {chromedriverVersion: 123.0.6312.122 (31f8248cdd9..., userDataDir: C:\\Users\\patil\\AppData\\Loca...}, fedcm:accounts: true, goog:chromeOptions: {debuggerAddress: localhost:60011}, networkConnectionEnabled: false, pageLoadStrategy: normal, platformName: windows, proxy: Proxy(), se:cdp: ws://localhost:60011/devtoo..., se:cdpVersion: 123.0.6312.124, setWindowRect: true, strictFileInteractability: false, timeouts: {implicit: 0, pageLoad: 300000, script: 30000}, unhandledPromptBehavior: dismiss and notify, webauthn:extension:credBlob: true, webauthn:extension:largeBlob: true, webauthn:extension:minPinLength: true, webauthn:extension:prf: true, webauthn:virtualAuthenticators: true}\nElement: [[ChromeDriver: chrome on windows (2e434c6de52b1ab376b495e54e87be66)] -> xpath: /html/body/app-root/app-user/div/mat-card/mat-card-content/p-table/div/p-paginator/div/button[4]]\nSession ID: 2e434c6de52b1ab376b495e54e87be66","trace":"org.openqa.selenium.ElementClickInterceptedException: element click intercepted: Element <button type=\"button\" pripple=\"\" class=\"p-paginator-last p-paginator-element p-link p-ripple ng-star-inserted\">...</button> is not clickable at point (1098, 323). Other element would receive the click: <td _ngcontent-yhu-c153=\"\">...</td>\n  (Session info: chrome=123.0.6312.124)\nBuild info: version: '4.16.1', revision: '9b4c83354e'\nSystem info: os.name: 'Windows 11', os.arch: 'amd64', os.version: '10.0', java.version: '20.0.2'\nDriver info: org.openqa.selenium.chrome.ChromeDriver\nCommand: [2e434c6de52b1ab376b495e54e87be66, clickElement {id=f.F716D98EECF1BE467E7DD81724A182A7.d.F9A989753BF6BDF61DD93D7A35D8D7EF.e.65}]\nCapabilities {acceptInsecureCerts: false, browserName: chrome, browserVersion: 123.0.6312.124, chrome: {chromedriverVersion: 123.0.6312.122 (31f8248cdd9..., userDataDir: C:\\Users\\patil\\AppData\\Loca...}, fedcm:accounts: true, goog:chromeOptions: {debuggerAddress: localhost:60011}, networkConnectionEnabled: false, pageLoadStrategy: normal, platformName: windows, proxy: Proxy(), se:cdp: ws://localhost:60011/devtoo..., se:cdpVersion: 123.0.6312.124, setWindowRect: true, strictFileInteractability: false, timeouts: {implicit: 0, pageLoad: 300000, script: 30000}, unhandledPromptBehavior: dismiss and notify, webauthn:extension:credBlob: true, webauthn:extension:largeBlob: true, webauthn:extension:minPinLength: true, webauthn:extension:prf: true, webauthn:virtualAuthenticators: true}\nElement: [[ChromeDriver: chrome on windows (2e434c6de52b1ab376b495e54e87be66)] -> xpath: /html/body/app-root/app-user/div/mat-card/mat-card-content/p-table/div/p-paginator/div/button[4]]\nSession ID: 2e434c6de52b1ab376b495e54e87be66\r\n\tat java.base/jdk.internal.reflect.DirectConstructorHandleAccessor.newInstance(DirectConstructorHandleAccessor.java:67)\r\n\tat java.base/java.lang.reflect.Constructor.newInstanceWithCaller(Constructor.java:500)\r\n\tat java.base/java.lang.reflect.Constructor.newInstance(Constructor.java:484)\r\n\tat org.openqa.selenium.remote.codec.w3c.W3CHttpResponseCodec.createException(W3CHttpResponseCodec.java:200)\r\n\tat org.openqa.selenium.remote.codec.w3c.W3CHttpResponseCodec.decode(W3CHttpResponseCodec.java:133)\r\n\tat org.openqa.selenium.remote.codec.w3c.W3CHttpResponseCodec.decode(W3CHttpResponseCodec.java:52)\r\n\tat org.openqa.selenium.remote.HttpCommandExecutor.execute(HttpCommandExecutor.java:191)\r\n\tat org.openqa.selenium.remote.service.DriverCommandExecutor.invokeExecute(DriverCommandExecutor.java:200)\r\n\tat org.openqa.selenium.remote.service.DriverCommandExecutor.execute(DriverCommandExecutor.java:175)\r\n\tat org.openqa.selenium.remote.RemoteWebDriver.execute(RemoteWebDriver.java:523)\r\n\tat org.openqa.selenium.remote.RemoteWebElement.execute(RemoteWebElement.java:224)\r\n\tat org.openqa.selenium.remote.RemoteWebElement.click(RemoteWebElement.java:77)\r\n\tat PageObjects.DeleteMultipleUsers.clicksingleicon(DeleteMultipleUsers.java:44)\r\n\tat StepDefinitions.DeleteMultipleUsersSteps.one_of_the_checkbox_row_is_selected(DeleteMultipleUsersSteps.java:35)\r\n\tat ✽.One of the checkbox/ row is selected(file:///C:/Users/patil/git/Team17_Testing_Squad/src/test/resources/Features/05MultipleDeleteUser.feature:10)\r\n"},"stage":"finished","steps":[],"attachments":[],"parameters":[],"start":1714578991079,"stop":1714578992181},{"name":"When  Click delete icon below 'Manage User' header","status":"skipped","statusDetails":{"known":false,"muted":false,"flaky":false},"stage":"finished","steps":[],"attachments":[],"parameters":[],"start":1714578992183,"stop":1714578992184},{"name":"Then  The respective row in the table is deleted","status":"skipped","statusDetails":{"known":false,"muted":false,"flaky":false},"stage":"finished","steps":[],"attachments":[],"parameters":[],"start":1714578992184,"stop":1714578992185}],"attachments":[],"parameters":[],"start":1714578991079,"stop":1714578992333}