{"uuid":"5a041ce8-ccb2-42db-bbb0-c09ebc595ed4","historyId":"55c3103555b0b0d2a63bcba7f1496150","fullName":"User Details Popup Validation: Validate Cancel button on User Details form","labels":[{"name":"host","value":"DESKTOP-QPCBQJB"},{"name":"thread","value":"28244@DESKTOP-QPCBQJB.main(1)"},{"name":"feature","value":"User Details Popup Validation"},{"name":"story","value":"Validate Cancel button on User Details form"},{"name":"suite","value":"User Details Popup Validation"},{"name":"testClass","value":"Validate Cancel button on User Details form"},{"name":"framework","value":"cucumber4jvm"},{"name":"language","value":"java"},{"name":"gherkin_uri","value":"file:///C:/Users/nsatc/git/Team17_Testing_Squad/src/test/resources/Features/05_2addUser.feature"},{"name":"package","value":"src.test.resources.Features.05_2addUser_feature.User Details Popup Validation"}],"links":[],"name":"Validate Cancel button on User Details form","status":"broken","statusDetails":{"known":false,"muted":false,"flaky":false,"message":"element click intercepted: Element <button _ngcontent-gad-c153=\"\" pbutton=\"\" pripple=\"\" id=\"new\" label=\"Add New User\" icon=\"pi pi-plus\" class=\"p-button-rounded p-button-success p-button p-component\">...</button> is not clickable at point (658, 166). Other element would receive the click: <div class=\"mat-form-field-flex ng-tns-c78-48\">...</div>\n  (Session info: chrome=124.0.6367.79)\nBuild info: version: '4.9.1', revision: 'eb2032df7f'\nSystem info: os.name: 'Windows 11', os.arch: 'amd64', os.version: '10.0', java.version: '21.0.1'\nDriver info: org.openqa.selenium.chrome.ChromeDriver\nCommand: [075ac657386fd25380954bb9b6e33bea, clickElement {id=f.9FC15E51B7DF90718C4CC5B69FF39DCF.d.1AE7883617EFE41CE877546C439BAF89.e.1826}]\nCapabilities {acceptInsecureCerts: false, browserName: chrome, browserVersion: 124.0.6367.79, chrome: {chromedriverVersion: 124.0.6367.91 (51df0e5e17a8..., userDataDir: C:\\Users\\nsatc\\AppData\\Loca...}, fedcm:accounts: true, goog:chromeOptions: {debuggerAddress: localhost:49479}, networkConnectionEnabled: false, pageLoadStrategy: normal, platformName: windows, proxy: Proxy(), se:cdp: ws://localhost:49479/devtoo..., se:cdpVersion: 124.0.6367.79, setWindowRect: true, strictFileInteractability: false, timeouts: {implicit: 0, pageLoad: 300000, script: 30000}, unhandledPromptBehavior: dismiss and notify, webauthn:extension:credBlob: true, webauthn:extension:largeBlob: true, webauthn:extension:minPinLength: true, webauthn:extension:prf: true, webauthn:virtualAuthenticators: true}\nElement: [[ChromeDriver: chrome on windows (075ac657386fd25380954bb9b6e33bea)] -> id: new]\nSession ID: 075ac657386fd25380954bb9b6e33bea","trace":"org.openqa.selenium.ElementClickInterceptedException: element click intercepted: Element <button _ngcontent-gad-c153=\"\" pbutton=\"\" pripple=\"\" id=\"new\" label=\"Add New User\" icon=\"pi pi-plus\" class=\"p-button-rounded p-button-success p-button p-component\">...</button> is not clickable at point (658, 166). Other element would receive the click: <div class=\"mat-form-field-flex ng-tns-c78-48\">...</div>\n  (Session info: chrome=124.0.6367.79)\nBuild info: version: '4.9.1', revision: 'eb2032df7f'\nSystem info: os.name: 'Windows 11', os.arch: 'amd64', os.version: '10.0', java.version: '21.0.1'\nDriver info: org.openqa.selenium.chrome.ChromeDriver\nCommand: [075ac657386fd25380954bb9b6e33bea, clickElement {id=f.9FC15E51B7DF90718C4CC5B69FF39DCF.d.1AE7883617EFE41CE877546C439BAF89.e.1826}]\nCapabilities {acceptInsecureCerts: false, browserName: chrome, browserVersion: 124.0.6367.79, chrome: {chromedriverVersion: 124.0.6367.91 (51df0e5e17a8..., userDataDir: C:\\Users\\nsatc\\AppData\\Loca...}, fedcm:accounts: true, goog:chromeOptions: {debuggerAddress: localhost:49479}, networkConnectionEnabled: false, pageLoadStrategy: normal, platformName: windows, proxy: Proxy(), se:cdp: ws://localhost:49479/devtoo..., se:cdpVersion: 124.0.6367.79, setWindowRect: true, strictFileInteractability: false, timeouts: {implicit: 0, pageLoad: 300000, script: 30000}, unhandledPromptBehavior: dismiss and notify, webauthn:extension:credBlob: true, webauthn:extension:largeBlob: true, webauthn:extension:minPinLength: true, webauthn:extension:prf: true, webauthn:virtualAuthenticators: true}\nElement: [[ChromeDriver: chrome on windows (075ac657386fd25380954bb9b6e33bea)] -> id: new]\nSession ID: 075ac657386fd25380954bb9b6e33bea\r\n\tat java.base/jdk.internal.reflect.DirectConstructorHandleAccessor.newInstance(DirectConstructorHandleAccessor.java:62)\r\n\tat java.base/java.lang.reflect.Constructor.newInstanceWithCaller(Constructor.java:502)\r\n\tat java.base/java.lang.reflect.Constructor.newInstance(Constructor.java:486)\r\n\tat org.openqa.selenium.remote.codec.w3c.W3CHttpResponseCodec.createException(W3CHttpResponseCodec.java:200)\r\n\tat org.openqa.selenium.remote.codec.w3c.W3CHttpResponseCodec.decode(W3CHttpResponseCodec.java:133)\r\n\tat org.openqa.selenium.remote.codec.w3c.W3CHttpResponseCodec.decode(W3CHttpResponseCodec.java:53)\r\n\tat org.openqa.selenium.remote.HttpCommandExecutor.execute(HttpCommandExecutor.java:193)\r\n\tat org.openqa.selenium.remote.service.DriverCommandExecutor.invokeExecute(DriverCommandExecutor.java:183)\r\n\tat org.openqa.selenium.remote.service.DriverCommandExecutor.execute(DriverCommandExecutor.java:158)\r\n\tat org.openqa.selenium.remote.RemoteWebDriver.execute(RemoteWebDriver.java:543)\r\n\tat org.openqa.selenium.remote.RemoteWebElement.execute(RemoteWebElement.java:257)\r\n\tat org.openqa.selenium.remote.RemoteWebElement.click(RemoteWebElement.java:78)\r\n\tat PageObjects.addUserPage.clickAddNewUser(addUserPage.java:75)\r\n\tat StepDefinitions.AddUserPageSteps.admin_should_click(AddUserPageSteps.java:37)\r\n\tat ✽.Admin should click \"+ A New User\"(file:///C:/Users/nsatc/git/Team17_Testing_Squad/src/test/resources/Features/05_2addUser.feature:88)\r\n"},"stage":"finished","steps":[{"name":"Given  Admin should click \"+ A New User\"","status":"broken","statusDetails":{"known":false,"muted":false,"flaky":false,"message":"element click intercepted: Element <button _ngcontent-gad-c153=\"\" pbutton=\"\" pripple=\"\" id=\"new\" label=\"Add New User\" icon=\"pi pi-plus\" class=\"p-button-rounded p-button-success p-button p-component\">...</button> is not clickable at point (658, 166). Other element would receive the click: <div class=\"mat-form-field-flex ng-tns-c78-48\">...</div>\n  (Session info: chrome=124.0.6367.79)\nBuild info: version: '4.9.1', revision: 'eb2032df7f'\nSystem info: os.name: 'Windows 11', os.arch: 'amd64', os.version: '10.0', java.version: '21.0.1'\nDriver info: org.openqa.selenium.chrome.ChromeDriver\nCommand: [075ac657386fd25380954bb9b6e33bea, clickElement {id=f.9FC15E51B7DF90718C4CC5B69FF39DCF.d.1AE7883617EFE41CE877546C439BAF89.e.1826}]\nCapabilities {acceptInsecureCerts: false, browserName: chrome, browserVersion: 124.0.6367.79, chrome: {chromedriverVersion: 124.0.6367.91 (51df0e5e17a8..., userDataDir: C:\\Users\\nsatc\\AppData\\Loca...}, fedcm:accounts: true, goog:chromeOptions: {debuggerAddress: localhost:49479}, networkConnectionEnabled: false, pageLoadStrategy: normal, platformName: windows, proxy: Proxy(), se:cdp: ws://localhost:49479/devtoo..., se:cdpVersion: 124.0.6367.79, setWindowRect: true, strictFileInteractability: false, timeouts: {implicit: 0, pageLoad: 300000, script: 30000}, unhandledPromptBehavior: dismiss and notify, webauthn:extension:credBlob: true, webauthn:extension:largeBlob: true, webauthn:extension:minPinLength: true, webauthn:extension:prf: true, webauthn:virtualAuthenticators: true}\nElement: [[ChromeDriver: chrome on windows (075ac657386fd25380954bb9b6e33bea)] -> id: new]\nSession ID: 075ac657386fd25380954bb9b6e33bea","trace":"org.openqa.selenium.ElementClickInterceptedException: element click intercepted: Element <button _ngcontent-gad-c153=\"\" pbutton=\"\" pripple=\"\" id=\"new\" label=\"Add New User\" icon=\"pi pi-plus\" class=\"p-button-rounded p-button-success p-button p-component\">...</button> is not clickable at point (658, 166). Other element would receive the click: <div class=\"mat-form-field-flex ng-tns-c78-48\">...</div>\n  (Session info: chrome=124.0.6367.79)\nBuild info: version: '4.9.1', revision: 'eb2032df7f'\nSystem info: os.name: 'Windows 11', os.arch: 'amd64', os.version: '10.0', java.version: '21.0.1'\nDriver info: org.openqa.selenium.chrome.ChromeDriver\nCommand: [075ac657386fd25380954bb9b6e33bea, clickElement {id=f.9FC15E51B7DF90718C4CC5B69FF39DCF.d.1AE7883617EFE41CE877546C439BAF89.e.1826}]\nCapabilities {acceptInsecureCerts: false, browserName: chrome, browserVersion: 124.0.6367.79, chrome: {chromedriverVersion: 124.0.6367.91 (51df0e5e17a8..., userDataDir: C:\\Users\\nsatc\\AppData\\Loca...}, fedcm:accounts: true, goog:chromeOptions: {debuggerAddress: localhost:49479}, networkConnectionEnabled: false, pageLoadStrategy: normal, platformName: windows, proxy: Proxy(), se:cdp: ws://localhost:49479/devtoo..., se:cdpVersion: 124.0.6367.79, setWindowRect: true, strictFileInteractability: false, timeouts: {implicit: 0, pageLoad: 300000, script: 30000}, unhandledPromptBehavior: dismiss and notify, webauthn:extension:credBlob: true, webauthn:extension:largeBlob: true, webauthn:extension:minPinLength: true, webauthn:extension:prf: true, webauthn:virtualAuthenticators: true}\nElement: [[ChromeDriver: chrome on windows (075ac657386fd25380954bb9b6e33bea)] -> id: new]\nSession ID: 075ac657386fd25380954bb9b6e33bea\r\n\tat java.base/jdk.internal.reflect.DirectConstructorHandleAccessor.newInstance(DirectConstructorHandleAccessor.java:62)\r\n\tat java.base/java.lang.reflect.Constructor.newInstanceWithCaller(Constructor.java:502)\r\n\tat java.base/java.lang.reflect.Constructor.newInstance(Constructor.java:486)\r\n\tat org.openqa.selenium.remote.codec.w3c.W3CHttpResponseCodec.createException(W3CHttpResponseCodec.java:200)\r\n\tat org.openqa.selenium.remote.codec.w3c.W3CHttpResponseCodec.decode(W3CHttpResponseCodec.java:133)\r\n\tat org.openqa.selenium.remote.codec.w3c.W3CHttpResponseCodec.decode(W3CHttpResponseCodec.java:53)\r\n\tat org.openqa.selenium.remote.HttpCommandExecutor.execute(HttpCommandExecutor.java:193)\r\n\tat org.openqa.selenium.remote.service.DriverCommandExecutor.invokeExecute(DriverCommandExecutor.java:183)\r\n\tat org.openqa.selenium.remote.service.DriverCommandExecutor.execute(DriverCommandExecutor.java:158)\r\n\tat org.openqa.selenium.remote.RemoteWebDriver.execute(RemoteWebDriver.java:543)\r\n\tat org.openqa.selenium.remote.RemoteWebElement.execute(RemoteWebElement.java:257)\r\n\tat org.openqa.selenium.remote.RemoteWebElement.click(RemoteWebElement.java:78)\r\n\tat PageObjects.addUserPage.clickAddNewUser(addUserPage.java:75)\r\n\tat StepDefinitions.AddUserPageSteps.admin_should_click(AddUserPageSteps.java:37)\r\n\tat ✽.Admin should click \"+ A New User\"(file:///C:/Users/nsatc/git/Team17_Testing_Squad/src/test/resources/Features/05_2addUser.feature:88)\r\n"},"stage":"finished","steps":[],"attachments":[],"parameters":[],"start":1714614368205,"stop":1714614369325},{"name":"When  Admin clicks Cancel button","status":"skipped","statusDetails":{"known":false,"muted":false,"flaky":false},"stage":"finished","steps":[],"attachments":[],"parameters":[],"start":1714614369326,"stop":1714614369326},{"name":"Then  User Details popup window should be closed without saving","status":"skipped","statusDetails":{"known":false,"muted":false,"flaky":false},"stage":"finished","steps":[],"attachments":[],"parameters":[],"start":1714614369326,"stop":1714614369326}],"attachments":[],"parameters":[],"start":1714614368205,"stop":1714614369458}