{"uuid":"661d2560-f7df-4f7e-9a21-6aac5afaa3b9","historyId":"a159650a6feab9889a07748e4ef21d1f","fullName":"User Details Popup Validation: Validate Cancel/Close(X) icon on User Details form","labels":[{"name":"host","value":"DESKTOP-QPCBQJB"},{"name":"thread","value":"29200@DESKTOP-QPCBQJB.main(1)"},{"name":"feature","value":"User Details Popup Validation"},{"name":"story","value":"Validate Cancel/Close(X) icon on User Details form"},{"name":"suite","value":"User Details Popup Validation"},{"name":"testClass","value":"Validate Cancel/Close(X) icon on User Details form"},{"name":"framework","value":"cucumber4jvm"},{"name":"language","value":"java"},{"name":"gherkin_uri","value":"file:///C:/Users/nsatc/git/Team17_Testing_Squad/src/test/resources/Features/05_2addUser.feature"},{"name":"package","value":"src.test.resources.Features.05_2addUser_feature.User Details Popup Validation"}],"links":[],"name":"Validate Cancel/Close(X) icon on User Details form","status":"broken","statusDetails":{"known":false,"muted":false,"flaky":false,"message":"element click intercepted: Element <span class=\"p-button-label\">...</span> is not clickable at point (670, 166). Other element would receive the click: <div class=\"mat-form-field-flex ng-tns-c78-49\">...</div>\n  (Session info: chrome=124.0.6367.79)\nBuild info: version: '4.9.1', revision: 'eb2032df7f'\nSystem info: os.name: 'Windows 11', os.arch: 'amd64', os.version: '10.0', java.version: '21.0.1'\nDriver info: org.openqa.selenium.chrome.ChromeDriver\nCommand: [f99340f20792695374912be006a345f2, clickElement {id=f.3C56EA1E1C024E52DFE00511FDD85F13.d.A92084B56A85EDB888393B954E7403E5.e.2098}]\nCapabilities {acceptInsecureCerts: false, browserName: chrome, browserVersion: 124.0.6367.79, chrome: {chromedriverVersion: 124.0.6367.91 (51df0e5e17a8..., userDataDir: C:\\Users\\nsatc\\AppData\\Loca...}, fedcm:accounts: true, goog:chromeOptions: {debuggerAddress: localhost:49221}, networkConnectionEnabled: false, pageLoadStrategy: normal, platformName: windows, proxy: Proxy(), se:cdp: ws://localhost:49221/devtoo..., se:cdpVersion: 124.0.6367.79, setWindowRect: true, strictFileInteractability: false, timeouts: {implicit: 0, pageLoad: 300000, script: 30000}, unhandledPromptBehavior: dismiss and notify, webauthn:extension:credBlob: true, webauthn:extension:largeBlob: true, webauthn:extension:minPinLength: true, webauthn:extension:prf: true, webauthn:virtualAuthenticators: true}\nElement: [[ChromeDriver: chrome on windows (f99340f20792695374912be006a345f2)] -> xpath: //*[@id=\"new\"]/span[2]]\nSession ID: f99340f20792695374912be006a345f2","trace":"org.openqa.selenium.ElementClickInterceptedException: element click intercepted: Element <span class=\"p-button-label\">...</span> is not clickable at point (670, 166). Other element would receive the click: <div class=\"mat-form-field-flex ng-tns-c78-49\">...</div>\n  (Session info: chrome=124.0.6367.79)\nBuild info: version: '4.9.1', revision: 'eb2032df7f'\nSystem info: os.name: 'Windows 11', os.arch: 'amd64', os.version: '10.0', java.version: '21.0.1'\nDriver info: org.openqa.selenium.chrome.ChromeDriver\nCommand: [f99340f20792695374912be006a345f2, clickElement {id=f.3C56EA1E1C024E52DFE00511FDD85F13.d.A92084B56A85EDB888393B954E7403E5.e.2098}]\nCapabilities {acceptInsecureCerts: false, browserName: chrome, browserVersion: 124.0.6367.79, chrome: {chromedriverVersion: 124.0.6367.91 (51df0e5e17a8..., userDataDir: C:\\Users\\nsatc\\AppData\\Loca...}, fedcm:accounts: true, goog:chromeOptions: {debuggerAddress: localhost:49221}, networkConnectionEnabled: false, pageLoadStrategy: normal, platformName: windows, proxy: Proxy(), se:cdp: ws://localhost:49221/devtoo..., se:cdpVersion: 124.0.6367.79, setWindowRect: true, strictFileInteractability: false, timeouts: {implicit: 0, pageLoad: 300000, script: 30000}, unhandledPromptBehavior: dismiss and notify, webauthn:extension:credBlob: true, webauthn:extension:largeBlob: true, webauthn:extension:minPinLength: true, webauthn:extension:prf: true, webauthn:virtualAuthenticators: true}\nElement: [[ChromeDriver: chrome on windows (f99340f20792695374912be006a345f2)] -> xpath: //*[@id=\"new\"]/span[2]]\nSession ID: f99340f20792695374912be006a345f2\r\n\tat java.base/jdk.internal.reflect.DirectConstructorHandleAccessor.newInstance(DirectConstructorHandleAccessor.java:62)\r\n\tat java.base/java.lang.reflect.Constructor.newInstanceWithCaller(Constructor.java:502)\r\n\tat java.base/java.lang.reflect.Constructor.newInstance(Constructor.java:486)\r\n\tat org.openqa.selenium.remote.codec.w3c.W3CHttpResponseCodec.createException(W3CHttpResponseCodec.java:200)\r\n\tat org.openqa.selenium.remote.codec.w3c.W3CHttpResponseCodec.decode(W3CHttpResponseCodec.java:133)\r\n\tat org.openqa.selenium.remote.codec.w3c.W3CHttpResponseCodec.decode(W3CHttpResponseCodec.java:53)\r\n\tat org.openqa.selenium.remote.HttpCommandExecutor.execute(HttpCommandExecutor.java:193)\r\n\tat org.openqa.selenium.remote.service.DriverCommandExecutor.invokeExecute(DriverCommandExecutor.java:183)\r\n\tat org.openqa.selenium.remote.service.DriverCommandExecutor.execute(DriverCommandExecutor.java:158)\r\n\tat org.openqa.selenium.remote.RemoteWebDriver.execute(RemoteWebDriver.java:543)\r\n\tat org.openqa.selenium.remote.RemoteWebElement.execute(RemoteWebElement.java:257)\r\n\tat org.openqa.selenium.remote.RemoteWebElement.click(RemoteWebElement.java:78)\r\n\tat PageObjects.BatchPageVerification.clicknewbatch(BatchPageVerification.java:172)\r\n\tat StepDefinitions.BatchPageSteps.admin_clicks_button(BatchPageSteps.java:76)\r\n\tat ✽.Admin clicks \"+ A New User\" button(file:///C:/Users/nsatc/git/Team17_Testing_Squad/src/test/resources/Features/05_2addUser.feature:77)\r\n"},"stage":"finished","steps":[{"name":"Given  Admin clicks \"+ A New User\" button","status":"broken","statusDetails":{"known":false,"muted":false,"flaky":false,"message":"element click intercepted: Element <span class=\"p-button-label\">...</span> is not clickable at point (670, 166). Other element would receive the click: <div class=\"mat-form-field-flex ng-tns-c78-49\">...</div>\n  (Session info: chrome=124.0.6367.79)\nBuild info: version: '4.9.1', revision: 'eb2032df7f'\nSystem info: os.name: 'Windows 11', os.arch: 'amd64', os.version: '10.0', java.version: '21.0.1'\nDriver info: org.openqa.selenium.chrome.ChromeDriver\nCommand: [f99340f20792695374912be006a345f2, clickElement {id=f.3C56EA1E1C024E52DFE00511FDD85F13.d.A92084B56A85EDB888393B954E7403E5.e.2098}]\nCapabilities {acceptInsecureCerts: false, browserName: chrome, browserVersion: 124.0.6367.79, chrome: {chromedriverVersion: 124.0.6367.91 (51df0e5e17a8..., userDataDir: C:\\Users\\nsatc\\AppData\\Loca...}, fedcm:accounts: true, goog:chromeOptions: {debuggerAddress: localhost:49221}, networkConnectionEnabled: false, pageLoadStrategy: normal, platformName: windows, proxy: Proxy(), se:cdp: ws://localhost:49221/devtoo..., se:cdpVersion: 124.0.6367.79, setWindowRect: true, strictFileInteractability: false, timeouts: {implicit: 0, pageLoad: 300000, script: 30000}, unhandledPromptBehavior: dismiss and notify, webauthn:extension:credBlob: true, webauthn:extension:largeBlob: true, webauthn:extension:minPinLength: true, webauthn:extension:prf: true, webauthn:virtualAuthenticators: true}\nElement: [[ChromeDriver: chrome on windows (f99340f20792695374912be006a345f2)] -> xpath: //*[@id=\"new\"]/span[2]]\nSession ID: f99340f20792695374912be006a345f2","trace":"org.openqa.selenium.ElementClickInterceptedException: element click intercepted: Element <span class=\"p-button-label\">...</span> is not clickable at point (670, 166). Other element would receive the click: <div class=\"mat-form-field-flex ng-tns-c78-49\">...</div>\n  (Session info: chrome=124.0.6367.79)\nBuild info: version: '4.9.1', revision: 'eb2032df7f'\nSystem info: os.name: 'Windows 11', os.arch: 'amd64', os.version: '10.0', java.version: '21.0.1'\nDriver info: org.openqa.selenium.chrome.ChromeDriver\nCommand: [f99340f20792695374912be006a345f2, clickElement {id=f.3C56EA1E1C024E52DFE00511FDD85F13.d.A92084B56A85EDB888393B954E7403E5.e.2098}]\nCapabilities {acceptInsecureCerts: false, browserName: chrome, browserVersion: 124.0.6367.79, chrome: {chromedriverVersion: 124.0.6367.91 (51df0e5e17a8..., userDataDir: C:\\Users\\nsatc\\AppData\\Loca...}, fedcm:accounts: true, goog:chromeOptions: {debuggerAddress: localhost:49221}, networkConnectionEnabled: false, pageLoadStrategy: normal, platformName: windows, proxy: Proxy(), se:cdp: ws://localhost:49221/devtoo..., se:cdpVersion: 124.0.6367.79, setWindowRect: true, strictFileInteractability: false, timeouts: {implicit: 0, pageLoad: 300000, script: 30000}, unhandledPromptBehavior: dismiss and notify, webauthn:extension:credBlob: true, webauthn:extension:largeBlob: true, webauthn:extension:minPinLength: true, webauthn:extension:prf: true, webauthn:virtualAuthenticators: true}\nElement: [[ChromeDriver: chrome on windows (f99340f20792695374912be006a345f2)] -> xpath: //*[@id=\"new\"]/span[2]]\nSession ID: f99340f20792695374912be006a345f2\r\n\tat java.base/jdk.internal.reflect.DirectConstructorHandleAccessor.newInstance(DirectConstructorHandleAccessor.java:62)\r\n\tat java.base/java.lang.reflect.Constructor.newInstanceWithCaller(Constructor.java:502)\r\n\tat java.base/java.lang.reflect.Constructor.newInstance(Constructor.java:486)\r\n\tat org.openqa.selenium.remote.codec.w3c.W3CHttpResponseCodec.createException(W3CHttpResponseCodec.java:200)\r\n\tat org.openqa.selenium.remote.codec.w3c.W3CHttpResponseCodec.decode(W3CHttpResponseCodec.java:133)\r\n\tat org.openqa.selenium.remote.codec.w3c.W3CHttpResponseCodec.decode(W3CHttpResponseCodec.java:53)\r\n\tat org.openqa.selenium.remote.HttpCommandExecutor.execute(HttpCommandExecutor.java:193)\r\n\tat org.openqa.selenium.remote.service.DriverCommandExecutor.invokeExecute(DriverCommandExecutor.java:183)\r\n\tat org.openqa.selenium.remote.service.DriverCommandExecutor.execute(DriverCommandExecutor.java:158)\r\n\tat org.openqa.selenium.remote.RemoteWebDriver.execute(RemoteWebDriver.java:543)\r\n\tat org.openqa.selenium.remote.RemoteWebElement.execute(RemoteWebElement.java:257)\r\n\tat org.openqa.selenium.remote.RemoteWebElement.click(RemoteWebElement.java:78)\r\n\tat PageObjects.BatchPageVerification.clicknewbatch(BatchPageVerification.java:172)\r\n\tat StepDefinitions.BatchPageSteps.admin_clicks_button(BatchPageSteps.java:76)\r\n\tat ✽.Admin clicks \"+ A New User\" button(file:///C:/Users/nsatc/git/Team17_Testing_Squad/src/test/resources/Features/05_2addUser.feature:77)\r\n"},"stage":"finished","steps":[],"attachments":[],"parameters":[],"start":1714612854809,"stop":1714612855950},{"name":"When  Admin clicks Close Icon on User Details form","status":"skipped","statusDetails":{"known":false,"muted":false,"flaky":false},"stage":"finished","steps":[],"attachments":[],"parameters":[],"start":1714612855955,"stop":1714612855956},{"name":"Then  User Details popup window should be closed without saving","status":"skipped","statusDetails":{"known":false,"muted":false,"flaky":false},"stage":"finished","steps":[],"attachments":[],"parameters":[],"start":1714612855957,"stop":1714612855957}],"attachments":[],"parameters":[],"start":1714612854808,"stop":1714612856075}