{"uuid":"79714b28-c167-4cc2-a475-9bdf4feb1743","historyId":"50a36804b114db3d88b9d4174397fc11","fullName":"Assign Student: Validate input fields and their text boxes in Assign Student form","labels":[{"name":"host","value":"DESKTOP-QJMPL75"},{"name":"thread","value":"11148@DESKTOP-QJMPL75.main(1)"},{"name":"feature","value":"Assign Student"},{"name":"story","value":"Validate input fields and their text boxes in Assign Student form"},{"name":"suite","value":"Assign Student"},{"name":"testClass","value":"Validate input fields and their text boxes in Assign Student form"},{"name":"framework","value":"cucumber4jvm"},{"name":"language","value":"java"},{"name":"gherkin_uri","value":"file:///C:/Users/patil/git/Team17_Testing_Squad/src/test/resources/Features/02AssignStudentUser.feature"},{"name":"package","value":"src.test.resources.Features.02AssignStudentUser_feature.Assign Student"}],"links":[],"name":"Validate input fields and their text boxes in Assign Student form","status":"broken","statusDetails":{"known":false,"muted":false,"flaky":false,"message":"element click intercepted: Element <span class=\"p-button-label\">...</span> is not clickable at point (857, 166). Other element would receive the click: <div class=\"ng-tns-c132-8 p-dialog-content\">...</div>\n  (Session info: chrome=123.0.6312.124)\nBuild info: version: '4.16.1', revision: '9b4c83354e'\nSystem info: os.name: 'Windows 11', os.arch: 'amd64', os.version: '10.0', java.version: '20.0.2'\nDriver info: org.openqa.selenium.chrome.ChromeDriver\nCommand: [c02bb146fc04133dda6647ecfb39450d, clickElement {id=f.AE4CBFD7C9979A6D87A141F737D07BA4.d.83F90AC6A0EC6869234C157968D75FCA.e.61}]\nCapabilities {acceptInsecureCerts: false, browserName: chrome, browserVersion: 123.0.6312.124, chrome: {chromedriverVersion: 123.0.6312.122 (31f8248cdd9..., userDataDir: C:\\Users\\patil\\AppData\\Loca...}, fedcm:accounts: true, goog:chromeOptions: {debuggerAddress: localhost:63728}, networkConnectionEnabled: false, pageLoadStrategy: normal, platformName: windows, proxy: Proxy(), se:cdp: ws://localhost:63728/devtoo..., se:cdpVersion: 123.0.6312.124, setWindowRect: true, strictFileInteractability: false, timeouts: {implicit: 0, pageLoad: 300000, script: 30000}, unhandledPromptBehavior: dismiss and notify, webauthn:extension:credBlob: true, webauthn:extension:largeBlob: true, webauthn:extension:minPinLength: true, webauthn:extension:prf: true, webauthn:virtualAuthenticators: true}\nElement: [[ChromeDriver: chrome on windows (c02bb146fc04133dda6647ecfb39450d)] -> xpath: //span[normalize-space()='Assign Student']]\nSession ID: c02bb146fc04133dda6647ecfb39450d","trace":"org.openqa.selenium.ElementClickInterceptedException: element click intercepted: Element <span class=\"p-button-label\">...</span> is not clickable at point (857, 166). Other element would receive the click: <div class=\"ng-tns-c132-8 p-dialog-content\">...</div>\n  (Session info: chrome=123.0.6312.124)\nBuild info: version: '4.16.1', revision: '9b4c83354e'\nSystem info: os.name: 'Windows 11', os.arch: 'amd64', os.version: '10.0', java.version: '20.0.2'\nDriver info: org.openqa.selenium.chrome.ChromeDriver\nCommand: [c02bb146fc04133dda6647ecfb39450d, clickElement {id=f.AE4CBFD7C9979A6D87A141F737D07BA4.d.83F90AC6A0EC6869234C157968D75FCA.e.61}]\nCapabilities {acceptInsecureCerts: false, browserName: chrome, browserVersion: 123.0.6312.124, chrome: {chromedriverVersion: 123.0.6312.122 (31f8248cdd9..., userDataDir: C:\\Users\\patil\\AppData\\Loca...}, fedcm:accounts: true, goog:chromeOptions: {debuggerAddress: localhost:63728}, networkConnectionEnabled: false, pageLoadStrategy: normal, platformName: windows, proxy: Proxy(), se:cdp: ws://localhost:63728/devtoo..., se:cdpVersion: 123.0.6312.124, setWindowRect: true, strictFileInteractability: false, timeouts: {implicit: 0, pageLoad: 300000, script: 30000}, unhandledPromptBehavior: dismiss and notify, webauthn:extension:credBlob: true, webauthn:extension:largeBlob: true, webauthn:extension:minPinLength: true, webauthn:extension:prf: true, webauthn:virtualAuthenticators: true}\nElement: [[ChromeDriver: chrome on windows (c02bb146fc04133dda6647ecfb39450d)] -> xpath: //span[normalize-space()='Assign Student']]\nSession ID: c02bb146fc04133dda6647ecfb39450d\r\n\tat java.base/jdk.internal.reflect.DirectConstructorHandleAccessor.newInstance(DirectConstructorHandleAccessor.java:67)\r\n\tat java.base/java.lang.reflect.Constructor.newInstanceWithCaller(Constructor.java:500)\r\n\tat java.base/java.lang.reflect.Constructor.newInstance(Constructor.java:484)\r\n\tat org.openqa.selenium.remote.codec.w3c.W3CHttpResponseCodec.createException(W3CHttpResponseCodec.java:200)\r\n\tat org.openqa.selenium.remote.codec.w3c.W3CHttpResponseCodec.decode(W3CHttpResponseCodec.java:133)\r\n\tat org.openqa.selenium.remote.codec.w3c.W3CHttpResponseCodec.decode(W3CHttpResponseCodec.java:52)\r\n\tat org.openqa.selenium.remote.HttpCommandExecutor.execute(HttpCommandExecutor.java:191)\r\n\tat org.openqa.selenium.remote.service.DriverCommandExecutor.invokeExecute(DriverCommandExecutor.java:200)\r\n\tat org.openqa.selenium.remote.service.DriverCommandExecutor.execute(DriverCommandExecutor.java:175)\r\n\tat org.openqa.selenium.remote.RemoteWebDriver.execute(RemoteWebDriver.java:523)\r\n\tat org.openqa.selenium.remote.RemoteWebElement.execute(RemoteWebElement.java:224)\r\n\tat org.openqa.selenium.remote.RemoteWebElement.click(RemoteWebElement.java:77)\r\n\tat PageObjects.AssignStudentPage.AssignStudentModule(AssignStudentPage.java:41)\r\n\tat StepDefinitions.AssignStudentSteps.admin_clicks_button(AssignStudentSteps.java:35)\r\n\tat ✽.Admin clicks \"Assign Student\" button(file:///C:/Users/patil/git/Team17_Testing_Squad/src/test/resources/Features/02AssignStudentUser.feature:12)\r\n"},"stage":"finished","steps":[{"name":"Given  Admin is on the Manage User Page","status":"passed","statusDetails":{"known":false,"muted":false,"flaky":false},"stage":"finished","steps":[],"attachments":[],"parameters":[],"start":1714586688587,"stop":1714586688591},{"name":"When  Admin clicks \"Assign Student\" button","status":"broken","statusDetails":{"known":false,"muted":false,"flaky":false,"message":"element click intercepted: Element <span class=\"p-button-label\">...</span> is not clickable at point (857, 166). Other element would receive the click: <div class=\"ng-tns-c132-8 p-dialog-content\">...</div>\n  (Session info: chrome=123.0.6312.124)\nBuild info: version: '4.16.1', revision: '9b4c83354e'\nSystem info: os.name: 'Windows 11', os.arch: 'amd64', os.version: '10.0', java.version: '20.0.2'\nDriver info: org.openqa.selenium.chrome.ChromeDriver\nCommand: [c02bb146fc04133dda6647ecfb39450d, clickElement {id=f.AE4CBFD7C9979A6D87A141F737D07BA4.d.83F90AC6A0EC6869234C157968D75FCA.e.61}]\nCapabilities {acceptInsecureCerts: false, browserName: chrome, browserVersion: 123.0.6312.124, chrome: {chromedriverVersion: 123.0.6312.122 (31f8248cdd9..., userDataDir: C:\\Users\\patil\\AppData\\Loca...}, fedcm:accounts: true, goog:chromeOptions: {debuggerAddress: localhost:63728}, networkConnectionEnabled: false, pageLoadStrategy: normal, platformName: windows, proxy: Proxy(), se:cdp: ws://localhost:63728/devtoo..., se:cdpVersion: 123.0.6312.124, setWindowRect: true, strictFileInteractability: false, timeouts: {implicit: 0, pageLoad: 300000, script: 30000}, unhandledPromptBehavior: dismiss and notify, webauthn:extension:credBlob: true, webauthn:extension:largeBlob: true, webauthn:extension:minPinLength: true, webauthn:extension:prf: true, webauthn:virtualAuthenticators: true}\nElement: [[ChromeDriver: chrome on windows (c02bb146fc04133dda6647ecfb39450d)] -> xpath: //span[normalize-space()='Assign Student']]\nSession ID: c02bb146fc04133dda6647ecfb39450d","trace":"org.openqa.selenium.ElementClickInterceptedException: element click intercepted: Element <span class=\"p-button-label\">...</span> is not clickable at point (857, 166). Other element would receive the click: <div class=\"ng-tns-c132-8 p-dialog-content\">...</div>\n  (Session info: chrome=123.0.6312.124)\nBuild info: version: '4.16.1', revision: '9b4c83354e'\nSystem info: os.name: 'Windows 11', os.arch: 'amd64', os.version: '10.0', java.version: '20.0.2'\nDriver info: org.openqa.selenium.chrome.ChromeDriver\nCommand: [c02bb146fc04133dda6647ecfb39450d, clickElement {id=f.AE4CBFD7C9979A6D87A141F737D07BA4.d.83F90AC6A0EC6869234C157968D75FCA.e.61}]\nCapabilities {acceptInsecureCerts: false, browserName: chrome, browserVersion: 123.0.6312.124, chrome: {chromedriverVersion: 123.0.6312.122 (31f8248cdd9..., userDataDir: C:\\Users\\patil\\AppData\\Loca...}, fedcm:accounts: true, goog:chromeOptions: {debuggerAddress: localhost:63728}, networkConnectionEnabled: false, pageLoadStrategy: normal, platformName: windows, proxy: Proxy(), se:cdp: ws://localhost:63728/devtoo..., se:cdpVersion: 123.0.6312.124, setWindowRect: true, strictFileInteractability: false, timeouts: {implicit: 0, pageLoad: 300000, script: 30000}, unhandledPromptBehavior: dismiss and notify, webauthn:extension:credBlob: true, webauthn:extension:largeBlob: true, webauthn:extension:minPinLength: true, webauthn:extension:prf: true, webauthn:virtualAuthenticators: true}\nElement: [[ChromeDriver: chrome on windows (c02bb146fc04133dda6647ecfb39450d)] -> xpath: //span[normalize-space()='Assign Student']]\nSession ID: c02bb146fc04133dda6647ecfb39450d\r\n\tat java.base/jdk.internal.reflect.DirectConstructorHandleAccessor.newInstance(DirectConstructorHandleAccessor.java:67)\r\n\tat java.base/java.lang.reflect.Constructor.newInstanceWithCaller(Constructor.java:500)\r\n\tat java.base/java.lang.reflect.Constructor.newInstance(Constructor.java:484)\r\n\tat org.openqa.selenium.remote.codec.w3c.W3CHttpResponseCodec.createException(W3CHttpResponseCodec.java:200)\r\n\tat org.openqa.selenium.remote.codec.w3c.W3CHttpResponseCodec.decode(W3CHttpResponseCodec.java:133)\r\n\tat org.openqa.selenium.remote.codec.w3c.W3CHttpResponseCodec.decode(W3CHttpResponseCodec.java:52)\r\n\tat org.openqa.selenium.remote.HttpCommandExecutor.execute(HttpCommandExecutor.java:191)\r\n\tat org.openqa.selenium.remote.service.DriverCommandExecutor.invokeExecute(DriverCommandExecutor.java:200)\r\n\tat org.openqa.selenium.remote.service.DriverCommandExecutor.execute(DriverCommandExecutor.java:175)\r\n\tat org.openqa.selenium.remote.RemoteWebDriver.execute(RemoteWebDriver.java:523)\r\n\tat org.openqa.selenium.remote.RemoteWebElement.execute(RemoteWebElement.java:224)\r\n\tat org.openqa.selenium.remote.RemoteWebElement.click(RemoteWebElement.java:77)\r\n\tat PageObjects.AssignStudentPage.AssignStudentModule(AssignStudentPage.java:41)\r\n\tat StepDefinitions.AssignStudentSteps.admin_clicks_button(AssignStudentSteps.java:35)\r\n\tat ✽.Admin clicks \"Assign Student\" button(file:///C:/Users/patil/git/Team17_Testing_Squad/src/test/resources/Features/02AssignStudentUser.feature:12)\r\n"},"stage":"finished","steps":[],"attachments":[],"parameters":[],"start":1714586688594,"stop":1714586689688},{"name":"Then  Admin is able to see user role as R03 and below input \"Student Email id\" on form","status":"skipped","statusDetails":{"known":false,"muted":false,"flaky":false},"stage":"finished","steps":[],"attachments":[],"parameters":[],"start":1714586689699,"stop":1714586689700}],"attachments":[],"parameters":[{"name":"Fields","value":"Student Email id"}],"start":1714586688586,"stop":1714586689854}