{"uuid":"9037cefe-a91a-47ea-914f-258d46b6cb8c","historyId":"a9a5ccb84024edf5d8198099f73d559","fullName":"Assign Staff: Validate Assign Staff Popup window","labels":[{"name":"host","value":"DESKTOP-QPCBQJB"},{"name":"thread","value":"24768@DESKTOP-QPCBQJB.main(1)"},{"name":"feature","value":"Assign Staff"},{"name":"story","value":"Validate Assign Staff Popup window"},{"name":"suite","value":"Assign Staff"},{"name":"testClass","value":"Validate Assign Staff Popup window"},{"name":"framework","value":"cucumber4jvm"},{"name":"language","value":"java"},{"name":"gherkin_uri","value":"file:///C:/Users/nsatc/git/Team17_Testing_Squad/src/test/resources/Features/05_08AssignStaffUser.feature"},{"name":"package","value":"src.test.resources.Features.05_08AssignStaffUser_feature.Assign Staff"}],"links":[],"name":"Validate Assign Staff Popup window","status":"broken","statusDetails":{"known":false,"muted":false,"flaky":false,"message":"element click intercepted: Element <button _ngcontent-kfg-c223=\"\" id=\"user\" mat-button=\"\" a=\"\" routerlink=\"/user\" class=\"mat-focus-indicator mat-button mat-button-base\" tabindex=\"0\">...</button> is not clickable at point (1243, 32). Other element would receive the click: <div class=\"ng-tns-c132-6 p-dialog-mask p-component-overlay p-dialog-mask-scrollblocker ng-star-inserted\" style=\"z-index: 1021;\">...</div>\n  (Session info: chrome=124.0.6367.79)\nBuild info: version: '4.15.0', revision: '1d14b5521b'\nSystem info: os.name: 'Windows 11', os.arch: 'amd64', os.version: '10.0', java.version: '21.0.1'\nDriver info: org.openqa.selenium.chrome.ChromeDriver\nCommand: [507114f9899f50b14034efed007d6bca, clickElement {id=f.A76F513529D9F04246A80BEDA744734E.d.475E19676F4E6938A94571DAEC481D5C.e.4035}]\nCapabilities {acceptInsecureCerts: false, browserName: chrome, browserVersion: 124.0.6367.79, chrome: {chromedriverVersion: 124.0.6367.91 (51df0e5e17a8..., userDataDir: C:\\Users\\nsatc\\AppData\\Loca...}, fedcm:accounts: true, goog:chromeOptions: {debuggerAddress: localhost:51485}, networkConnectionEnabled: false, pageLoadStrategy: normal, platformName: windows, proxy: Proxy(), se:cdp: ws://localhost:51485/devtoo..., se:cdpVersion: 124.0.6367.79, setWindowRect: true, strictFileInteractability: false, timeouts: {implicit: 0, pageLoad: 300000, script: 30000}, unhandledPromptBehavior: dismiss and notify, webauthn:extension:credBlob: true, webauthn:extension:largeBlob: true, webauthn:extension:minPinLength: true, webauthn:extension:prf: true, webauthn:virtualAuthenticators: true}\nElement: [[ChromeDriver: chrome on windows (507114f9899f50b14034efed007d6bca)] -> id: user]\nSession ID: 507114f9899f50b14034efed007d6bca","trace":"org.openqa.selenium.ElementClickInterceptedException: element click intercepted: Element <button _ngcontent-kfg-c223=\"\" id=\"user\" mat-button=\"\" a=\"\" routerlink=\"/user\" class=\"mat-focus-indicator mat-button mat-button-base\" tabindex=\"0\">...</button> is not clickable at point (1243, 32). Other element would receive the click: <div class=\"ng-tns-c132-6 p-dialog-mask p-component-overlay p-dialog-mask-scrollblocker ng-star-inserted\" style=\"z-index: 1021;\">...</div>\n  (Session info: chrome=124.0.6367.79)\nBuild info: version: '4.15.0', revision: '1d14b5521b'\nSystem info: os.name: 'Windows 11', os.arch: 'amd64', os.version: '10.0', java.version: '21.0.1'\nDriver info: org.openqa.selenium.chrome.ChromeDriver\nCommand: [507114f9899f50b14034efed007d6bca, clickElement {id=f.A76F513529D9F04246A80BEDA744734E.d.475E19676F4E6938A94571DAEC481D5C.e.4035}]\nCapabilities {acceptInsecureCerts: false, browserName: chrome, browserVersion: 124.0.6367.79, chrome: {chromedriverVersion: 124.0.6367.91 (51df0e5e17a8..., userDataDir: C:\\Users\\nsatc\\AppData\\Loca...}, fedcm:accounts: true, goog:chromeOptions: {debuggerAddress: localhost:51485}, networkConnectionEnabled: false, pageLoadStrategy: normal, platformName: windows, proxy: Proxy(), se:cdp: ws://localhost:51485/devtoo..., se:cdpVersion: 124.0.6367.79, setWindowRect: true, strictFileInteractability: false, timeouts: {implicit: 0, pageLoad: 300000, script: 30000}, unhandledPromptBehavior: dismiss and notify, webauthn:extension:credBlob: true, webauthn:extension:largeBlob: true, webauthn:extension:minPinLength: true, webauthn:extension:prf: true, webauthn:virtualAuthenticators: true}\nElement: [[ChromeDriver: chrome on windows (507114f9899f50b14034efed007d6bca)] -> id: user]\nSession ID: 507114f9899f50b14034efed007d6bca\r\n\tat java.base/jdk.internal.reflect.DirectConstructorHandleAccessor.newInstance(DirectConstructorHandleAccessor.java:62)\r\n\tat java.base/java.lang.reflect.Constructor.newInstanceWithCaller(Constructor.java:502)\r\n\tat java.base/java.lang.reflect.Constructor.newInstance(Constructor.java:486)\r\n\tat org.openqa.selenium.remote.codec.w3c.W3CHttpResponseCodec.createException(W3CHttpResponseCodec.java:200)\r\n\tat org.openqa.selenium.remote.codec.w3c.W3CHttpResponseCodec.decode(W3CHttpResponseCodec.java:133)\r\n\tat org.openqa.selenium.remote.codec.w3c.W3CHttpResponseCodec.decode(W3CHttpResponseCodec.java:52)\r\n\tat org.openqa.selenium.remote.HttpCommandExecutor.execute(HttpCommandExecutor.java:191)\r\n\tat org.openqa.selenium.remote.service.DriverCommandExecutor.invokeExecute(DriverCommandExecutor.java:200)\r\n\tat org.openqa.selenium.remote.service.DriverCommandExecutor.execute(DriverCommandExecutor.java:175)\r\n\tat org.openqa.selenium.remote.RemoteWebDriver.execute(RemoteWebDriver.java:607)\r\n\tat org.openqa.selenium.remote.RemoteWebElement.execute(RemoteWebElement.java:224)\r\n\tat org.openqa.selenium.remote.RemoteWebElement.click(RemoteWebElement.java:77)\r\n\tat PageObjects.AssignStaffPage.clickOnUserTab(AssignStaffPage.java:29)\r\n\tat StepDefinitions.AssignStaffSteps.admin_is_on_User_page(AssignStaffSteps.java:26)\r\n\tat ✽.Admin is on User Page..(file:///C:/Users/nsatc/git/Team17_Testing_Squad/src/test/resources/Features/05_08AssignStaffUser.feature:6)\r\n"},"stage":"finished","steps":[{"name":"Given  Admin is on User Page..","status":"broken","statusDetails":{"known":false,"muted":false,"flaky":false,"message":"element click intercepted: Element <button _ngcontent-kfg-c223=\"\" id=\"user\" mat-button=\"\" a=\"\" routerlink=\"/user\" class=\"mat-focus-indicator mat-button mat-button-base\" tabindex=\"0\">...</button> is not clickable at point (1243, 32). Other element would receive the click: <div class=\"ng-tns-c132-6 p-dialog-mask p-component-overlay p-dialog-mask-scrollblocker ng-star-inserted\" style=\"z-index: 1021;\">...</div>\n  (Session info: chrome=124.0.6367.79)\nBuild info: version: '4.15.0', revision: '1d14b5521b'\nSystem info: os.name: 'Windows 11', os.arch: 'amd64', os.version: '10.0', java.version: '21.0.1'\nDriver info: org.openqa.selenium.chrome.ChromeDriver\nCommand: [507114f9899f50b14034efed007d6bca, clickElement {id=f.A76F513529D9F04246A80BEDA744734E.d.475E19676F4E6938A94571DAEC481D5C.e.4035}]\nCapabilities {acceptInsecureCerts: false, browserName: chrome, browserVersion: 124.0.6367.79, chrome: {chromedriverVersion: 124.0.6367.91 (51df0e5e17a8..., userDataDir: C:\\Users\\nsatc\\AppData\\Loca...}, fedcm:accounts: true, goog:chromeOptions: {debuggerAddress: localhost:51485}, networkConnectionEnabled: false, pageLoadStrategy: normal, platformName: windows, proxy: Proxy(), se:cdp: ws://localhost:51485/devtoo..., se:cdpVersion: 124.0.6367.79, setWindowRect: true, strictFileInteractability: false, timeouts: {implicit: 0, pageLoad: 300000, script: 30000}, unhandledPromptBehavior: dismiss and notify, webauthn:extension:credBlob: true, webauthn:extension:largeBlob: true, webauthn:extension:minPinLength: true, webauthn:extension:prf: true, webauthn:virtualAuthenticators: true}\nElement: [[ChromeDriver: chrome on windows (507114f9899f50b14034efed007d6bca)] -> id: user]\nSession ID: 507114f9899f50b14034efed007d6bca","trace":"org.openqa.selenium.ElementClickInterceptedException: element click intercepted: Element <button _ngcontent-kfg-c223=\"\" id=\"user\" mat-button=\"\" a=\"\" routerlink=\"/user\" class=\"mat-focus-indicator mat-button mat-button-base\" tabindex=\"0\">...</button> is not clickable at point (1243, 32). Other element would receive the click: <div class=\"ng-tns-c132-6 p-dialog-mask p-component-overlay p-dialog-mask-scrollblocker ng-star-inserted\" style=\"z-index: 1021;\">...</div>\n  (Session info: chrome=124.0.6367.79)\nBuild info: version: '4.15.0', revision: '1d14b5521b'\nSystem info: os.name: 'Windows 11', os.arch: 'amd64', os.version: '10.0', java.version: '21.0.1'\nDriver info: org.openqa.selenium.chrome.ChromeDriver\nCommand: [507114f9899f50b14034efed007d6bca, clickElement {id=f.A76F513529D9F04246A80BEDA744734E.d.475E19676F4E6938A94571DAEC481D5C.e.4035}]\nCapabilities {acceptInsecureCerts: false, browserName: chrome, browserVersion: 124.0.6367.79, chrome: {chromedriverVersion: 124.0.6367.91 (51df0e5e17a8..., userDataDir: C:\\Users\\nsatc\\AppData\\Loca...}, fedcm:accounts: true, goog:chromeOptions: {debuggerAddress: localhost:51485}, networkConnectionEnabled: false, pageLoadStrategy: normal, platformName: windows, proxy: Proxy(), se:cdp: ws://localhost:51485/devtoo..., se:cdpVersion: 124.0.6367.79, setWindowRect: true, strictFileInteractability: false, timeouts: {implicit: 0, pageLoad: 300000, script: 30000}, unhandledPromptBehavior: dismiss and notify, webauthn:extension:credBlob: true, webauthn:extension:largeBlob: true, webauthn:extension:minPinLength: true, webauthn:extension:prf: true, webauthn:virtualAuthenticators: true}\nElement: [[ChromeDriver: chrome on windows (507114f9899f50b14034efed007d6bca)] -> id: user]\nSession ID: 507114f9899f50b14034efed007d6bca\r\n\tat java.base/jdk.internal.reflect.DirectConstructorHandleAccessor.newInstance(DirectConstructorHandleAccessor.java:62)\r\n\tat java.base/java.lang.reflect.Constructor.newInstanceWithCaller(Constructor.java:502)\r\n\tat java.base/java.lang.reflect.Constructor.newInstance(Constructor.java:486)\r\n\tat org.openqa.selenium.remote.codec.w3c.W3CHttpResponseCodec.createException(W3CHttpResponseCodec.java:200)\r\n\tat org.openqa.selenium.remote.codec.w3c.W3CHttpResponseCodec.decode(W3CHttpResponseCodec.java:133)\r\n\tat org.openqa.selenium.remote.codec.w3c.W3CHttpResponseCodec.decode(W3CHttpResponseCodec.java:52)\r\n\tat org.openqa.selenium.remote.HttpCommandExecutor.execute(HttpCommandExecutor.java:191)\r\n\tat org.openqa.selenium.remote.service.DriverCommandExecutor.invokeExecute(DriverCommandExecutor.java:200)\r\n\tat org.openqa.selenium.remote.service.DriverCommandExecutor.execute(DriverCommandExecutor.java:175)\r\n\tat org.openqa.selenium.remote.RemoteWebDriver.execute(RemoteWebDriver.java:607)\r\n\tat org.openqa.selenium.remote.RemoteWebElement.execute(RemoteWebElement.java:224)\r\n\tat org.openqa.selenium.remote.RemoteWebElement.click(RemoteWebElement.java:77)\r\n\tat PageObjects.AssignStaffPage.clickOnUserTab(AssignStaffPage.java:29)\r\n\tat StepDefinitions.AssignStaffSteps.admin_is_on_User_page(AssignStaffSteps.java:26)\r\n\tat ✽.Admin is on User Page..(file:///C:/Users/nsatc/git/Team17_Testing_Squad/src/test/resources/Features/05_08AssignStaffUser.feature:6)\r\n"},"stage":"finished","steps":[],"attachments":[],"parameters":[],"start":1714686129989,"stop":1714686135078},{"name":"When  Admin clicks on \"Assign Staff\" button..","status":"skipped","statusDetails":{"known":false,"muted":false,"flaky":false},"stage":"finished","steps":[],"attachments":[],"parameters":[],"start":1714686135079,"stop":1714686135079},{"name":"Then  User should see a pop up open for assign staff with empty form along with Save and Cancel button and close icon on the top..","status":"skipped","statusDetails":{"known":false,"muted":false,"flaky":false},"stage":"finished","steps":[],"attachments":[],"parameters":[],"start":1714686135079,"stop":1714686135079}],"attachments":[],"parameters":[],"start":1714686129988,"stop":1714686135173}