{"uuid":"9ff448ee-6bd7-489a-9131-7b334db04871","historyId":"e537af2b99262fc8fca73f92fe732c7f","fullName":"Assign Student: Validate Assign Student Popup window","labels":[{"name":"host","value":"DESKTOP-QJMPL75"},{"name":"thread","value":"2912@DESKTOP-QJMPL75.main(1)"},{"name":"feature","value":"Assign Student"},{"name":"story","value":"Validate Assign Student Popup window"},{"name":"suite","value":"Assign Student"},{"name":"testClass","value":"Validate Assign Student Popup window"},{"name":"framework","value":"cucumber4jvm"},{"name":"language","value":"java"},{"name":"gherkin_uri","value":"file:///C:/Users/patil/git/Team17_Testing_Squad/src/test/resources/Features/AssignStudentUser.feature"},{"name":"package","value":"src.test.resources.Features.AssignStudentUser_feature.Assign Student"}],"links":[],"name":"Validate Assign Student Popup window","status":"broken","statusDetails":{"known":false,"muted":false,"flaky":false,"message":"element click intercepted: Element <span class=\"ng-tns-c78-0 ng-star-inserted\">...</span> is not clickable at point (462, 411). Other element would receive the click: <input _ngcontent-dqt-c85=\"\" id=\"username\" matinput=\"\" formcontrolname=\"userLoginEmailId\" required=\"\" class=\"mat-input-element mat-form-field-autofill-control ng-tns-c78-0 ng-untouched ng-pristine ng-invalid cdk-text-field-autofill-monitored\" data-placeholder=\"User\" aria-invalid=\"false\" aria-required=\"true\">\n  (Session info: chrome=123.0.6312.124)\nBuild info: version: '4.16.1', revision: '9b4c83354e'\nSystem info: os.name: 'Windows 11', os.arch: 'amd64', os.version: '10.0', java.version: '20.0.2'\nDriver info: org.openqa.selenium.chrome.ChromeDriver\nCommand: [c77d30d07fb9df50446dfe973f95df9a, clickElement {id=f.A4441CDCAE263C3D71FBCE106BE99C71.d.BA6FCB2057510486E0293A11AF025DE2.e.76}]\nCapabilities {acceptInsecureCerts: false, browserName: chrome, browserVersion: 123.0.6312.124, chrome: {chromedriverVersion: 123.0.6312.122 (31f8248cdd9..., userDataDir: C:\\Users\\patil\\AppData\\Loca...}, fedcm:accounts: true, goog:chromeOptions: {debuggerAddress: localhost:51714}, networkConnectionEnabled: false, pageLoadStrategy: normal, platformName: windows, proxy: Proxy(), se:cdp: ws://localhost:51714/devtoo..., se:cdpVersion: 123.0.6312.124, setWindowRect: true, strictFileInteractability: false, timeouts: {implicit: 0, pageLoad: 300000, script: 30000}, unhandledPromptBehavior: dismiss and notify, webauthn:extension:credBlob: true, webauthn:extension:largeBlob: true, webauthn:extension:minPinLength: true, webauthn:extension:prf: true, webauthn:virtualAuthenticators: true}\nElement: [[ChromeDriver: chrome on windows (c77d30d07fb9df50446dfe973f95df9a)] -> xpath: //span[normalize-space()='User']]\nSession ID: c77d30d07fb9df50446dfe973f95df9a","trace":"org.openqa.selenium.ElementClickInterceptedException: element click intercepted: Element <span class=\"ng-tns-c78-0 ng-star-inserted\">...</span> is not clickable at point (462, 411). Other element would receive the click: <input _ngcontent-dqt-c85=\"\" id=\"username\" matinput=\"\" formcontrolname=\"userLoginEmailId\" required=\"\" class=\"mat-input-element mat-form-field-autofill-control ng-tns-c78-0 ng-untouched ng-pristine ng-invalid cdk-text-field-autofill-monitored\" data-placeholder=\"User\" aria-invalid=\"false\" aria-required=\"true\">\n  (Session info: chrome=123.0.6312.124)\nBuild info: version: '4.16.1', revision: '9b4c83354e'\nSystem info: os.name: 'Windows 11', os.arch: 'amd64', os.version: '10.0', java.version: '20.0.2'\nDriver info: org.openqa.selenium.chrome.ChromeDriver\nCommand: [c77d30d07fb9df50446dfe973f95df9a, clickElement {id=f.A4441CDCAE263C3D71FBCE106BE99C71.d.BA6FCB2057510486E0293A11AF025DE2.e.76}]\nCapabilities {acceptInsecureCerts: false, browserName: chrome, browserVersion: 123.0.6312.124, chrome: {chromedriverVersion: 123.0.6312.122 (31f8248cdd9..., userDataDir: C:\\Users\\patil\\AppData\\Loca...}, fedcm:accounts: true, goog:chromeOptions: {debuggerAddress: localhost:51714}, networkConnectionEnabled: false, pageLoadStrategy: normal, platformName: windows, proxy: Proxy(), se:cdp: ws://localhost:51714/devtoo..., se:cdpVersion: 123.0.6312.124, setWindowRect: true, strictFileInteractability: false, timeouts: {implicit: 0, pageLoad: 300000, script: 30000}, unhandledPromptBehavior: dismiss and notify, webauthn:extension:credBlob: true, webauthn:extension:largeBlob: true, webauthn:extension:minPinLength: true, webauthn:extension:prf: true, webauthn:virtualAuthenticators: true}\nElement: [[ChromeDriver: chrome on windows (c77d30d07fb9df50446dfe973f95df9a)] -> xpath: //span[normalize-space()='User']]\nSession ID: c77d30d07fb9df50446dfe973f95df9a\r\n\tat java.base/jdk.internal.reflect.DirectConstructorHandleAccessor.newInstance(DirectConstructorHandleAccessor.java:67)\r\n\tat java.base/java.lang.reflect.Constructor.newInstanceWithCaller(Constructor.java:500)\r\n\tat java.base/java.lang.reflect.Constructor.newInstance(Constructor.java:484)\r\n\tat org.openqa.selenium.remote.codec.w3c.W3CHttpResponseCodec.createException(W3CHttpResponseCodec.java:200)\r\n\tat org.openqa.selenium.remote.codec.w3c.W3CHttpResponseCodec.decode(W3CHttpResponseCodec.java:133)\r\n\tat org.openqa.selenium.remote.codec.w3c.W3CHttpResponseCodec.decode(W3CHttpResponseCodec.java:52)\r\n\tat org.openqa.selenium.remote.HttpCommandExecutor.execute(HttpCommandExecutor.java:191)\r\n\tat org.openqa.selenium.remote.service.DriverCommandExecutor.invokeExecute(DriverCommandExecutor.java:200)\r\n\tat org.openqa.selenium.remote.service.DriverCommandExecutor.execute(DriverCommandExecutor.java:175)\r\n\tat org.openqa.selenium.remote.RemoteWebDriver.execute(RemoteWebDriver.java:523)\r\n\tat org.openqa.selenium.remote.RemoteWebElement.execute(RemoteWebElement.java:224)\r\n\tat org.openqa.selenium.remote.RemoteWebElement.click(RemoteWebElement.java:77)\r\n\tat PageObjects.AssignStudentPage.clickOnUserTab(AssignStudentPage.java:35)\r\n\tat StepDefinitions.AssignStudentSteps.admin_is_on_manage_user_page(AssignStudentSteps.java:28)\r\n\tat ✽.Admin is on Manage User Page(file:///C:/Users/patil/git/Team17_Testing_Squad/src/test/resources/Features/AssignStudentUser.feature:7)\r\n"},"stage":"finished","steps":[{"name":"Given  Admin is on Manage User Page","status":"broken","statusDetails":{"known":false,"muted":false,"flaky":false,"message":"element click intercepted: Element <span class=\"ng-tns-c78-0 ng-star-inserted\">...</span> is not clickable at point (462, 411). Other element would receive the click: <input _ngcontent-dqt-c85=\"\" id=\"username\" matinput=\"\" formcontrolname=\"userLoginEmailId\" required=\"\" class=\"mat-input-element mat-form-field-autofill-control ng-tns-c78-0 ng-untouched ng-pristine ng-invalid cdk-text-field-autofill-monitored\" data-placeholder=\"User\" aria-invalid=\"false\" aria-required=\"true\">\n  (Session info: chrome=123.0.6312.124)\nBuild info: version: '4.16.1', revision: '9b4c83354e'\nSystem info: os.name: 'Windows 11', os.arch: 'amd64', os.version: '10.0', java.version: '20.0.2'\nDriver info: org.openqa.selenium.chrome.ChromeDriver\nCommand: [c77d30d07fb9df50446dfe973f95df9a, clickElement {id=f.A4441CDCAE263C3D71FBCE106BE99C71.d.BA6FCB2057510486E0293A11AF025DE2.e.76}]\nCapabilities {acceptInsecureCerts: false, browserName: chrome, browserVersion: 123.0.6312.124, chrome: {chromedriverVersion: 123.0.6312.122 (31f8248cdd9..., userDataDir: C:\\Users\\patil\\AppData\\Loca...}, fedcm:accounts: true, goog:chromeOptions: {debuggerAddress: localhost:51714}, networkConnectionEnabled: false, pageLoadStrategy: normal, platformName: windows, proxy: Proxy(), se:cdp: ws://localhost:51714/devtoo..., se:cdpVersion: 123.0.6312.124, setWindowRect: true, strictFileInteractability: false, timeouts: {implicit: 0, pageLoad: 300000, script: 30000}, unhandledPromptBehavior: dismiss and notify, webauthn:extension:credBlob: true, webauthn:extension:largeBlob: true, webauthn:extension:minPinLength: true, webauthn:extension:prf: true, webauthn:virtualAuthenticators: true}\nElement: [[ChromeDriver: chrome on windows (c77d30d07fb9df50446dfe973f95df9a)] -> xpath: //span[normalize-space()='User']]\nSession ID: c77d30d07fb9df50446dfe973f95df9a","trace":"org.openqa.selenium.ElementClickInterceptedException: element click intercepted: Element <span class=\"ng-tns-c78-0 ng-star-inserted\">...</span> is not clickable at point (462, 411). Other element would receive the click: <input _ngcontent-dqt-c85=\"\" id=\"username\" matinput=\"\" formcontrolname=\"userLoginEmailId\" required=\"\" class=\"mat-input-element mat-form-field-autofill-control ng-tns-c78-0 ng-untouched ng-pristine ng-invalid cdk-text-field-autofill-monitored\" data-placeholder=\"User\" aria-invalid=\"false\" aria-required=\"true\">\n  (Session info: chrome=123.0.6312.124)\nBuild info: version: '4.16.1', revision: '9b4c83354e'\nSystem info: os.name: 'Windows 11', os.arch: 'amd64', os.version: '10.0', java.version: '20.0.2'\nDriver info: org.openqa.selenium.chrome.ChromeDriver\nCommand: [c77d30d07fb9df50446dfe973f95df9a, clickElement {id=f.A4441CDCAE263C3D71FBCE106BE99C71.d.BA6FCB2057510486E0293A11AF025DE2.e.76}]\nCapabilities {acceptInsecureCerts: false, browserName: chrome, browserVersion: 123.0.6312.124, chrome: {chromedriverVersion: 123.0.6312.122 (31f8248cdd9..., userDataDir: C:\\Users\\patil\\AppData\\Loca...}, fedcm:accounts: true, goog:chromeOptions: {debuggerAddress: localhost:51714}, networkConnectionEnabled: false, pageLoadStrategy: normal, platformName: windows, proxy: Proxy(), se:cdp: ws://localhost:51714/devtoo..., se:cdpVersion: 123.0.6312.124, setWindowRect: true, strictFileInteractability: false, timeouts: {implicit: 0, pageLoad: 300000, script: 30000}, unhandledPromptBehavior: dismiss and notify, webauthn:extension:credBlob: true, webauthn:extension:largeBlob: true, webauthn:extension:minPinLength: true, webauthn:extension:prf: true, webauthn:virtualAuthenticators: true}\nElement: [[ChromeDriver: chrome on windows (c77d30d07fb9df50446dfe973f95df9a)] -> xpath: //span[normalize-space()='User']]\nSession ID: c77d30d07fb9df50446dfe973f95df9a\r\n\tat java.base/jdk.internal.reflect.DirectConstructorHandleAccessor.newInstance(DirectConstructorHandleAccessor.java:67)\r\n\tat java.base/java.lang.reflect.Constructor.newInstanceWithCaller(Constructor.java:500)\r\n\tat java.base/java.lang.reflect.Constructor.newInstance(Constructor.java:484)\r\n\tat org.openqa.selenium.remote.codec.w3c.W3CHttpResponseCodec.createException(W3CHttpResponseCodec.java:200)\r\n\tat org.openqa.selenium.remote.codec.w3c.W3CHttpResponseCodec.decode(W3CHttpResponseCodec.java:133)\r\n\tat org.openqa.selenium.remote.codec.w3c.W3CHttpResponseCodec.decode(W3CHttpResponseCodec.java:52)\r\n\tat org.openqa.selenium.remote.HttpCommandExecutor.execute(HttpCommandExecutor.java:191)\r\n\tat org.openqa.selenium.remote.service.DriverCommandExecutor.invokeExecute(DriverCommandExecutor.java:200)\r\n\tat org.openqa.selenium.remote.service.DriverCommandExecutor.execute(DriverCommandExecutor.java:175)\r\n\tat org.openqa.selenium.remote.RemoteWebDriver.execute(RemoteWebDriver.java:523)\r\n\tat org.openqa.selenium.remote.RemoteWebElement.execute(RemoteWebElement.java:224)\r\n\tat org.openqa.selenium.remote.RemoteWebElement.click(RemoteWebElement.java:77)\r\n\tat PageObjects.AssignStudentPage.clickOnUserTab(AssignStudentPage.java:35)\r\n\tat StepDefinitions.AssignStudentSteps.admin_is_on_manage_user_page(AssignStudentSteps.java:28)\r\n\tat ✽.Admin is on Manage User Page(file:///C:/Users/patil/git/Team17_Testing_Squad/src/test/resources/Features/AssignStudentUser.feature:7)\r\n"},"stage":"finished","steps":[],"attachments":[],"parameters":[],"start":1714533049654,"stop":1714533053039},{"name":"When  Admin clicks \"Assign Student\" button","status":"skipped","statusDetails":{"known":false,"muted":false,"flaky":false},"stage":"finished","steps":[],"attachments":[],"parameters":[],"start":1714533053044,"stop":1714533053045},{"name":"Then  Admin should see a pop up open with empty form along with Save and Cancel button and close icon","status":"skipped","statusDetails":{"known":false,"muted":false,"flaky":false},"stage":"finished","steps":[],"attachments":[],"parameters":[],"start":1714533053045,"stop":1714533053046}],"attachments":[],"parameters":[],"start":1714533049649,"stop":1714533053236}