{"uuid":"c2691274-2f19-4e0f-8257-0bfd431332b2","historyId":"a4bce28da52a2e02ebacc41178816763","fullName":"User page validation: Validate User page elements","labels":[{"name":"host","value":"DESKTOP-QPCBQJB"},{"name":"thread","value":"29200@DESKTOP-QPCBQJB.main(1)"},{"name":"feature","value":"User page validation"},{"name":"story","value":"Validate User page elements"},{"name":"suite","value":"User page validation"},{"name":"testClass","value":"Validate User page elements"},{"name":"framework","value":"cucumber4jvm"},{"name":"language","value":"java"},{"name":"gherkin_uri","value":"file:///C:/Users/nsatc/git/Team17_Testing_Squad/src/test/resources/Features/05_1user.feature"},{"name":"package","value":"src.test.resources.Features.05_1user_feature.User page validation"}],"links":[],"name":"Validate User page elements","status":"broken","statusDetails":{"known":false,"muted":false,"flaky":false,"message":"element click intercepted: Element <button _ngcontent-qmy-c223=\"\" id=\"user\" mat-button=\"\" a=\"\" routerlink=\"/user\" class=\"mat-focus-indicator mat-button mat-button-base\" tabindex=\"0\">...</button> is not clickable at point (1226, 32). Other element would receive the click: <div role=\"alert\" aria-live=\"assertive\" aria-atomic=\"true\" class=\"p-toast-message-content ng-tns-c90-34\">...</div>\n  (Session info: chrome=124.0.6367.79)\nBuild info: version: '4.9.1', revision: 'eb2032df7f'\nSystem info: os.name: 'Windows 11', os.arch: 'amd64', os.version: '10.0', java.version: '21.0.1'\nDriver info: org.openqa.selenium.chrome.ChromeDriver\nCommand: [f99340f20792695374912be006a345f2, clickElement {id=f.3C56EA1E1C024E52DFE00511FDD85F13.d.A92084B56A85EDB888393B954E7403E5.e.1326}]\nCapabilities {acceptInsecureCerts: false, browserName: chrome, browserVersion: 124.0.6367.79, chrome: {chromedriverVersion: 124.0.6367.91 (51df0e5e17a8..., userDataDir: C:\\Users\\nsatc\\AppData\\Loca...}, fedcm:accounts: true, goog:chromeOptions: {debuggerAddress: localhost:49221}, networkConnectionEnabled: false, pageLoadStrategy: normal, platformName: windows, proxy: Proxy(), se:cdp: ws://localhost:49221/devtoo..., se:cdpVersion: 124.0.6367.79, setWindowRect: true, strictFileInteractability: false, timeouts: {implicit: 0, pageLoad: 300000, script: 30000}, unhandledPromptBehavior: dismiss and notify, webauthn:extension:credBlob: true, webauthn:extension:largeBlob: true, webauthn:extension:minPinLength: true, webauthn:extension:prf: true, webauthn:virtualAuthenticators: true}\nElement: [[ChromeDriver: chrome on windows (f99340f20792695374912be006a345f2)] -> id: user]\nSession ID: f99340f20792695374912be006a345f2","trace":"org.openqa.selenium.ElementClickInterceptedException: element click intercepted: Element <button _ngcontent-qmy-c223=\"\" id=\"user\" mat-button=\"\" a=\"\" routerlink=\"/user\" class=\"mat-focus-indicator mat-button mat-button-base\" tabindex=\"0\">...</button> is not clickable at point (1226, 32). Other element would receive the click: <div role=\"alert\" aria-live=\"assertive\" aria-atomic=\"true\" class=\"p-toast-message-content ng-tns-c90-34\">...</div>\n  (Session info: chrome=124.0.6367.79)\nBuild info: version: '4.9.1', revision: 'eb2032df7f'\nSystem info: os.name: 'Windows 11', os.arch: 'amd64', os.version: '10.0', java.version: '21.0.1'\nDriver info: org.openqa.selenium.chrome.ChromeDriver\nCommand: [f99340f20792695374912be006a345f2, clickElement {id=f.3C56EA1E1C024E52DFE00511FDD85F13.d.A92084B56A85EDB888393B954E7403E5.e.1326}]\nCapabilities {acceptInsecureCerts: false, browserName: chrome, browserVersion: 124.0.6367.79, chrome: {chromedriverVersion: 124.0.6367.91 (51df0e5e17a8..., userDataDir: C:\\Users\\nsatc\\AppData\\Loca...}, fedcm:accounts: true, goog:chromeOptions: {debuggerAddress: localhost:49221}, networkConnectionEnabled: false, pageLoadStrategy: normal, platformName: windows, proxy: Proxy(), se:cdp: ws://localhost:49221/devtoo..., se:cdpVersion: 124.0.6367.79, setWindowRect: true, strictFileInteractability: false, timeouts: {implicit: 0, pageLoad: 300000, script: 30000}, unhandledPromptBehavior: dismiss and notify, webauthn:extension:credBlob: true, webauthn:extension:largeBlob: true, webauthn:extension:minPinLength: true, webauthn:extension:prf: true, webauthn:virtualAuthenticators: true}\nElement: [[ChromeDriver: chrome on windows (f99340f20792695374912be006a345f2)] -> id: user]\nSession ID: f99340f20792695374912be006a345f2\r\n\tat java.base/jdk.internal.reflect.DirectConstructorHandleAccessor.newInstance(DirectConstructorHandleAccessor.java:62)\r\n\tat java.base/java.lang.reflect.Constructor.newInstanceWithCaller(Constructor.java:502)\r\n\tat java.base/java.lang.reflect.Constructor.newInstance(Constructor.java:486)\r\n\tat org.openqa.selenium.remote.codec.w3c.W3CHttpResponseCodec.createException(W3CHttpResponseCodec.java:200)\r\n\tat org.openqa.selenium.remote.codec.w3c.W3CHttpResponseCodec.decode(W3CHttpResponseCodec.java:133)\r\n\tat org.openqa.selenium.remote.codec.w3c.W3CHttpResponseCodec.decode(W3CHttpResponseCodec.java:53)\r\n\tat org.openqa.selenium.remote.HttpCommandExecutor.execute(HttpCommandExecutor.java:193)\r\n\tat org.openqa.selenium.remote.service.DriverCommandExecutor.invokeExecute(DriverCommandExecutor.java:183)\r\n\tat org.openqa.selenium.remote.service.DriverCommandExecutor.execute(DriverCommandExecutor.java:158)\r\n\tat org.openqa.selenium.remote.RemoteWebDriver.execute(RemoteWebDriver.java:543)\r\n\tat org.openqa.selenium.remote.RemoteWebElement.execute(RemoteWebElement.java:257)\r\n\tat org.openqa.selenium.remote.RemoteWebElement.click(RemoteWebElement.java:78)\r\n\tat PageObjects.userPage.clickOnUserTab(userPage.java:47)\r\n\tat StepDefinitions.UserPageSteps.admin_clicks_from_navigation_bar(UserPageSteps.java:51)\r\n\tat ✽.Admin should click \"User\" from navigation bar(file:///C:/Users/nsatc/git/Team17_Testing_Squad/src/test/resources/Features/05_1user.feature:13)\r\n"},"stage":"finished","steps":[{"name":"Given  Admin is on the dashboard page after Login","status":"passed","statusDetails":{"known":false,"muted":false,"flaky":false},"stage":"finished","steps":[],"attachments":[],"parameters":[],"start":1714612824915,"stop":1714612824917},{"name":"When  Admin should click \"User\" from navigation bar","status":"broken","statusDetails":{"known":false,"muted":false,"flaky":false,"message":"element click intercepted: Element <button _ngcontent-qmy-c223=\"\" id=\"user\" mat-button=\"\" a=\"\" routerlink=\"/user\" class=\"mat-focus-indicator mat-button mat-button-base\" tabindex=\"0\">...</button> is not clickable at point (1226, 32). Other element would receive the click: <div role=\"alert\" aria-live=\"assertive\" aria-atomic=\"true\" class=\"p-toast-message-content ng-tns-c90-34\">...</div>\n  (Session info: chrome=124.0.6367.79)\nBuild info: version: '4.9.1', revision: 'eb2032df7f'\nSystem info: os.name: 'Windows 11', os.arch: 'amd64', os.version: '10.0', java.version: '21.0.1'\nDriver info: org.openqa.selenium.chrome.ChromeDriver\nCommand: [f99340f20792695374912be006a345f2, clickElement {id=f.3C56EA1E1C024E52DFE00511FDD85F13.d.A92084B56A85EDB888393B954E7403E5.e.1326}]\nCapabilities {acceptInsecureCerts: false, browserName: chrome, browserVersion: 124.0.6367.79, chrome: {chromedriverVersion: 124.0.6367.91 (51df0e5e17a8..., userDataDir: C:\\Users\\nsatc\\AppData\\Loca...}, fedcm:accounts: true, goog:chromeOptions: {debuggerAddress: localhost:49221}, networkConnectionEnabled: false, pageLoadStrategy: normal, platformName: windows, proxy: Proxy(), se:cdp: ws://localhost:49221/devtoo..., se:cdpVersion: 124.0.6367.79, setWindowRect: true, strictFileInteractability: false, timeouts: {implicit: 0, pageLoad: 300000, script: 30000}, unhandledPromptBehavior: dismiss and notify, webauthn:extension:credBlob: true, webauthn:extension:largeBlob: true, webauthn:extension:minPinLength: true, webauthn:extension:prf: true, webauthn:virtualAuthenticators: true}\nElement: [[ChromeDriver: chrome on windows (f99340f20792695374912be006a345f2)] -> id: user]\nSession ID: f99340f20792695374912be006a345f2","trace":"org.openqa.selenium.ElementClickInterceptedException: element click intercepted: Element <button _ngcontent-qmy-c223=\"\" id=\"user\" mat-button=\"\" a=\"\" routerlink=\"/user\" class=\"mat-focus-indicator mat-button mat-button-base\" tabindex=\"0\">...</button> is not clickable at point (1226, 32). Other element would receive the click: <div role=\"alert\" aria-live=\"assertive\" aria-atomic=\"true\" class=\"p-toast-message-content ng-tns-c90-34\">...</div>\n  (Session info: chrome=124.0.6367.79)\nBuild info: version: '4.9.1', revision: 'eb2032df7f'\nSystem info: os.name: 'Windows 11', os.arch: 'amd64', os.version: '10.0', java.version: '21.0.1'\nDriver info: org.openqa.selenium.chrome.ChromeDriver\nCommand: [f99340f20792695374912be006a345f2, clickElement {id=f.3C56EA1E1C024E52DFE00511FDD85F13.d.A92084B56A85EDB888393B954E7403E5.e.1326}]\nCapabilities {acceptInsecureCerts: false, browserName: chrome, browserVersion: 124.0.6367.79, chrome: {chromedriverVersion: 124.0.6367.91 (51df0e5e17a8..., userDataDir: C:\\Users\\nsatc\\AppData\\Loca...}, fedcm:accounts: true, goog:chromeOptions: {debuggerAddress: localhost:49221}, networkConnectionEnabled: false, pageLoadStrategy: normal, platformName: windows, proxy: Proxy(), se:cdp: ws://localhost:49221/devtoo..., se:cdpVersion: 124.0.6367.79, setWindowRect: true, strictFileInteractability: false, timeouts: {implicit: 0, pageLoad: 300000, script: 30000}, unhandledPromptBehavior: dismiss and notify, webauthn:extension:credBlob: true, webauthn:extension:largeBlob: true, webauthn:extension:minPinLength: true, webauthn:extension:prf: true, webauthn:virtualAuthenticators: true}\nElement: [[ChromeDriver: chrome on windows (f99340f20792695374912be006a345f2)] -> id: user]\nSession ID: f99340f20792695374912be006a345f2\r\n\tat java.base/jdk.internal.reflect.DirectConstructorHandleAccessor.newInstance(DirectConstructorHandleAccessor.java:62)\r\n\tat java.base/java.lang.reflect.Constructor.newInstanceWithCaller(Constructor.java:502)\r\n\tat java.base/java.lang.reflect.Constructor.newInstance(Constructor.java:486)\r\n\tat org.openqa.selenium.remote.codec.w3c.W3CHttpResponseCodec.createException(W3CHttpResponseCodec.java:200)\r\n\tat org.openqa.selenium.remote.codec.w3c.W3CHttpResponseCodec.decode(W3CHttpResponseCodec.java:133)\r\n\tat org.openqa.selenium.remote.codec.w3c.W3CHttpResponseCodec.decode(W3CHttpResponseCodec.java:53)\r\n\tat org.openqa.selenium.remote.HttpCommandExecutor.execute(HttpCommandExecutor.java:193)\r\n\tat org.openqa.selenium.remote.service.DriverCommandExecutor.invokeExecute(DriverCommandExecutor.java:183)\r\n\tat org.openqa.selenium.remote.service.DriverCommandExecutor.execute(DriverCommandExecutor.java:158)\r\n\tat org.openqa.selenium.remote.RemoteWebDriver.execute(RemoteWebDriver.java:543)\r\n\tat org.openqa.selenium.remote.RemoteWebElement.execute(RemoteWebElement.java:257)\r\n\tat org.openqa.selenium.remote.RemoteWebElement.click(RemoteWebElement.java:78)\r\n\tat PageObjects.userPage.clickOnUserTab(userPage.java:47)\r\n\tat StepDefinitions.UserPageSteps.admin_clicks_from_navigation_bar(UserPageSteps.java:51)\r\n\tat ✽.Admin should click \"User\" from navigation bar(file:///C:/Users/nsatc/git/Team17_Testing_Squad/src/test/resources/Features/05_1user.feature:13)\r\n"},"stage":"finished","steps":[],"attachments":[],"parameters":[],"start":1714612824917,"stop":1714612826016},{"name":"Then  Admin should see a heading with text \"Manage User\" on the page","status":"skipped","statusDetails":{"known":false,"muted":false,"flaky":false},"stage":"finished","steps":[],"attachments":[],"parameters":[],"start":1714612826018,"stop":1714612826018}],"attachments":[],"parameters":[{"name":"elements","value":"a heading with text \"Manage User\""}],"start":1714612824915,"stop":1714612826128}