{"uuid":"e0bca06a-fe19-4080-81f7-b17956344160","historyId":"2a516e5b8d157570e42fb11f450c49c5","fullName":"Assign Staff: Validate Assign Staff Popup window","labels":[{"name":"host","value":"DESKTOP-QJMPL75"},{"name":"thread","value":"45220@DESKTOP-QJMPL75.main(1)"},{"name":"feature","value":"Assign Staff"},{"name":"story","value":"Validate Assign Staff Popup window"},{"name":"suite","value":"Assign Staff"},{"name":"testClass","value":"Validate Assign Staff Popup window"},{"name":"framework","value":"cucumber4jvm"},{"name":"language","value":"java"},{"name":"gherkin_uri","value":"file:///C:/Users/patil/git/Team17_Testing_Squad/src/test/resources/Features/03AssignStaffUser.feature"},{"name":"package","value":"src.test.resources.Features.03AssignStaffUser_feature.Assign Staff"}],"links":[],"name":"Validate Assign Staff Popup window","status":"broken","statusDetails":{"known":false,"muted":false,"flaky":false,"message":"element click intercepted: Element <span class=\"ng-tns-c78-0 ng-star-inserted\">...</span> is not clickable at point (462, 411). Other element would receive the click: <input _ngcontent-fby-c85=\"\" id=\"username\" matinput=\"\" formcontrolname=\"userLoginEmailId\" required=\"\" class=\"mat-input-element mat-form-field-autofill-control ng-tns-c78-0 ng-untouched ng-pristine ng-invalid cdk-text-field-autofill-monitored\" data-placeholder=\"User\" aria-invalid=\"false\" aria-required=\"true\">\n  (Session info: chrome=123.0.6312.124)\nBuild info: version: '4.16.1', revision: '9b4c83354e'\nSystem info: os.name: 'Windows 11', os.arch: 'amd64', os.version: '10.0', java.version: '20.0.2'\nDriver info: org.openqa.selenium.chrome.ChromeDriver\nCommand: [3760b8531457b531e1bc70230747806b, clickElement {id=f.7E2A977AFD20166CADB138AE21F8B80D.d.73DDC0E6829FAC9544167AF596CD5E41.e.37}]\nCapabilities {acceptInsecureCerts: false, browserName: chrome, browserVersion: 123.0.6312.124, chrome: {chromedriverVersion: 123.0.6312.122 (31f8248cdd9..., userDataDir: C:\\Users\\patil\\AppData\\Loca...}, fedcm:accounts: true, goog:chromeOptions: {debuggerAddress: localhost:55554}, networkConnectionEnabled: false, pageLoadStrategy: normal, platformName: windows, proxy: Proxy(), se:cdp: ws://localhost:55554/devtoo..., se:cdpVersion: 123.0.6312.124, setWindowRect: true, strictFileInteractability: false, timeouts: {implicit: 0, pageLoad: 300000, script: 30000}, unhandledPromptBehavior: dismiss and notify, webauthn:extension:credBlob: true, webauthn:extension:largeBlob: true, webauthn:extension:minPinLength: true, webauthn:extension:prf: true, webauthn:virtualAuthenticators: true}\nElement: [[ChromeDriver: chrome on windows (3760b8531457b531e1bc70230747806b)] -> xpath: //span[normalize-space()='User']]\nSession ID: 3760b8531457b531e1bc70230747806b","trace":"org.openqa.selenium.ElementClickInterceptedException: element click intercepted: Element <span class=\"ng-tns-c78-0 ng-star-inserted\">...</span> is not clickable at point (462, 411). Other element would receive the click: <input _ngcontent-fby-c85=\"\" id=\"username\" matinput=\"\" formcontrolname=\"userLoginEmailId\" required=\"\" class=\"mat-input-element mat-form-field-autofill-control ng-tns-c78-0 ng-untouched ng-pristine ng-invalid cdk-text-field-autofill-monitored\" data-placeholder=\"User\" aria-invalid=\"false\" aria-required=\"true\">\n  (Session info: chrome=123.0.6312.124)\nBuild info: version: '4.16.1', revision: '9b4c83354e'\nSystem info: os.name: 'Windows 11', os.arch: 'amd64', os.version: '10.0', java.version: '20.0.2'\nDriver info: org.openqa.selenium.chrome.ChromeDriver\nCommand: [3760b8531457b531e1bc70230747806b, clickElement {id=f.7E2A977AFD20166CADB138AE21F8B80D.d.73DDC0E6829FAC9544167AF596CD5E41.e.37}]\nCapabilities {acceptInsecureCerts: false, browserName: chrome, browserVersion: 123.0.6312.124, chrome: {chromedriverVersion: 123.0.6312.122 (31f8248cdd9..., userDataDir: C:\\Users\\patil\\AppData\\Loca...}, fedcm:accounts: true, goog:chromeOptions: {debuggerAddress: localhost:55554}, networkConnectionEnabled: false, pageLoadStrategy: normal, platformName: windows, proxy: Proxy(), se:cdp: ws://localhost:55554/devtoo..., se:cdpVersion: 123.0.6312.124, setWindowRect: true, strictFileInteractability: false, timeouts: {implicit: 0, pageLoad: 300000, script: 30000}, unhandledPromptBehavior: dismiss and notify, webauthn:extension:credBlob: true, webauthn:extension:largeBlob: true, webauthn:extension:minPinLength: true, webauthn:extension:prf: true, webauthn:virtualAuthenticators: true}\nElement: [[ChromeDriver: chrome on windows (3760b8531457b531e1bc70230747806b)] -> xpath: //span[normalize-space()='User']]\nSession ID: 3760b8531457b531e1bc70230747806b\r\n\tat java.base/jdk.internal.reflect.DirectConstructorHandleAccessor.newInstance(DirectConstructorHandleAccessor.java:67)\r\n\tat java.base/java.lang.reflect.Constructor.newInstanceWithCaller(Constructor.java:500)\r\n\tat java.base/java.lang.reflect.Constructor.newInstance(Constructor.java:484)\r\n\tat org.openqa.selenium.remote.codec.w3c.W3CHttpResponseCodec.createException(W3CHttpResponseCodec.java:200)\r\n\tat org.openqa.selenium.remote.codec.w3c.W3CHttpResponseCodec.decode(W3CHttpResponseCodec.java:133)\r\n\tat org.openqa.selenium.remote.codec.w3c.W3CHttpResponseCodec.decode(W3CHttpResponseCodec.java:52)\r\n\tat org.openqa.selenium.remote.HttpCommandExecutor.execute(HttpCommandExecutor.java:191)\r\n\tat org.openqa.selenium.remote.service.DriverCommandExecutor.invokeExecute(DriverCommandExecutor.java:200)\r\n\tat org.openqa.selenium.remote.service.DriverCommandExecutor.execute(DriverCommandExecutor.java:175)\r\n\tat org.openqa.selenium.remote.RemoteWebDriver.execute(RemoteWebDriver.java:523)\r\n\tat org.openqa.selenium.remote.RemoteWebElement.execute(RemoteWebElement.java:224)\r\n\tat org.openqa.selenium.remote.RemoteWebElement.click(RemoteWebElement.java:77)\r\n\tat PageObjects.AssignStaffPage.clickOnUserTab(AssignStaffPage.java:28)\r\n\tat StepDefinitions.AssignStaffSteps.admin_is_on_user_page(AssignStaffSteps.java:22)\r\n\tat ✽.Admin is on user Page(file:///C:/Users/patil/git/Team17_Testing_Squad/src/test/resources/Features/03AssignStaffUser.feature:6)\r\n"},"stage":"finished","steps":[{"name":"Given  Admin is on user Page","status":"broken","statusDetails":{"known":false,"muted":false,"flaky":false,"message":"element click intercepted: Element <span class=\"ng-tns-c78-0 ng-star-inserted\">...</span> is not clickable at point (462, 411). Other element would receive the click: <input _ngcontent-fby-c85=\"\" id=\"username\" matinput=\"\" formcontrolname=\"userLoginEmailId\" required=\"\" class=\"mat-input-element mat-form-field-autofill-control ng-tns-c78-0 ng-untouched ng-pristine ng-invalid cdk-text-field-autofill-monitored\" data-placeholder=\"User\" aria-invalid=\"false\" aria-required=\"true\">\n  (Session info: chrome=123.0.6312.124)\nBuild info: version: '4.16.1', revision: '9b4c83354e'\nSystem info: os.name: 'Windows 11', os.arch: 'amd64', os.version: '10.0', java.version: '20.0.2'\nDriver info: org.openqa.selenium.chrome.ChromeDriver\nCommand: [3760b8531457b531e1bc70230747806b, clickElement {id=f.7E2A977AFD20166CADB138AE21F8B80D.d.73DDC0E6829FAC9544167AF596CD5E41.e.37}]\nCapabilities {acceptInsecureCerts: false, browserName: chrome, browserVersion: 123.0.6312.124, chrome: {chromedriverVersion: 123.0.6312.122 (31f8248cdd9..., userDataDir: C:\\Users\\patil\\AppData\\Loca...}, fedcm:accounts: true, goog:chromeOptions: {debuggerAddress: localhost:55554}, networkConnectionEnabled: false, pageLoadStrategy: normal, platformName: windows, proxy: Proxy(), se:cdp: ws://localhost:55554/devtoo..., se:cdpVersion: 123.0.6312.124, setWindowRect: true, strictFileInteractability: false, timeouts: {implicit: 0, pageLoad: 300000, script: 30000}, unhandledPromptBehavior: dismiss and notify, webauthn:extension:credBlob: true, webauthn:extension:largeBlob: true, webauthn:extension:minPinLength: true, webauthn:extension:prf: true, webauthn:virtualAuthenticators: true}\nElement: [[ChromeDriver: chrome on windows (3760b8531457b531e1bc70230747806b)] -> xpath: //span[normalize-space()='User']]\nSession ID: 3760b8531457b531e1bc70230747806b","trace":"org.openqa.selenium.ElementClickInterceptedException: element click intercepted: Element <span class=\"ng-tns-c78-0 ng-star-inserted\">...</span> is not clickable at point (462, 411). Other element would receive the click: <input _ngcontent-fby-c85=\"\" id=\"username\" matinput=\"\" formcontrolname=\"userLoginEmailId\" required=\"\" class=\"mat-input-element mat-form-field-autofill-control ng-tns-c78-0 ng-untouched ng-pristine ng-invalid cdk-text-field-autofill-monitored\" data-placeholder=\"User\" aria-invalid=\"false\" aria-required=\"true\">\n  (Session info: chrome=123.0.6312.124)\nBuild info: version: '4.16.1', revision: '9b4c83354e'\nSystem info: os.name: 'Windows 11', os.arch: 'amd64', os.version: '10.0', java.version: '20.0.2'\nDriver info: org.openqa.selenium.chrome.ChromeDriver\nCommand: [3760b8531457b531e1bc70230747806b, clickElement {id=f.7E2A977AFD20166CADB138AE21F8B80D.d.73DDC0E6829FAC9544167AF596CD5E41.e.37}]\nCapabilities {acceptInsecureCerts: false, browserName: chrome, browserVersion: 123.0.6312.124, chrome: {chromedriverVersion: 123.0.6312.122 (31f8248cdd9..., userDataDir: C:\\Users\\patil\\AppData\\Loca...}, fedcm:accounts: true, goog:chromeOptions: {debuggerAddress: localhost:55554}, networkConnectionEnabled: false, pageLoadStrategy: normal, platformName: windows, proxy: Proxy(), se:cdp: ws://localhost:55554/devtoo..., se:cdpVersion: 123.0.6312.124, setWindowRect: true, strictFileInteractability: false, timeouts: {implicit: 0, pageLoad: 300000, script: 30000}, unhandledPromptBehavior: dismiss and notify, webauthn:extension:credBlob: true, webauthn:extension:largeBlob: true, webauthn:extension:minPinLength: true, webauthn:extension:prf: true, webauthn:virtualAuthenticators: true}\nElement: [[ChromeDriver: chrome on windows (3760b8531457b531e1bc70230747806b)] -> xpath: //span[normalize-space()='User']]\nSession ID: 3760b8531457b531e1bc70230747806b\r\n\tat java.base/jdk.internal.reflect.DirectConstructorHandleAccessor.newInstance(DirectConstructorHandleAccessor.java:67)\r\n\tat java.base/java.lang.reflect.Constructor.newInstanceWithCaller(Constructor.java:500)\r\n\tat java.base/java.lang.reflect.Constructor.newInstance(Constructor.java:484)\r\n\tat org.openqa.selenium.remote.codec.w3c.W3CHttpResponseCodec.createException(W3CHttpResponseCodec.java:200)\r\n\tat org.openqa.selenium.remote.codec.w3c.W3CHttpResponseCodec.decode(W3CHttpResponseCodec.java:133)\r\n\tat org.openqa.selenium.remote.codec.w3c.W3CHttpResponseCodec.decode(W3CHttpResponseCodec.java:52)\r\n\tat org.openqa.selenium.remote.HttpCommandExecutor.execute(HttpCommandExecutor.java:191)\r\n\tat org.openqa.selenium.remote.service.DriverCommandExecutor.invokeExecute(DriverCommandExecutor.java:200)\r\n\tat org.openqa.selenium.remote.service.DriverCommandExecutor.execute(DriverCommandExecutor.java:175)\r\n\tat org.openqa.selenium.remote.RemoteWebDriver.execute(RemoteWebDriver.java:523)\r\n\tat org.openqa.selenium.remote.RemoteWebElement.execute(RemoteWebElement.java:224)\r\n\tat org.openqa.selenium.remote.RemoteWebElement.click(RemoteWebElement.java:77)\r\n\tat PageObjects.AssignStaffPage.clickOnUserTab(AssignStaffPage.java:28)\r\n\tat StepDefinitions.AssignStaffSteps.admin_is_on_user_page(AssignStaffSteps.java:22)\r\n\tat ✽.Admin is on user Page(file:///C:/Users/patil/git/Team17_Testing_Squad/src/test/resources/Features/03AssignStaffUser.feature:6)\r\n"},"stage":"finished","steps":[],"attachments":[],"parameters":[],"start":1714599259974,"stop":1714599261412},{"name":"When  Admin clicks on \"Assign Staff\" button","status":"skipped","statusDetails":{"known":false,"muted":false,"flaky":false},"stage":"finished","steps":[],"attachments":[],"parameters":[],"start":1714599261416,"stop":1714599261417},{"name":"Then  User should see a pop up open for assign staff with empty form along with Save and Cancel button and close icon on the top","status":"skipped","statusDetails":{"known":false,"muted":false,"flaky":false},"stage":"finished","steps":[],"attachments":[],"parameters":[],"start":1714599261417,"stop":1714599261418}],"attachments":[],"parameters":[],"start":1714599259970,"stop":1714599261609}