{"uuid":"f05b5af1-9898-409f-a8d4-eb56893c5925","historyId":"7e52fee1f218e606fe378894658477f7","fullName":"Add New Program: Validate invalid values on the text column","labels":[{"name":"host","value":"DESKTOP-QPCBQJB"},{"name":"thread","value":"5488@DESKTOP-QPCBQJB.main(1)"},{"name":"feature","value":"Add New Program"},{"name":"story","value":"Validate invalid values on the text column"},{"name":"suite","value":"Add New Program"},{"name":"testClass","value":"Validate invalid values on the text column"},{"name":"framework","value":"cucumber4jvm"},{"name":"language","value":"java"},{"name":"gherkin_uri","value":"file:///C:/Users/nsatc/git/Team17_Testing_Squad/src/test/resources/Features/03_02_addNewProgram.feature"},{"name":"package","value":"src.test.resources.Features.03_02_addNewProgram_feature.Add New Program"}],"links":[],"name":"Validate invalid values on the text column","status":"broken","statusDetails":{"known":false,"muted":false,"flaky":false,"message":"element click intercepted: Element <button _ngcontent-bti-c223=\"\" id=\"program\" mat-button=\"\" a=\"\" routerlink=\"/program\" class=\"mat-focus-indicator mat-button mat-button-base\" tabindex=\"0\">...</button> is not clickable at point (1100, 32). Other element would receive the click: <div class=\"ng-tns-c132-3 p-dialog-mask p-component-overlay p-dialog-mask-scrollblocker ng-star-inserted\" style=\"z-index: 1003;\">...</div>\n  (Session info: chrome=124.0.6367.79)\nBuild info: version: '4.15.0', revision: '1d14b5521b'\nSystem info: os.name: 'Windows 11', os.arch: 'amd64', os.version: '10.0', java.version: '21.0.1'\nDriver info: org.openqa.selenium.chrome.ChromeDriver\nCommand: [63f68b7fac0fece592433d3fd7e6e3f5, clickElement {id=f.A9DDCC78EF35F05C76DEC16F4A4E8209.d.54242F7FB4F3E5E7B48DC2DBDF7A1500.e.1111}]\nCapabilities {acceptInsecureCerts: false, browserName: chrome, browserVersion: 124.0.6367.79, chrome: {chromedriverVersion: 124.0.6367.91 (51df0e5e17a8..., userDataDir: C:\\Users\\nsatc\\AppData\\Loca...}, fedcm:accounts: true, goog:chromeOptions: {debuggerAddress: localhost:54602}, networkConnectionEnabled: false, pageLoadStrategy: normal, platformName: windows, proxy: Proxy(), se:cdp: ws://localhost:54602/devtoo..., se:cdpVersion: 124.0.6367.79, setWindowRect: true, strictFileInteractability: false, timeouts: {implicit: 0, pageLoad: 300000, script: 30000}, unhandledPromptBehavior: dismiss and notify, webauthn:extension:credBlob: true, webauthn:extension:largeBlob: true, webauthn:extension:minPinLength: true, webauthn:extension:prf: true, webauthn:virtualAuthenticators: true}\nElement: [[ChromeDriver: chrome on windows (63f68b7fac0fece592433d3fd7e6e3f5)] -> xpath: //*[@id=\"program\"]]\nSession ID: 63f68b7fac0fece592433d3fd7e6e3f5","trace":"org.openqa.selenium.ElementClickInterceptedException: element click intercepted: Element <button _ngcontent-bti-c223=\"\" id=\"program\" mat-button=\"\" a=\"\" routerlink=\"/program\" class=\"mat-focus-indicator mat-button mat-button-base\" tabindex=\"0\">...</button> is not clickable at point (1100, 32). Other element would receive the click: <div class=\"ng-tns-c132-3 p-dialog-mask p-component-overlay p-dialog-mask-scrollblocker ng-star-inserted\" style=\"z-index: 1003;\">...</div>\n  (Session info: chrome=124.0.6367.79)\nBuild info: version: '4.15.0', revision: '1d14b5521b'\nSystem info: os.name: 'Windows 11', os.arch: 'amd64', os.version: '10.0', java.version: '21.0.1'\nDriver info: org.openqa.selenium.chrome.ChromeDriver\nCommand: [63f68b7fac0fece592433d3fd7e6e3f5, clickElement {id=f.A9DDCC78EF35F05C76DEC16F4A4E8209.d.54242F7FB4F3E5E7B48DC2DBDF7A1500.e.1111}]\nCapabilities {acceptInsecureCerts: false, browserName: chrome, browserVersion: 124.0.6367.79, chrome: {chromedriverVersion: 124.0.6367.91 (51df0e5e17a8..., userDataDir: C:\\Users\\nsatc\\AppData\\Loca...}, fedcm:accounts: true, goog:chromeOptions: {debuggerAddress: localhost:54602}, networkConnectionEnabled: false, pageLoadStrategy: normal, platformName: windows, proxy: Proxy(), se:cdp: ws://localhost:54602/devtoo..., se:cdpVersion: 124.0.6367.79, setWindowRect: true, strictFileInteractability: false, timeouts: {implicit: 0, pageLoad: 300000, script: 30000}, unhandledPromptBehavior: dismiss and notify, webauthn:extension:credBlob: true, webauthn:extension:largeBlob: true, webauthn:extension:minPinLength: true, webauthn:extension:prf: true, webauthn:virtualAuthenticators: true}\nElement: [[ChromeDriver: chrome on windows (63f68b7fac0fece592433d3fd7e6e3f5)] -> xpath: //*[@id=\"program\"]]\nSession ID: 63f68b7fac0fece592433d3fd7e6e3f5\r\n\tat java.base/jdk.internal.reflect.DirectConstructorHandleAccessor.newInstance(DirectConstructorHandleAccessor.java:62)\r\n\tat java.base/java.lang.reflect.Constructor.newInstanceWithCaller(Constructor.java:502)\r\n\tat java.base/java.lang.reflect.Constructor.newInstance(Constructor.java:486)\r\n\tat org.openqa.selenium.remote.codec.w3c.W3CHttpResponseCodec.createException(W3CHttpResponseCodec.java:200)\r\n\tat org.openqa.selenium.remote.codec.w3c.W3CHttpResponseCodec.decode(W3CHttpResponseCodec.java:133)\r\n\tat org.openqa.selenium.remote.codec.w3c.W3CHttpResponseCodec.decode(W3CHttpResponseCodec.java:52)\r\n\tat org.openqa.selenium.remote.HttpCommandExecutor.execute(HttpCommandExecutor.java:191)\r\n\tat org.openqa.selenium.remote.service.DriverCommandExecutor.invokeExecute(DriverCommandExecutor.java:200)\r\n\tat org.openqa.selenium.remote.service.DriverCommandExecutor.execute(DriverCommandExecutor.java:175)\r\n\tat org.openqa.selenium.remote.RemoteWebDriver.execute(RemoteWebDriver.java:607)\r\n\tat org.openqa.selenium.remote.RemoteWebElement.execute(RemoteWebElement.java:224)\r\n\tat org.openqa.selenium.remote.RemoteWebElement.click(RemoteWebElement.java:77)\r\n\tat PageObjects.addNewPgmPg.clickprogramLink(addNewPgmPg.java:59)\r\n\tat StepDefinitions.addNewPgmStep.clicks_program_page_and_clicks_a_new_program_button(addNewPgmStep.java:38)\r\n\tat ✽.Clicks Program page and clicks A New Program button(file:///C:/Users/nsatc/git/Team17_Testing_Squad/src/test/resources/Features/03_02_addNewProgram.feature:5)\r\n"},"stage":"finished","steps":[{"name":"Given  Admin is on Dashboard page after login for Manage Program","status":"passed","statusDetails":{"known":false,"muted":false,"flaky":false},"stage":"finished","steps":[],"attachments":[],"parameters":[],"start":1714667371880,"stop":1714667371894},{"name":"When  Clicks Program page and clicks A New Program button","status":"broken","statusDetails":{"known":false,"muted":false,"flaky":false,"message":"element click intercepted: Element <button _ngcontent-bti-c223=\"\" id=\"program\" mat-button=\"\" a=\"\" routerlink=\"/program\" class=\"mat-focus-indicator mat-button mat-button-base\" tabindex=\"0\">...</button> is not clickable at point (1100, 32). Other element would receive the click: <div class=\"ng-tns-c132-3 p-dialog-mask p-component-overlay p-dialog-mask-scrollblocker ng-star-inserted\" style=\"z-index: 1003;\">...</div>\n  (Session info: chrome=124.0.6367.79)\nBuild info: version: '4.15.0', revision: '1d14b5521b'\nSystem info: os.name: 'Windows 11', os.arch: 'amd64', os.version: '10.0', java.version: '21.0.1'\nDriver info: org.openqa.selenium.chrome.ChromeDriver\nCommand: [63f68b7fac0fece592433d3fd7e6e3f5, clickElement {id=f.A9DDCC78EF35F05C76DEC16F4A4E8209.d.54242F7FB4F3E5E7B48DC2DBDF7A1500.e.1111}]\nCapabilities {acceptInsecureCerts: false, browserName: chrome, browserVersion: 124.0.6367.79, chrome: {chromedriverVersion: 124.0.6367.91 (51df0e5e17a8..., userDataDir: C:\\Users\\nsatc\\AppData\\Loca...}, fedcm:accounts: true, goog:chromeOptions: {debuggerAddress: localhost:54602}, networkConnectionEnabled: false, pageLoadStrategy: normal, platformName: windows, proxy: Proxy(), se:cdp: ws://localhost:54602/devtoo..., se:cdpVersion: 124.0.6367.79, setWindowRect: true, strictFileInteractability: false, timeouts: {implicit: 0, pageLoad: 300000, script: 30000}, unhandledPromptBehavior: dismiss and notify, webauthn:extension:credBlob: true, webauthn:extension:largeBlob: true, webauthn:extension:minPinLength: true, webauthn:extension:prf: true, webauthn:virtualAuthenticators: true}\nElement: [[ChromeDriver: chrome on windows (63f68b7fac0fece592433d3fd7e6e3f5)] -> xpath: //*[@id=\"program\"]]\nSession ID: 63f68b7fac0fece592433d3fd7e6e3f5","trace":"org.openqa.selenium.ElementClickInterceptedException: element click intercepted: Element <button _ngcontent-bti-c223=\"\" id=\"program\" mat-button=\"\" a=\"\" routerlink=\"/program\" class=\"mat-focus-indicator mat-button mat-button-base\" tabindex=\"0\">...</button> is not clickable at point (1100, 32). Other element would receive the click: <div class=\"ng-tns-c132-3 p-dialog-mask p-component-overlay p-dialog-mask-scrollblocker ng-star-inserted\" style=\"z-index: 1003;\">...</div>\n  (Session info: chrome=124.0.6367.79)\nBuild info: version: '4.15.0', revision: '1d14b5521b'\nSystem info: os.name: 'Windows 11', os.arch: 'amd64', os.version: '10.0', java.version: '21.0.1'\nDriver info: org.openqa.selenium.chrome.ChromeDriver\nCommand: [63f68b7fac0fece592433d3fd7e6e3f5, clickElement {id=f.A9DDCC78EF35F05C76DEC16F4A4E8209.d.54242F7FB4F3E5E7B48DC2DBDF7A1500.e.1111}]\nCapabilities {acceptInsecureCerts: false, browserName: chrome, browserVersion: 124.0.6367.79, chrome: {chromedriverVersion: 124.0.6367.91 (51df0e5e17a8..., userDataDir: C:\\Users\\nsatc\\AppData\\Loca...}, fedcm:accounts: true, goog:chromeOptions: {debuggerAddress: localhost:54602}, networkConnectionEnabled: false, pageLoadStrategy: normal, platformName: windows, proxy: Proxy(), se:cdp: ws://localhost:54602/devtoo..., se:cdpVersion: 124.0.6367.79, setWindowRect: true, strictFileInteractability: false, timeouts: {implicit: 0, pageLoad: 300000, script: 30000}, unhandledPromptBehavior: dismiss and notify, webauthn:extension:credBlob: true, webauthn:extension:largeBlob: true, webauthn:extension:minPinLength: true, webauthn:extension:prf: true, webauthn:virtualAuthenticators: true}\nElement: [[ChromeDriver: chrome on windows (63f68b7fac0fece592433d3fd7e6e3f5)] -> xpath: //*[@id=\"program\"]]\nSession ID: 63f68b7fac0fece592433d3fd7e6e3f5\r\n\tat java.base/jdk.internal.reflect.DirectConstructorHandleAccessor.newInstance(DirectConstructorHandleAccessor.java:62)\r\n\tat java.base/java.lang.reflect.Constructor.newInstanceWithCaller(Constructor.java:502)\r\n\tat java.base/java.lang.reflect.Constructor.newInstance(Constructor.java:486)\r\n\tat org.openqa.selenium.remote.codec.w3c.W3CHttpResponseCodec.createException(W3CHttpResponseCodec.java:200)\r\n\tat org.openqa.selenium.remote.codec.w3c.W3CHttpResponseCodec.decode(W3CHttpResponseCodec.java:133)\r\n\tat org.openqa.selenium.remote.codec.w3c.W3CHttpResponseCodec.decode(W3CHttpResponseCodec.java:52)\r\n\tat org.openqa.selenium.remote.HttpCommandExecutor.execute(HttpCommandExecutor.java:191)\r\n\tat org.openqa.selenium.remote.service.DriverCommandExecutor.invokeExecute(DriverCommandExecutor.java:200)\r\n\tat org.openqa.selenium.remote.service.DriverCommandExecutor.execute(DriverCommandExecutor.java:175)\r\n\tat org.openqa.selenium.remote.RemoteWebDriver.execute(RemoteWebDriver.java:607)\r\n\tat org.openqa.selenium.remote.RemoteWebElement.execute(RemoteWebElement.java:224)\r\n\tat org.openqa.selenium.remote.RemoteWebElement.click(RemoteWebElement.java:77)\r\n\tat PageObjects.addNewPgmPg.clickprogramLink(addNewPgmPg.java:59)\r\n\tat StepDefinitions.addNewPgmStep.clicks_program_page_and_clicks_a_new_program_button(addNewPgmStep.java:38)\r\n\tat ✽.Clicks Program page and clicks A New Program button(file:///C:/Users/nsatc/git/Team17_Testing_Squad/src/test/resources/Features/03_02_addNewProgram.feature:5)\r\n"},"stage":"finished","steps":[],"attachments":[],"parameters":[],"start":1714667371894,"stop":1714667372993},{"name":"Then  Validate Admin is on Program Details modal window","status":"skipped","statusDetails":{"known":false,"muted":false,"flaky":false},"stage":"finished","steps":[],"attachments":[],"parameters":[],"start":1714667372994,"stop":1714667372994},{"name":"Given  Admin is on Program Details modal window","status":"skipped","statusDetails":{"known":false,"muted":false,"flaky":false},"stage":"finished","steps":[],"attachments":[],"parameters":[],"start":1714667372994,"stop":1714667372995},{"name":"When  Admin enters only numbers or special char in Pgm name and Desc \"Manage Program\" 3 column","status":"skipped","statusDetails":{"known":false,"muted":false,"flaky":false},"stage":"finished","steps":[],"attachments":[],"parameters":[],"start":1714667372995,"stop":1714667372995},{"name":"Then  Admin gets a Error message alert for invalid inputs","status":"skipped","statusDetails":{"known":false,"muted":false,"flaky":false},"stage":"finished","steps":[],"attachments":[],"parameters":[],"start":1714667372996,"stop":1714667372996}],"attachments":[],"parameters":[{"name":"Sheetname","value":"Manage Program"},{"name":"Rownumber","value":"3"}],"start":1714667371880,"stop":1714667373127}