<?xml version="1.0" encoding="UTF-8"?>
<testng-results ignored="0" total="82" passed="80" failed="2" skipped="0">
  <reporter-output>
  </reporter-output>
  <suite started-at="2024-05-01T17:49:44 EDT" name="Default suite" finished-at="2024-05-01T17:55:14 EDT" duration-ms="330563">
    <groups>
      <group name="cucumber">
        <method signature="AbstractTestNGCucumberTests.runScenario(io.cucumber.testng.PickleWrapper,io.cucumber.testng.FeatureWrapper)[pri:0, instance:Runner.MyTestRunner@6ca18a14]" name="runScenario" class="io.cucumber.testng.AbstractTestNGCucumberTests"/>
      </group> <!-- cucumber -->
    </groups>
    <test started-at="2024-05-01T17:49:44 EDT" name="Default test" finished-at="2024-05-01T17:55:14 EDT" duration-ms="330563">
      <class name="Runner.MyTestRunner">
        <test-method is-config="true" signature="setUpClass(org.testng.ITestContext)[pri:0, instance:Runner.MyTestRunner@6ca18a14]" started-at="2024-05-01T17:49:44 EDT" name="setUpClass" finished-at="2024-05-01T17:49:49 EDT" duration-ms="5898" status="PASS">
          <params>
            <param index="0">
              <value>
                <![CDATA[org.testng.TestRunner@5e324000]]>
              </value>
            </param>
          </params>
          <reporter-output>
          </reporter-output>
        </test-method> <!-- setUpClass -->
        <test-method signature="runScenario(io.cucumber.testng.PickleWrapper,io.cucumber.testng.FeatureWrapper)[pri:0, instance:Runner.MyTestRunner@6ca18a14]" started-at="2024-05-01T17:49:50 EDT" name="runScenario" description="Runs Cucumber Scenarios" data-provider="scenarios" finished-at="2024-05-01T17:49:51 EDT" duration-ms="1927" status="PASS">
          <params>
            <param index="0">
              <value>
                <![CDATA["Validate logo is displayed in loginPage"]]>
              </value>
            </param>
            <param index="1">
              <value>
                <![CDATA["Optional[Home Page Verification]"]]>
              </value>
            </param>
          </params>
          <reporter-output>
          </reporter-output>
        </test-method> <!-- runScenario -->
        <test-method signature="runScenario(io.cucumber.testng.PickleWrapper,io.cucumber.testng.FeatureWrapper)[pri:0, instance:Runner.MyTestRunner@6ca18a14]" started-at="2024-05-01T17:49:51 EDT" name="runScenario" description="Runs Cucumber Scenarios" data-provider="scenarios" finished-at="2024-05-01T17:49:52 EDT" duration-ms="804" status="PASS">
          <params>
            <param index="0">
              <value>
                <![CDATA["Validate field allignments in loginPage"]]>
              </value>
            </param>
            <param index="1">
              <value>
                <![CDATA["Optional[Home Page Verification]"]]>
              </value>
            </param>
          </params>
          <reporter-output>
          </reporter-output>
        </test-method> <!-- runScenario -->
        <test-method signature="runScenario(io.cucumber.testng.PickleWrapper,io.cucumber.testng.FeatureWrapper)[pri:0, instance:Runner.MyTestRunner@6ca18a14]" started-at="2024-05-01T17:49:52 EDT" name="runScenario" description="Runs Cucumber Scenarios" data-provider="scenarios" finished-at="2024-05-01T17:49:53 EDT" duration-ms="982" status="PASS">
          <params>
            <param index="0">
              <value>
                <![CDATA["Validate Page Not found"]]>
              </value>
            </param>
            <param index="1">
              <value>
                <![CDATA["Optional[Home Page Verification]"]]>
              </value>
            </param>
          </params>
          <reporter-output>
          </reporter-output>
        </test-method> <!-- runScenario -->
        <test-method signature="runScenario(io.cucumber.testng.PickleWrapper,io.cucumber.testng.FeatureWrapper)[pri:0, instance:Runner.MyTestRunner@6ca18a14]" started-at="2024-05-01T17:49:53 EDT" name="runScenario" description="Runs Cucumber Scenarios" data-provider="scenarios" finished-at="2024-05-01T17:49:56 EDT" duration-ms="2845" status="PASS">
          <params>
            <param index="0">
              <value>
                <![CDATA["Validate login with valid credentials"]]>
              </value>
            </param>
            <param index="1">
              <value>
                <![CDATA["Optional[Home Page Verification]"]]>
              </value>
            </param>
          </params>
          <reporter-output>
          </reporter-output>
        </test-method> <!-- runScenario -->
        <test-method signature="runScenario(io.cucumber.testng.PickleWrapper,io.cucumber.testng.FeatureWrapper)[pri:0, instance:Runner.MyTestRunner@6ca18a14]" started-at="2024-05-01T17:49:56 EDT" name="runScenario" description="Runs Cucumber Scenarios" data-provider="scenarios" finished-at="2024-05-01T17:49:58 EDT" duration-ms="1779" status="PASS">
          <params>
            <param index="0">
              <value>
                <![CDATA["Validate login page elements and invalid credentials"]]>
              </value>
            </param>
            <param index="1">
              <value>
                <![CDATA["Optional[Home Page Verification]"]]>
              </value>
            </param>
          </params>
          <reporter-output>
          </reporter-output>
        </test-method> <!-- runScenario -->
        <test-method signature="runScenario(io.cucumber.testng.PickleWrapper,io.cucumber.testng.FeatureWrapper)[pri:0, instance:Runner.MyTestRunner@6ca18a14]" started-at="2024-05-01T17:49:58 EDT" name="runScenario" description="Runs Cucumber Scenarios" data-provider="scenarios" finished-at="2024-05-01T17:50:00 EDT" duration-ms="1705" status="PASS">
          <params>
            <param index="0">
              <value>
                <![CDATA["Validate login page elements and invalid credentials"]]>
              </value>
            </param>
            <param index="1">
              <value>
                <![CDATA["Optional[Home Page Verification]"]]>
              </value>
            </param>
          </params>
          <reporter-output>
          </reporter-output>
        </test-method> <!-- runScenario -->
        <test-method signature="runScenario(io.cucumber.testng.PickleWrapper,io.cucumber.testng.FeatureWrapper)[pri:0, instance:Runner.MyTestRunner@6ca18a14]" started-at="2024-05-01T17:50:00 EDT" name="runScenario" description="Runs Cucumber Scenarios" data-provider="scenarios" finished-at="2024-05-01T17:50:01 EDT" duration-ms="1726" status="FAIL">
          <params>
            <param index="0">
              <value>
                <![CDATA["Validate login page elements and invalid credentials"]]>
              </value>
            </param>
            <param index="1">
              <value>
                <![CDATA["Optional[Home Page Verification]"]]>
              </value>
            </param>
          </params>
          <exception class="java.lang.AssertionError">
            <message>
              <![CDATA[Please enter your username is not displayed and it is displaying the following wrong message Invalid username and password Please try again expected [false] but found [true]]]>
            </message>
            <full-stacktrace>
              <![CDATA[java.lang.AssertionError: Please enter your username is not displayed and it is displaying the following wrong message Invalid username and password Please try again expected [false] but found [true]
at org.testng.Assert.fail(Assert.java:110)
at org.testng.Assert.failNotEquals(Assert.java:1577)
at org.testng.Assert.assertEqualsImpl(Assert.java:149)
at org.testng.Assert.assertEquals(Assert.java:131)
at org.testng.Assert.assertEquals(Assert.java:1066)
at org.testng.Assert.assertEquals(Assert.java:1030)
at StepDefinitions.LoginPageSteps.Error_Msg_Validation(LoginPageSteps.java:77)
at ✽.Admin should see the Error message please check expected 'Please enter your username' displays(file:///C:/Users/nsatc/git/Team17_Testing_Squad/src/test/resources/Features/01Login.feature:28)
]]>
            </full-stacktrace>
          </exception> <!-- java.lang.AssertionError -->
          <reporter-output>
          </reporter-output>
        </test-method> <!-- runScenario -->
        <test-method signature="runScenario(io.cucumber.testng.PickleWrapper,io.cucumber.testng.FeatureWrapper)[pri:0, instance:Runner.MyTestRunner@6ca18a14]" started-at="2024-05-01T17:50:01 EDT" name="runScenario" description="Runs Cucumber Scenarios" data-provider="scenarios" finished-at="2024-05-01T17:50:03 EDT" duration-ms="2014" status="FAIL">
          <params>
            <param index="0">
              <value>
                <![CDATA["Validate login page elements and invalid credentials"]]>
              </value>
            </param>
            <param index="1">
              <value>
                <![CDATA["Optional[Home Page Verification]"]]>
              </value>
            </param>
          </params>
          <exception class="java.lang.AssertionError">
            <message>
              <![CDATA[Please enter your password is not displayed and it is displaying the following wrong message Invalid username and password Please try again expected [false] but found [true]]]>
            </message>
            <full-stacktrace>
              <![CDATA[java.lang.AssertionError: Please enter your password is not displayed and it is displaying the following wrong message Invalid username and password Please try again expected [false] but found [true]
at org.testng.Assert.fail(Assert.java:110)
at org.testng.Assert.failNotEquals(Assert.java:1577)
at org.testng.Assert.assertEqualsImpl(Assert.java:149)
at org.testng.Assert.assertEquals(Assert.java:131)
at org.testng.Assert.assertEquals(Assert.java:1066)
at org.testng.Assert.assertEquals(Assert.java:1030)
at StepDefinitions.LoginPageSteps.Error_Msg_Validation(LoginPageSteps.java:77)
at ✽.Admin should see the Error message please check expected 'Please enter your password' displays(file:///C:/Users/nsatc/git/Team17_Testing_Squad/src/test/resources/Features/01Login.feature:28)
]]>
            </full-stacktrace>
          </exception> <!-- java.lang.AssertionError -->
          <reporter-output>
          </reporter-output>
        </test-method> <!-- runScenario -->
        <test-method signature="runScenario(io.cucumber.testng.PickleWrapper,io.cucumber.testng.FeatureWrapper)[pri:0, instance:Runner.MyTestRunner@6ca18a14]" started-at="2024-05-01T17:50:03 EDT" name="runScenario" description="Runs Cucumber Scenarios" data-provider="scenarios" finished-at="2024-05-01T17:50:05 EDT" duration-ms="1837" status="PASS">
          <params>
            <param index="0">
              <value>
                <![CDATA["Validate login with valid credentials by clicking Login button through Keypad"]]>
              </value>
            </param>
            <param index="1">
              <value>
                <![CDATA["Optional[Home Page Verification]"]]>
              </value>
            </param>
          </params>
          <reporter-output>
          </reporter-output>
        </test-method> <!-- runScenario -->
        <test-method signature="runScenario(io.cucumber.testng.PickleWrapper,io.cucumber.testng.FeatureWrapper)[pri:0, instance:Runner.MyTestRunner@6ca18a14]" started-at="2024-05-01T17:50:05 EDT" name="runScenario" description="Runs Cucumber Scenarios" data-provider="scenarios" finished-at="2024-05-01T17:50:06 EDT" duration-ms="376" status="PASS">
          <params>
            <param index="0">
              <value>
                <![CDATA["Validate Fields are displayed in LoginPage"]]>
              </value>
            </param>
            <param index="1">
              <value>
                <![CDATA["Optional[Home Page Verification]"]]>
              </value>
            </param>
          </params>
          <reporter-output>
          </reporter-output>
        </test-method> <!-- runScenario -->
        <test-method signature="runScenario(io.cucumber.testng.PickleWrapper,io.cucumber.testng.FeatureWrapper)[pri:0, instance:Runner.MyTestRunner@6ca18a14]" started-at="2024-05-01T17:50:06 EDT" name="runScenario" description="Runs Cucumber Scenarios" data-provider="scenarios" finished-at="2024-05-01T17:50:06 EDT" duration-ms="430" status="PASS">
          <params>
            <param index="0">
              <value>
                <![CDATA["Validate Fields are displayed in LoginPage"]]>
              </value>
            </param>
            <param index="1">
              <value>
                <![CDATA["Optional[Home Page Verification]"]]>
              </value>
            </param>
          </params>
          <reporter-output>
          </reporter-output>
        </test-method> <!-- runScenario -->
        <test-method signature="runScenario(io.cucumber.testng.PickleWrapper,io.cucumber.testng.FeatureWrapper)[pri:0, instance:Runner.MyTestRunner@6ca18a14]" started-at="2024-05-01T17:50:06 EDT" name="runScenario" description="Runs Cucumber Scenarios" data-provider="scenarios" finished-at="2024-05-01T17:50:07 EDT" duration-ms="443" status="PASS">
          <params>
            <param index="0">
              <value>
                <![CDATA["Validate Fields are displayed in LoginPage"]]>
              </value>
            </param>
            <param index="1">
              <value>
                <![CDATA["Optional[Home Page Verification]"]]>
              </value>
            </param>
          </params>
          <reporter-output>
          </reporter-output>
        </test-method> <!-- runScenario -->
        <test-method signature="runScenario(io.cucumber.testng.PickleWrapper,io.cucumber.testng.FeatureWrapper)[pri:0, instance:Runner.MyTestRunner@6ca18a14]" started-at="2024-05-01T17:50:07 EDT" name="runScenario" description="Runs Cucumber Scenarios" data-provider="scenarios" finished-at="2024-05-01T17:50:07 EDT" duration-ms="524" status="PASS">
          <params>
            <param index="0">
              <value>
                <![CDATA["Validate Fields are displayed in LoginPage"]]>
              </value>
            </param>
            <param index="1">
              <value>
                <![CDATA["Optional[Home Page Verification]"]]>
              </value>
            </param>
          </params>
          <reporter-output>
          </reporter-output>
        </test-method> <!-- runScenario -->
        <test-method signature="runScenario(io.cucumber.testng.PickleWrapper,io.cucumber.testng.FeatureWrapper)[pri:0, instance:Runner.MyTestRunner@6ca18a14]" started-at="2024-05-01T17:50:07 EDT" name="runScenario" description="Runs Cucumber Scenarios" data-provider="scenarios" finished-at="2024-05-01T17:50:08 EDT" duration-ms="672" status="PASS">
          <params>
            <param index="0">
              <value>
                <![CDATA["Validate Fields are displayed in LoginPage"]]>
              </value>
            </param>
            <param index="1">
              <value>
                <![CDATA["Optional[Home Page Verification]"]]>
              </value>
            </param>
          </params>
          <reporter-output>
          </reporter-output>
        </test-method> <!-- runScenario -->
        <test-method signature="runScenario(io.cucumber.testng.PickleWrapper,io.cucumber.testng.FeatureWrapper)[pri:0, instance:Runner.MyTestRunner@6ca18a14]" started-at="2024-05-01T17:50:08 EDT" name="runScenario" description="Runs Cucumber Scenarios" data-provider="scenarios" finished-at="2024-05-01T17:50:08 EDT" duration-ms="661" status="PASS">
          <params>
            <param index="0">
              <value>
                <![CDATA["Validate Fields are displayed in LoginPage"]]>
              </value>
            </param>
            <param index="1">
              <value>
                <![CDATA["Optional[Home Page Verification]"]]>
              </value>
            </param>
          </params>
          <reporter-output>
          </reporter-output>
        </test-method> <!-- runScenario -->
        <test-method signature="runScenario(io.cucumber.testng.PickleWrapper,io.cucumber.testng.FeatureWrapper)[pri:0, instance:Runner.MyTestRunner@6ca18a14]" started-at="2024-05-01T17:50:08 EDT" name="runScenario" description="Runs Cucumber Scenarios" data-provider="scenarios" finished-at="2024-05-01T17:50:09 EDT" duration-ms="593" status="PASS">
          <params>
            <param index="0">
              <value>
                <![CDATA["Validate Fields are displayed in LoginPage"]]>
              </value>
            </param>
            <param index="1">
              <value>
                <![CDATA["Optional[Home Page Verification]"]]>
              </value>
            </param>
          </params>
          <reporter-output>
          </reporter-output>
        </test-method> <!-- runScenario -->
        <test-method signature="runScenario(io.cucumber.testng.PickleWrapper,io.cucumber.testng.FeatureWrapper)[pri:0, instance:Runner.MyTestRunner@6ca18a14]" started-at="2024-05-01T17:50:09 EDT" name="runScenario" description="Runs Cucumber Scenarios" data-provider="scenarios" finished-at="2024-05-01T17:50:10 EDT" duration-ms="1296" status="PASS">
          <params>
            <param index="0">
              <value>
                <![CDATA["Validate loginpage color"]]>
              </value>
            </param>
            <param index="1">
              <value>
                <![CDATA["Optional[Home Page Verification]"]]>
              </value>
            </param>
          </params>
          <reporter-output>
          </reporter-output>
        </test-method> <!-- runScenario -->
        <test-method signature="runScenario(io.cucumber.testng.PickleWrapper,io.cucumber.testng.FeatureWrapper)[pri:0, instance:Runner.MyTestRunner@6ca18a14]" started-at="2024-05-01T17:50:10 EDT" name="runScenario" description="Runs Cucumber Scenarios" data-provider="scenarios" finished-at="2024-05-01T17:50:11 EDT" duration-ms="502" status="PASS">
          <params>
            <param index="0">
              <value>
                <![CDATA["Validate loginpage color"]]>
              </value>
            </param>
            <param index="1">
              <value>
                <![CDATA["Optional[Home Page Verification]"]]>
              </value>
            </param>
          </params>
          <reporter-output>
          </reporter-output>
        </test-method> <!-- runScenario -->
        <test-method signature="runScenario(io.cucumber.testng.PickleWrapper,io.cucumber.testng.FeatureWrapper)[pri:0, instance:Runner.MyTestRunner@6ca18a14]" started-at="2024-05-01T17:50:11 EDT" name="runScenario" description="Runs Cucumber Scenarios" data-provider="scenarios" finished-at="2024-05-01T17:50:13 EDT" duration-ms="1933" status="PASS">
          <params>
            <param index="0">
              <value>
                <![CDATA["Verify Logout button function"]]>
              </value>
            </param>
            <param index="1">
              <value>
                <![CDATA["Optional[Dashboard Verification]"]]>
              </value>
            </param>
          </params>
          <reporter-output>
          </reporter-output>
        </test-method> <!-- runScenario -->
        <test-method signature="runScenario(io.cucumber.testng.PickleWrapper,io.cucumber.testng.FeatureWrapper)[pri:0, instance:Runner.MyTestRunner@6ca18a14]" started-at="2024-05-01T17:50:13 EDT" name="runScenario" description="Runs Cucumber Scenarios" data-provider="scenarios" finished-at="2024-05-01T17:50:15 EDT" duration-ms="1908" status="PASS">
          <params>
            <param index="0">
              <value>
                <![CDATA["Verify after login  admin lands on manage program as dashboard page"]]>
              </value>
            </param>
            <param index="1">
              <value>
                <![CDATA["Optional[Dashboard Verification]"]]>
              </value>
            </param>
          </params>
          <reporter-output>
          </reporter-output>
        </test-method> <!-- runScenario -->
        <test-method signature="runScenario(io.cucumber.testng.PickleWrapper,io.cucumber.testng.FeatureWrapper)[pri:0, instance:Runner.MyTestRunner@6ca18a14]" started-at="2024-05-01T17:50:15 EDT" name="runScenario" description="Runs Cucumber Scenarios" data-provider="scenarios" finished-at="2024-05-01T17:50:17 EDT" duration-ms="1819" status="PASS">
          <params>
            <param index="0">
              <value>
                <![CDATA["Verify after login  admin lands on manage program as dashboard page"]]>
              </value>
            </param>
            <param index="1">
              <value>
                <![CDATA["Optional[Dashboard Verification]"]]>
              </value>
            </param>
          </params>
          <reporter-output>
          </reporter-output>
        </test-method> <!-- runScenario -->
        <test-method signature="runScenario(io.cucumber.testng.PickleWrapper,io.cucumber.testng.FeatureWrapper)[pri:0, instance:Runner.MyTestRunner@6ca18a14]" started-at="2024-05-01T17:50:17 EDT" name="runScenario" description="Runs Cucumber Scenarios" data-provider="scenarios" finished-at="2024-05-01T17:50:18 EDT" duration-ms="1899" status="PASS">
          <params>
            <param index="0">
              <value>
                <![CDATA["Verify the response time"]]>
              </value>
            </param>
            <param index="1">
              <value>
                <![CDATA["Optional[Dashboard Verification]"]]>
              </value>
            </param>
          </params>
          <reporter-output>
          </reporter-output>
        </test-method> <!-- runScenario -->
        <test-method signature="runScenario(io.cucumber.testng.PickleWrapper,io.cucumber.testng.FeatureWrapper)[pri:0, instance:Runner.MyTestRunner@6ca18a14]" started-at="2024-05-01T17:50:19 EDT" name="runScenario" description="Runs Cucumber Scenarios" data-provider="scenarios" finished-at="2024-05-01T17:50:20 EDT" duration-ms="1874" status="PASS">
          <params>
            <param index="0">
              <value>
                <![CDATA["Verify LMS title"]]>
              </value>
            </param>
            <param index="1">
              <value>
                <![CDATA["Optional[Dashboard Verification]"]]>
              </value>
            </param>
          </params>
          <reporter-output>
          </reporter-output>
        </test-method> <!-- runScenario -->
        <test-method signature="runScenario(io.cucumber.testng.PickleWrapper,io.cucumber.testng.FeatureWrapper)[pri:0, instance:Runner.MyTestRunner@6ca18a14]" started-at="2024-05-01T17:50:20 EDT" name="runScenario" description="Runs Cucumber Scenarios" data-provider="scenarios" finished-at="2024-05-01T17:50:22 EDT" duration-ms="1750" status="PASS">
          <params>
            <param index="0">
              <value>
                <![CDATA["Validate navigation bar text"]]>
              </value>
            </param>
            <param index="1">
              <value>
                <![CDATA["Optional[Dashboard Verification]"]]>
              </value>
            </param>
          </params>
          <reporter-output>
          </reporter-output>
        </test-method> <!-- runScenario -->
        <test-method signature="runScenario(io.cucumber.testng.PickleWrapper,io.cucumber.testng.FeatureWrapper)[pri:0, instance:Runner.MyTestRunner@6ca18a14]" started-at="2024-05-01T17:50:22 EDT" name="runScenario" description="Runs Cucumber Scenarios" data-provider="scenarios" finished-at="2024-05-01T17:50:24 EDT" duration-ms="1868" status="PASS">
          <params>
            <param index="0">
              <value>
                <![CDATA["Validate navigation bar text"]]>
              </value>
            </param>
            <param index="1">
              <value>
                <![CDATA["Optional[Dashboard Verification]"]]>
              </value>
            </param>
          </params>
          <reporter-output>
          </reporter-output>
        </test-method> <!-- runScenario -->
        <test-method signature="runScenario(io.cucumber.testng.PickleWrapper,io.cucumber.testng.FeatureWrapper)[pri:0, instance:Runner.MyTestRunner@6ca18a14]" started-at="2024-05-01T17:50:24 EDT" name="runScenario" description="Runs Cucumber Scenarios" data-provider="scenarios" finished-at="2024-05-01T17:50:26 EDT" duration-ms="1820" status="PASS">
          <params>
            <param index="0">
              <value>
                <![CDATA["Validate navigation bar text"]]>
              </value>
            </param>
            <param index="1">
              <value>
                <![CDATA["Optional[Dashboard Verification]"]]>
              </value>
            </param>
          </params>
          <reporter-output>
          </reporter-output>
        </test-method> <!-- runScenario -->
        <test-method signature="runScenario(io.cucumber.testng.PickleWrapper,io.cucumber.testng.FeatureWrapper)[pri:0, instance:Runner.MyTestRunner@6ca18a14]" started-at="2024-05-01T17:50:26 EDT" name="runScenario" description="Runs Cucumber Scenarios" data-provider="scenarios" finished-at="2024-05-01T17:50:28 EDT" duration-ms="1948" status="PASS">
          <params>
            <param index="0">
              <value>
                <![CDATA["Validate navigation bar text"]]>
              </value>
            </param>
            <param index="1">
              <value>
                <![CDATA["Optional[Dashboard Verification]"]]>
              </value>
            </param>
          </params>
          <reporter-output>
          </reporter-output>
        </test-method> <!-- runScenario -->
        <test-method signature="runScenario(io.cucumber.testng.PickleWrapper,io.cucumber.testng.FeatureWrapper)[pri:0, instance:Runner.MyTestRunner@6ca18a14]" started-at="2024-05-01T17:50:28 EDT" name="runScenario" description="Runs Cucumber Scenarios" data-provider="scenarios" finished-at="2024-05-01T17:50:30 EDT" duration-ms="1962" status="PASS">
          <params>
            <param index="0">
              <value>
                <![CDATA["Validate correct order in navigation bar"]]>
              </value>
            </param>
            <param index="1">
              <value>
                <![CDATA["Optional[Dashboard Verification]"]]>
              </value>
            </param>
          </params>
          <reporter-output>
          </reporter-output>
        </test-method> <!-- runScenario -->
        <test-method signature="runScenario(io.cucumber.testng.PickleWrapper,io.cucumber.testng.FeatureWrapper)[pri:0, instance:Runner.MyTestRunner@6ca18a14]" started-at="2024-05-01T17:50:30 EDT" name="runScenario" description="Runs Cucumber Scenarios" data-provider="scenarios" finished-at="2024-05-01T17:50:32 EDT" duration-ms="2135" status="PASS">
          <params>
            <param index="0">
              <value>
                <![CDATA["Validate correct order in navigation bar"]]>
              </value>
            </param>
            <param index="1">
              <value>
                <![CDATA["Optional[Dashboard Verification]"]]>
              </value>
            </param>
          </params>
          <reporter-output>
          </reporter-output>
        </test-method> <!-- runScenario -->
        <test-method signature="runScenario(io.cucumber.testng.PickleWrapper,io.cucumber.testng.FeatureWrapper)[pri:0, instance:Runner.MyTestRunner@6ca18a14]" started-at="2024-05-01T17:50:32 EDT" name="runScenario" description="Runs Cucumber Scenarios" data-provider="scenarios" finished-at="2024-05-01T17:50:34 EDT" duration-ms="2009" status="PASS">
          <params>
            <param index="0">
              <value>
                <![CDATA["Validate correct order in navigation bar"]]>
              </value>
            </param>
            <param index="1">
              <value>
                <![CDATA["Optional[Dashboard Verification]"]]>
              </value>
            </param>
          </params>
          <reporter-output>
          </reporter-output>
        </test-method> <!-- runScenario -->
        <test-method signature="runScenario(io.cucumber.testng.PickleWrapper,io.cucumber.testng.FeatureWrapper)[pri:0, instance:Runner.MyTestRunner@6ca18a14]" started-at="2024-05-01T17:50:34 EDT" name="runScenario" description="Runs Cucumber Scenarios" data-provider="scenarios" finished-at="2024-05-01T17:50:36 EDT" duration-ms="2076" status="PASS">
          <params>
            <param index="0">
              <value>
                <![CDATA["Validate correct order in navigation bar"]]>
              </value>
            </param>
            <param index="1">
              <value>
                <![CDATA["Optional[Dashboard Verification]"]]>
              </value>
            </param>
          </params>
          <reporter-output>
          </reporter-output>
        </test-method> <!-- runScenario -->
        <test-method signature="runScenario(io.cucumber.testng.PickleWrapper,io.cucumber.testng.FeatureWrapper)[pri:0, instance:Runner.MyTestRunner@6ca18a14]" started-at="2024-05-01T17:50:36 EDT" name="runScenario" description="Runs Cucumber Scenarios" data-provider="scenarios" finished-at="2024-05-01T17:50:38 EDT" duration-ms="1868" status="PASS">
          <params>
            <param index="0">
              <value>
                <![CDATA["Validate  field alignment in DashboardPage"]]>
              </value>
            </param>
            <param index="1">
              <value>
                <![CDATA["Optional[Dashboard Verification]"]]>
              </value>
            </param>
          </params>
          <reporter-output>
          </reporter-output>
        </test-method> <!-- runScenario -->
        <test-method signature="runScenario(io.cucumber.testng.PickleWrapper,io.cucumber.testng.FeatureWrapper)[pri:0, instance:Runner.MyTestRunner@6ca18a14]" started-at="2024-05-01T17:50:38 EDT" name="runScenario" description="Runs Cucumber Scenarios" data-provider="scenarios" finished-at="2024-05-01T17:50:40 EDT" duration-ms="1723" status="PASS">
          <params>
            <param index="0">
              <value>
                <![CDATA["Validate  field alignment in DashboardPage"]]>
              </value>
            </param>
            <param index="1">
              <value>
                <![CDATA["Optional[Dashboard Verification]"]]>
              </value>
            </param>
          </params>
          <reporter-output>
          </reporter-output>
        </test-method> <!-- runScenario -->
        <test-method signature="runScenario(io.cucumber.testng.PickleWrapper,io.cucumber.testng.FeatureWrapper)[pri:0, instance:Runner.MyTestRunner@6ca18a14]" started-at="2024-05-01T17:50:40 EDT" name="runScenario" description="Runs Cucumber Scenarios" data-provider="scenarios" finished-at="2024-05-01T17:50:42 EDT" duration-ms="1926" status="PASS">
          <params>
            <param index="0">
              <value>
                <![CDATA["Validate  field alignment in DashboardPage"]]>
              </value>
            </param>
            <param index="1">
              <value>
                <![CDATA["Optional[Dashboard Verification]"]]>
              </value>
            </param>
          </params>
          <reporter-output>
          </reporter-output>
        </test-method> <!-- runScenario -->
        <test-method signature="runScenario(io.cucumber.testng.PickleWrapper,io.cucumber.testng.FeatureWrapper)[pri:0, instance:Runner.MyTestRunner@6ca18a14]" started-at="2024-05-01T17:50:42 EDT" name="runScenario" description="Runs Cucumber Scenarios" data-provider="scenarios" finished-at="2024-05-01T17:50:43 EDT" duration-ms="1860" status="PASS">
          <params>
            <param index="0">
              <value>
                <![CDATA["Validate  field alignment in DashboardPage"]]>
              </value>
            </param>
            <param index="1">
              <value>
                <![CDATA["Optional[Dashboard Verification]"]]>
              </value>
            </param>
          </params>
          <reporter-output>
          </reporter-output>
        </test-method> <!-- runScenario -->
        <test-method signature="runScenario(io.cucumber.testng.PickleWrapper,io.cucumber.testng.FeatureWrapper)[pri:0, instance:Runner.MyTestRunner@6ca18a14]" started-at="2024-05-01T17:50:43 EDT" name="runScenario" description="Runs Cucumber Scenarios" data-provider="scenarios" finished-at="2024-05-01T17:50:45 EDT" duration-ms="1834" status="PASS">
          <params>
            <param index="0">
              <value>
                <![CDATA["Validate  field alignment in DashboardPage"]]>
              </value>
            </param>
            <param index="1">
              <value>
                <![CDATA["Optional[Dashboard Verification]"]]>
              </value>
            </param>
          </params>
          <reporter-output>
          </reporter-output>
        </test-method> <!-- runScenario -->
        <test-method signature="runScenario(io.cucumber.testng.PickleWrapper,io.cucumber.testng.FeatureWrapper)[pri:0, instance:Runner.MyTestRunner@6ca18a14]" started-at="2024-05-01T17:50:45 EDT" name="runScenario" description="Runs Cucumber Scenarios" data-provider="scenarios" finished-at="2024-05-01T17:50:50 EDT" duration-ms="4676" status="PASS">
          <params>
            <param index="0">
              <value>
                <![CDATA["Delete Feature"]]>
              </value>
            </param>
            <param index="1">
              <value>
                <![CDATA["Optional[Delete Program details]"]]>
              </value>
            </param>
          </params>
          <reporter-output>
          </reporter-output>
        </test-method> <!-- runScenario -->
        <test-method signature="runScenario(io.cucumber.testng.PickleWrapper,io.cucumber.testng.FeatureWrapper)[pri:0, instance:Runner.MyTestRunner@6ca18a14]" started-at="2024-05-01T17:50:50 EDT" name="runScenario" description="Runs Cucumber Scenarios" data-provider="scenarios" finished-at="2024-05-01T17:50:50 EDT" duration-ms="181" status="PASS">
          <params>
            <param index="0">
              <value>
                <![CDATA["Validate details for Confirm Deletion form"]]>
              </value>
            </param>
            <param index="1">
              <value>
                <![CDATA["Optional[Delete Program details]"]]>
              </value>
            </param>
          </params>
          <reporter-output>
          </reporter-output>
        </test-method> <!-- runScenario -->
        <test-method signature="runScenario(io.cucumber.testng.PickleWrapper,io.cucumber.testng.FeatureWrapper)[pri:0, instance:Runner.MyTestRunner@6ca18a14]" started-at="2024-05-01T17:50:50 EDT" name="runScenario" description="Runs Cucumber Scenarios" data-provider="scenarios" finished-at="2024-05-01T17:50:53 EDT" duration-ms="2522" status="PASS">
          <params>
            <param index="0">
              <value>
                <![CDATA["Click Yes on deletion window"]]>
              </value>
            </param>
            <param index="1">
              <value>
                <![CDATA["Optional[Delete Program details]"]]>
              </value>
            </param>
          </params>
          <reporter-output>
          </reporter-output>
        </test-method> <!-- runScenario -->
        <test-method signature="runScenario(io.cucumber.testng.PickleWrapper,io.cucumber.testng.FeatureWrapper)[pri:0, instance:Runner.MyTestRunner@6ca18a14]" started-at="2024-05-01T17:50:53 EDT" name="runScenario" description="Runs Cucumber Scenarios" data-provider="scenarios" finished-at="2024-05-01T17:50:58 EDT" duration-ms="5479" status="PASS">
          <params>
            <param index="0">
              <value>
                <![CDATA["Click No on deletion window"]]>
              </value>
            </param>
            <param index="1">
              <value>
                <![CDATA["Optional[Delete Program details]"]]>
              </value>
            </param>
          </params>
          <reporter-output>
          </reporter-output>
        </test-method> <!-- runScenario -->
        <test-method signature="runScenario(io.cucumber.testng.PickleWrapper,io.cucumber.testng.FeatureWrapper)[pri:0, instance:Runner.MyTestRunner@6ca18a14]" started-at="2024-05-01T17:50:58 EDT" name="runScenario" description="Runs Cucumber Scenarios" data-provider="scenarios" finished-at="2024-05-01T17:51:04 EDT" duration-ms="5879" status="PASS">
          <params>
            <param index="0">
              <value>
                <![CDATA["Validate Close X icon on Confirm Deletion alert in the Program module"]]>
              </value>
            </param>
            <param index="1">
              <value>
                <![CDATA["Optional[Delete Program details]"]]>
              </value>
            </param>
          </params>
          <reporter-output>
          </reporter-output>
        </test-method> <!-- runScenario -->
        <test-method signature="runScenario(io.cucumber.testng.PickleWrapper,io.cucumber.testng.FeatureWrapper)[pri:0, instance:Runner.MyTestRunner@6ca18a14]" started-at="2024-05-01T17:51:04 EDT" name="runScenario" description="Runs Cucumber Scenarios" data-provider="scenarios" finished-at="2024-05-01T17:51:08 EDT" duration-ms="3681" status="PASS">
          <params>
            <param index="0">
              <value>
                <![CDATA["Validate Common Delete button enabled after clicking on any checkbox"]]>
              </value>
            </param>
            <param index="1">
              <value>
                <![CDATA["Optional[Multiple Delete Program]"]]>
              </value>
            </param>
          </params>
          <reporter-output>
          </reporter-output>
        </test-method> <!-- runScenario -->
        <test-method signature="runScenario(io.cucumber.testng.PickleWrapper,io.cucumber.testng.FeatureWrapper)[pri:0, instance:Runner.MyTestRunner@6ca18a14]" started-at="2024-05-01T17:51:08 EDT" name="runScenario" description="Runs Cucumber Scenarios" data-provider="scenarios" finished-at="2024-05-01T17:51:18 EDT" duration-ms="10377" status="PASS">
          <params>
            <param index="0">
              <value>
                <![CDATA["Validate multiple program deletion by selecting Single checkbox"]]>
              </value>
            </param>
            <param index="1">
              <value>
                <![CDATA["Optional[Multiple Delete Program]"]]>
              </value>
            </param>
          </params>
          <reporter-output>
          </reporter-output>
        </test-method> <!-- runScenario -->
        <test-method signature="runScenario(io.cucumber.testng.PickleWrapper,io.cucumber.testng.FeatureWrapper)[pri:0, instance:Runner.MyTestRunner@6ca18a14]" started-at="2024-05-01T17:51:18 EDT" name="runScenario" description="Runs Cucumber Scenarios" data-provider="scenarios" finished-at="2024-05-01T17:51:35 EDT" duration-ms="16444" status="PASS">
          <params>
            <param index="0">
              <value>
                <![CDATA["Validate multiple program deletion by selecting multiple check boxes"]]>
              </value>
            </param>
            <param index="1">
              <value>
                <![CDATA["Optional[Multiple Delete Program]"]]>
              </value>
            </param>
          </params>
          <reporter-output>
          </reporter-output>
        </test-method> <!-- runScenario -->
        <test-method signature="runScenario(io.cucumber.testng.PickleWrapper,io.cucumber.testng.FeatureWrapper)[pri:0, instance:Runner.MyTestRunner@6ca18a14]" started-at="2024-05-01T17:51:35 EDT" name="runScenario" description="Runs Cucumber Scenarios" data-provider="scenarios" finished-at="2024-05-01T17:51:43 EDT" duration-ms="7806" status="PASS">
          <params>
            <param index="0">
              <value>
                <![CDATA["Validates Sorting(data ordering) on the Program Data table"]]>
              </value>
            </param>
            <param index="1">
              <value>
                <![CDATA["Optional[Sorting Validation]"]]>
              </value>
            </param>
          </params>
          <reporter-output>
          </reporter-output>
        </test-method> <!-- runScenario -->
        <test-method signature="runScenario(io.cucumber.testng.PickleWrapper,io.cucumber.testng.FeatureWrapper)[pri:0, instance:Runner.MyTestRunner@6ca18a14]" started-at="2024-05-01T17:51:43 EDT" name="runScenario" description="Runs Cucumber Scenarios" data-provider="scenarios" finished-at="2024-05-01T17:51:46 EDT" duration-ms="3459" status="PASS">
          <params>
            <param index="0">
              <value>
                <![CDATA["Verify Next page link"]]>
              </value>
            </param>
            <param index="1">
              <value>
                <![CDATA["Optional[Pagination]"]]>
              </value>
            </param>
          </params>
          <reporter-output>
          </reporter-output>
        </test-method> <!-- runScenario -->
        <test-method signature="runScenario(io.cucumber.testng.PickleWrapper,io.cucumber.testng.FeatureWrapper)[pri:0, instance:Runner.MyTestRunner@6ca18a14]" started-at="2024-05-01T17:51:46 EDT" name="runScenario" description="Runs Cucumber Scenarios" data-provider="scenarios" finished-at="2024-05-01T17:52:40 EDT" duration-ms="53524" status="PASS">
          <params>
            <param index="0">
              <value>
                <![CDATA["Verify Last page link"]]>
              </value>
            </param>
            <param index="1">
              <value>
                <![CDATA["Optional[Pagination]"]]>
              </value>
            </param>
          </params>
          <reporter-output>
          </reporter-output>
        </test-method> <!-- runScenario -->
        <test-method signature="runScenario(io.cucumber.testng.PickleWrapper,io.cucumber.testng.FeatureWrapper)[pri:0, instance:Runner.MyTestRunner@6ca18a14]" started-at="2024-05-01T17:52:40 EDT" name="runScenario" description="Runs Cucumber Scenarios" data-provider="scenarios" finished-at="2024-05-01T17:53:33 EDT" duration-ms="53593" status="PASS">
          <params>
            <param index="0">
              <value>
                <![CDATA["Verify Previous page link"]]>
              </value>
            </param>
            <param index="1">
              <value>
                <![CDATA["Optional[Pagination]"]]>
              </value>
            </param>
          </params>
          <reporter-output>
          </reporter-output>
        </test-method> <!-- runScenario -->
        <test-method signature="runScenario(io.cucumber.testng.PickleWrapper,io.cucumber.testng.FeatureWrapper)[pri:0, instance:Runner.MyTestRunner@6ca18a14]" started-at="2024-05-01T17:53:33 EDT" name="runScenario" description="Runs Cucumber Scenarios" data-provider="scenarios" finished-at="2024-05-01T17:54:27 EDT" duration-ms="53636" status="PASS">
          <params>
            <param index="0">
              <value>
                <![CDATA["Verify First page link"]]>
              </value>
            </param>
            <param index="1">
              <value>
                <![CDATA["Optional[Pagination]"]]>
              </value>
            </param>
          </params>
          <reporter-output>
          </reporter-output>
        </test-method> <!-- runScenario -->
        <test-method signature="runScenario(io.cucumber.testng.PickleWrapper,io.cucumber.testng.FeatureWrapper)[pri:0, instance:Runner.MyTestRunner@6ca18a14]" started-at="2024-05-01T17:54:27 EDT" name="runScenario" description="Runs Cucumber Scenarios" data-provider="scenarios" finished-at="2024-05-01T17:54:32 EDT" duration-ms="4795" status="PASS">
          <params>
            <param index="0">
              <value>
                <![CDATA["Batch link on navigation bar"]]>
              </value>
            </param>
            <param index="1">
              <value>
                <![CDATA["Optional[Navigation Validation from Manage Program to other Page]"]]>
              </value>
            </param>
          </params>
          <reporter-output>
          </reporter-output>
        </test-method> <!-- runScenario -->
        <test-method signature="runScenario(io.cucumber.testng.PickleWrapper,io.cucumber.testng.FeatureWrapper)[pri:0, instance:Runner.MyTestRunner@6ca18a14]" started-at="2024-05-01T17:54:32 EDT" name="runScenario" description="Runs Cucumber Scenarios" data-provider="scenarios" finished-at="2024-05-01T17:54:36 EDT" duration-ms="4613" status="PASS">
          <params>
            <param index="0">
              <value>
                <![CDATA["User link on navigation bar"]]>
              </value>
            </param>
            <param index="1">
              <value>
                <![CDATA["Optional[Navigation Validation from Manage Program to other Page]"]]>
              </value>
            </param>
          </params>
          <reporter-output>
          </reporter-output>
        </test-method> <!-- runScenario -->
        <test-method signature="runScenario(io.cucumber.testng.PickleWrapper,io.cucumber.testng.FeatureWrapper)[pri:0, instance:Runner.MyTestRunner@6ca18a14]" started-at="2024-05-01T17:54:36 EDT" name="runScenario" description="Runs Cucumber Scenarios" data-provider="scenarios" finished-at="2024-05-01T17:54:37 EDT" duration-ms="290" status="PASS">
          <params>
            <param index="0">
              <value>
                <![CDATA["Validate landing in Batch page"]]>
              </value>
            </param>
            <param index="1">
              <value>
                <![CDATA["Optional[Batch Page Validation]"]]>
              </value>
            </param>
          </params>
          <reporter-output>
          </reporter-output>
        </test-method> <!-- runScenario -->
        <test-method signature="runScenario(io.cucumber.testng.PickleWrapper,io.cucumber.testng.FeatureWrapper)[pri:0, instance:Runner.MyTestRunner@6ca18a14]" started-at="2024-05-01T17:54:37 EDT" name="runScenario" description="Runs Cucumber Scenarios" data-provider="scenarios" finished-at="2024-05-01T17:54:37 EDT" duration-ms="267" status="PASS">
          <params>
            <param index="0">
              <value>
                <![CDATA["Validate header in the Batch Page"]]>
              </value>
            </param>
            <param index="1">
              <value>
                <![CDATA["Optional[Batch Page Validation]"]]>
              </value>
            </param>
          </params>
          <reporter-output>
          </reporter-output>
        </test-method> <!-- runScenario -->
        <test-method signature="runScenario(io.cucumber.testng.PickleWrapper,io.cucumber.testng.FeatureWrapper)[pri:0, instance:Runner.MyTestRunner@6ca18a14]" started-at="2024-05-01T17:54:37 EDT" name="runScenario" description="Runs Cucumber Scenarios" data-provider="scenarios" finished-at="2024-05-01T17:54:37 EDT" duration-ms="203" status="PASS">
          <params>
            <param index="0">
              <value>
                <![CDATA["Validate pagination in the Batch Page"]]>
              </value>
            </param>
            <param index="1">
              <value>
                <![CDATA["Optional[Batch Page Validation]"]]>
              </value>
            </param>
          </params>
          <reporter-output>
          </reporter-output>
        </test-method> <!-- runScenario -->
        <test-method signature="runScenario(io.cucumber.testng.PickleWrapper,io.cucumber.testng.FeatureWrapper)[pri:0, instance:Runner.MyTestRunner@6ca18a14]" started-at="2024-05-01T17:54:37 EDT" name="runScenario" description="Runs Cucumber Scenarios" data-provider="scenarios" finished-at="2024-05-01T17:54:37 EDT" duration-ms="469" status="PASS">
          <params>
            <param index="0">
              <value>
                <![CDATA["Validate data table headers in the Batch Page"]]>
              </value>
            </param>
            <param index="1">
              <value>
                <![CDATA["Optional[Batch Page Validation]"]]>
              </value>
            </param>
          </params>
          <reporter-output>
          </reporter-output>
        </test-method> <!-- runScenario -->
        <test-method signature="runScenario(io.cucumber.testng.PickleWrapper,io.cucumber.testng.FeatureWrapper)[pri:0, instance:Runner.MyTestRunner@6ca18a14]" started-at="2024-05-01T17:54:38 EDT" name="runScenario" description="Runs Cucumber Scenarios" data-provider="scenarios" finished-at="2024-05-01T17:54:38 EDT" duration-ms="225" status="PASS">
          <params>
            <param index="0">
              <value>
                <![CDATA["Validate Delete button in Batch Page"]]>
              </value>
            </param>
            <param index="1">
              <value>
                <![CDATA["Optional[Batch Page Validation]"]]>
              </value>
            </param>
          </params>
          <reporter-output>
          </reporter-output>
        </test-method> <!-- runScenario -->
        <test-method signature="runScenario(io.cucumber.testng.PickleWrapper,io.cucumber.testng.FeatureWrapper)[pri:0, instance:Runner.MyTestRunner@6ca18a14]" started-at="2024-05-01T17:54:38 EDT" name="runScenario" description="Runs Cucumber Scenarios" data-provider="scenarios" finished-at="2024-05-01T17:54:38 EDT" duration-ms="238" status="PASS">
          <params>
            <param index="0">
              <value>
                <![CDATA["Validate '+ A New batch' in Batch Page"]]>
              </value>
            </param>
            <param index="1">
              <value>
                <![CDATA["Optional[Batch Page Validation]"]]>
              </value>
            </param>
          </params>
          <reporter-output>
          </reporter-output>
        </test-method> <!-- runScenario -->
        <test-method signature="runScenario(io.cucumber.testng.PickleWrapper,io.cucumber.testng.FeatureWrapper)[pri:0, instance:Runner.MyTestRunner@6ca18a14]" started-at="2024-05-01T17:54:38 EDT" name="runScenario" description="Runs Cucumber Scenarios" data-provider="scenarios" finished-at="2024-05-01T17:54:38 EDT" duration-ms="419" status="PASS">
          <params>
            <param index="0">
              <value>
                <![CDATA["Validate data rows for checkbox"]]>
              </value>
            </param>
            <param index="1">
              <value>
                <![CDATA["Optional[Batch Page Validation]"]]>
              </value>
            </param>
          </params>
          <reporter-output>
          </reporter-output>
        </test-method> <!-- runScenario -->
        <test-method signature="runScenario(io.cucumber.testng.PickleWrapper,io.cucumber.testng.FeatureWrapper)[pri:0, instance:Runner.MyTestRunner@6ca18a14]" started-at="2024-05-01T17:54:38 EDT" name="runScenario" description="Runs Cucumber Scenarios" data-provider="scenarios" finished-at="2024-05-01T17:54:39 EDT" duration-ms="328" status="PASS">
          <params>
            <param index="0">
              <value>
                <![CDATA["Validate data rows for edit icon"]]>
              </value>
            </param>
            <param index="1">
              <value>
                <![CDATA["Optional[Batch Page Validation]"]]>
              </value>
            </param>
          </params>
          <reporter-output>
          </reporter-output>
        </test-method> <!-- runScenario -->
        <test-method signature="runScenario(io.cucumber.testng.PickleWrapper,io.cucumber.testng.FeatureWrapper)[pri:0, instance:Runner.MyTestRunner@6ca18a14]" started-at="2024-05-01T17:54:39 EDT" name="runScenario" description="Runs Cucumber Scenarios" data-provider="scenarios" finished-at="2024-05-01T17:54:39 EDT" duration-ms="347" status="PASS">
          <params>
            <param index="0">
              <value>
                <![CDATA["Validate data rows for delete icon"]]>
              </value>
            </param>
            <param index="1">
              <value>
                <![CDATA["Optional[Batch Page Validation]"]]>
              </value>
            </param>
          </params>
          <reporter-output>
          </reporter-output>
        </test-method> <!-- runScenario -->
        <test-method signature="runScenario(io.cucumber.testng.PickleWrapper,io.cucumber.testng.FeatureWrapper)[pri:0, instance:Runner.MyTestRunner@6ca18a14]" started-at="2024-05-01T17:54:39 EDT" name="runScenario" description="Runs Cucumber Scenarios" data-provider="scenarios" finished-at="2024-05-01T17:54:39 EDT" duration-ms="346" status="PASS">
          <params>
            <param index="0">
              <value>
                <![CDATA["Validate pop up for adding batch"]]>
              </value>
            </param>
            <param index="1">
              <value>
                <![CDATA["Optional[Batch Page Validation]"]]>
              </value>
            </param>
          </params>
          <reporter-output>
          </reporter-output>
        </test-method> <!-- runScenario -->
        <test-method signature="runScenario(io.cucumber.testng.PickleWrapper,io.cucumber.testng.FeatureWrapper)[pri:0, instance:Runner.MyTestRunner@6ca18a14]" started-at="2024-05-01T17:54:39 EDT" name="runScenario" description="Runs Cucumber Scenarios" data-provider="scenarios" finished-at="2024-05-01T17:54:40 EDT" duration-ms="130" status="PASS">
          <params>
            <param index="0">
              <value>
                <![CDATA["Check if the fields exist in pop"]]>
              </value>
            </param>
            <param index="1">
              <value>
                <![CDATA["Optional[Add New Batch]"]]>
              </value>
            </param>
          </params>
          <reporter-output>
          </reporter-output>
        </test-method> <!-- runScenario -->
        <test-method signature="runScenario(io.cucumber.testng.PickleWrapper,io.cucumber.testng.FeatureWrapper)[pri:0, instance:Runner.MyTestRunner@6ca18a14]" started-at="2024-05-01T17:54:40 EDT" name="runScenario" description="Runs Cucumber Scenarios" data-provider="scenarios" finished-at="2024-05-01T17:54:40 EDT" duration-ms="125" status="PASS">
          <params>
            <param index="0">
              <value>
                <![CDATA["Check if the fields exist in pop"]]>
              </value>
            </param>
            <param index="1">
              <value>
                <![CDATA["Optional[Add New Batch]"]]>
              </value>
            </param>
          </params>
          <reporter-output>
          </reporter-output>
        </test-method> <!-- runScenario -->
        <test-method signature="runScenario(io.cucumber.testng.PickleWrapper,io.cucumber.testng.FeatureWrapper)[pri:0, instance:Runner.MyTestRunner@6ca18a14]" started-at="2024-05-01T17:54:40 EDT" name="runScenario" description="Runs Cucumber Scenarios" data-provider="scenarios" finished-at="2024-05-01T17:54:40 EDT" duration-ms="142" status="PASS">
          <params>
            <param index="0">
              <value>
                <![CDATA["Check if the fields exist in pop"]]>
              </value>
            </param>
            <param index="1">
              <value>
                <![CDATA["Optional[Add New Batch]"]]>
              </value>
            </param>
          </params>
          <reporter-output>
          </reporter-output>
        </test-method> <!-- runScenario -->
        <test-method signature="runScenario(io.cucumber.testng.PickleWrapper,io.cucumber.testng.FeatureWrapper)[pri:0, instance:Runner.MyTestRunner@6ca18a14]" started-at="2024-05-01T17:54:40 EDT" name="runScenario" description="Runs Cucumber Scenarios" data-provider="scenarios" finished-at="2024-05-01T17:54:40 EDT" duration-ms="158" status="PASS">
          <params>
            <param index="0">
              <value>
                <![CDATA["Check if the fields exist in pop"]]>
              </value>
            </param>
            <param index="1">
              <value>
                <![CDATA["Optional[Add New Batch]"]]>
              </value>
            </param>
          </params>
          <reporter-output>
          </reporter-output>
        </test-method> <!-- runScenario -->
        <test-method signature="runScenario(io.cucumber.testng.PickleWrapper,io.cucumber.testng.FeatureWrapper)[pri:0, instance:Runner.MyTestRunner@6ca18a14]" started-at="2024-05-01T17:54:40 EDT" name="runScenario" description="Runs Cucumber Scenarios" data-provider="scenarios" finished-at="2024-05-01T17:54:40 EDT" duration-ms="161" status="PASS">
          <params>
            <param index="0">
              <value>
                <![CDATA["Check if the fields exist in pop"]]>
              </value>
            </param>
            <param index="1">
              <value>
                <![CDATA["Optional[Add New Batch]"]]>
              </value>
            </param>
          </params>
          <reporter-output>
          </reporter-output>
        </test-method> <!-- runScenario -->
        <test-method signature="runScenario(io.cucumber.testng.PickleWrapper,io.cucumber.testng.FeatureWrapper)[pri:0, instance:Runner.MyTestRunner@6ca18a14]" started-at="2024-05-01T17:54:40 EDT" name="runScenario" description="Runs Cucumber Scenarios" data-provider="scenarios" finished-at="2024-05-01T17:54:40 EDT" duration-ms="118" status="PASS">
          <params>
            <param index="0">
              <value>
                <![CDATA["Check if description is optional field"]]>
              </value>
            </param>
            <param index="1">
              <value>
                <![CDATA["Optional[Add New Batch]"]]>
              </value>
            </param>
          </params>
          <reporter-output>
          </reporter-output>
        </test-method> <!-- runScenario -->
        <test-method signature="runScenario(io.cucumber.testng.PickleWrapper,io.cucumber.testng.FeatureWrapper)[pri:0, instance:Runner.MyTestRunner@6ca18a14]" started-at="2024-05-01T17:54:40 EDT" name="runScenario" description="Runs Cucumber Scenarios" data-provider="scenarios" finished-at="2024-05-01T17:54:43 EDT" duration-ms="3006" status="PASS">
          <params>
            <param index="0">
              <value>
                <![CDATA["Check if the program details are added in data table"]]>
              </value>
            </param>
            <param index="1">
              <value>
                <![CDATA["Optional[Add New Batch]"]]>
              </value>
            </param>
          </params>
          <reporter-output>
          </reporter-output>
        </test-method> <!-- runScenario -->
        <test-method signature="runScenario(io.cucumber.testng.PickleWrapper,io.cucumber.testng.FeatureWrapper)[pri:0, instance:Runner.MyTestRunner@6ca18a14]" started-at="2024-05-01T17:54:43 EDT" name="runScenario" description="Runs Cucumber Scenarios" data-provider="scenarios" finished-at="2024-05-01T17:54:47 EDT" duration-ms="3427" status="PASS">
          <params>
            <param index="0">
              <value>
                <![CDATA["Check for error messages for invalid fields"]]>
              </value>
            </param>
            <param index="1">
              <value>
                <![CDATA["Optional[Add New Batch]"]]>
              </value>
            </param>
          </params>
          <reporter-output>
          </reporter-output>
        </test-method> <!-- runScenario -->
        <test-method signature="runScenario(io.cucumber.testng.PickleWrapper,io.cucumber.testng.FeatureWrapper)[pri:0, instance:Runner.MyTestRunner@6ca18a14]" started-at="2024-05-01T17:54:47 EDT" name="runScenario" description="Runs Cucumber Scenarios" data-provider="scenarios" finished-at="2024-05-01T17:54:50 EDT" duration-ms="3229" status="PASS">
          <params>
            <param index="0">
              <value>
                <![CDATA["Check for error messages for mandatory fields"]]>
              </value>
            </param>
            <param index="1">
              <value>
                <![CDATA["Optional[Add New Batch]"]]>
              </value>
            </param>
          </params>
          <reporter-output>
          </reporter-output>
        </test-method> <!-- runScenario -->
        <test-method signature="runScenario(io.cucumber.testng.PickleWrapper,io.cucumber.testng.FeatureWrapper)[pri:0, instance:Runner.MyTestRunner@6ca18a14]" started-at="2024-05-01T17:54:50 EDT" name="runScenario" description="Runs Cucumber Scenarios" data-provider="scenarios" finished-at="2024-05-01T17:54:51 EDT" duration-ms="414" status="PASS">
          <params>
            <param index="0">
              <value>
                <![CDATA["Validate row level delete icon"]]>
              </value>
            </param>
            <param index="1">
              <value>
                <![CDATA["Optional[Delete Batch]"]]>
              </value>
            </param>
          </params>
          <reporter-output>
          </reporter-output>
        </test-method> <!-- runScenario -->
        <test-method signature="runScenario(io.cucumber.testng.PickleWrapper,io.cucumber.testng.FeatureWrapper)[pri:0, instance:Runner.MyTestRunner@6ca18a14]" started-at="2024-05-01T17:54:51 EDT" name="runScenario" description="Runs Cucumber Scenarios" data-provider="scenarios" finished-at="2024-05-01T17:54:51 EDT" duration-ms="374" status="PASS">
          <params>
            <param index="0">
              <value>
                <![CDATA["Validate accept alert"]]>
              </value>
            </param>
            <param index="1">
              <value>
                <![CDATA["Optional[Delete Batch]"]]>
              </value>
            </param>
          </params>
          <reporter-output>
          </reporter-output>
        </test-method> <!-- runScenario -->
        <test-method signature="runScenario(io.cucumber.testng.PickleWrapper,io.cucumber.testng.FeatureWrapper)[pri:0, instance:Runner.MyTestRunner@6ca18a14]" started-at="2024-05-01T17:54:51 EDT" name="runScenario" description="Runs Cucumber Scenarios" data-provider="scenarios" finished-at="2024-05-01T17:54:51 EDT" duration-ms="337" status="PASS">
          <params>
            <param index="0">
              <value>
                <![CDATA["Validate reject alert"]]>
              </value>
            </param>
            <param index="1">
              <value>
                <![CDATA["Optional[Delete Batch]"]]>
              </value>
            </param>
          </params>
          <reporter-output>
          </reporter-output>
        </test-method> <!-- runScenario -->
        <test-method signature="runScenario(io.cucumber.testng.PickleWrapper,io.cucumber.testng.FeatureWrapper)[pri:0, instance:Runner.MyTestRunner@6ca18a14]" started-at="2024-05-01T17:54:51 EDT" name="runScenario" description="Runs Cucumber Scenarios" data-provider="scenarios" finished-at="2024-05-01T17:54:51 EDT" duration-ms="114" status="PASS">
          <params>
            <param index="0">
              <value>
                <![CDATA["Validate the delete icon below the header"]]>
              </value>
            </param>
            <param index="1">
              <value>
                <![CDATA["Optional[Delete Multiple Batches]"]]>
              </value>
            </param>
          </params>
          <reporter-output>
          </reporter-output>
        </test-method> <!-- runScenario -->
        <test-method signature="runScenario(io.cucumber.testng.PickleWrapper,io.cucumber.testng.FeatureWrapper)[pri:0, instance:Runner.MyTestRunner@6ca18a14]" started-at="2024-05-01T17:54:51 EDT" name="runScenario" description="Runs Cucumber Scenarios" data-provider="scenarios" finished-at="2024-05-01T17:54:52 EDT" duration-ms="401" status="PASS">
          <params>
            <param index="0">
              <value>
                <![CDATA["Check for single row delete"]]>
              </value>
            </param>
            <param index="1">
              <value>
                <![CDATA["Optional[Delete Multiple Batches]"]]>
              </value>
            </param>
          </params>
          <reporter-output>
          </reporter-output>
        </test-method> <!-- runScenario -->
        <test-method signature="runScenario(io.cucumber.testng.PickleWrapper,io.cucumber.testng.FeatureWrapper)[pri:0, instance:Runner.MyTestRunner@6ca18a14]" started-at="2024-05-01T17:54:52 EDT" name="runScenario" description="Runs Cucumber Scenarios" data-provider="scenarios" finished-at="2024-05-01T17:54:52 EDT" duration-ms="528" status="PASS">
          <params>
            <param index="0">
              <value>
                <![CDATA["Check for multi row delete"]]>
              </value>
            </param>
            <param index="1">
              <value>
                <![CDATA["Optional[Delete Multiple Batches]"]]>
              </value>
            </param>
          </params>
          <reporter-output>
          </reporter-output>
        </test-method> <!-- runScenario -->
        <test-method signature="runScenario(io.cucumber.testng.PickleWrapper,io.cucumber.testng.FeatureWrapper)[pri:0, instance:Runner.MyTestRunner@6ca18a14]" started-at="2024-05-01T17:54:52 EDT" name="runScenario" description="Runs Cucumber Scenarios" data-provider="scenarios" finished-at="2024-05-01T17:54:56 EDT" duration-ms="3434" status="PASS">
          <params>
            <param index="0">
              <value>
                <![CDATA["Validate row level edit icon"]]>
              </value>
            </param>
            <param index="1">
              <value>
                <![CDATA["Optional[Edit Batch]"]]>
              </value>
            </param>
          </params>
          <reporter-output>
          </reporter-output>
        </test-method> <!-- runScenario -->
        <test-method signature="runScenario(io.cucumber.testng.PickleWrapper,io.cucumber.testng.FeatureWrapper)[pri:0, instance:Runner.MyTestRunner@6ca18a14]" started-at="2024-05-01T17:54:56 EDT" name="runScenario" description="Runs Cucumber Scenarios" data-provider="scenarios" finished-at="2024-05-01T17:54:57 EDT" duration-ms="886" status="PASS">
          <params>
            <param index="0">
              <value>
                <![CDATA["Check if the fields are updated"]]>
              </value>
            </param>
            <param index="1">
              <value>
                <![CDATA["Optional[Edit Batch]"]]>
              </value>
            </param>
          </params>
          <reporter-output>
          </reporter-output>
        </test-method> <!-- runScenario -->
        <test-method signature="runScenario(io.cucumber.testng.PickleWrapper,io.cucumber.testng.FeatureWrapper)[pri:0, instance:Runner.MyTestRunner@6ca18a14]" started-at="2024-05-01T17:54:57 EDT" name="runScenario" description="Runs Cucumber Scenarios" data-provider="scenarios" finished-at="2024-05-01T17:54:58 EDT" duration-ms="1022" status="PASS">
          <params>
            <param index="0">
              <value>
                <![CDATA["Check if the update throws error with invalid valued"]]>
              </value>
            </param>
            <param index="1">
              <value>
                <![CDATA["Optional[Edit Batch]"]]>
              </value>
            </param>
          </params>
          <reporter-output>
          </reporter-output>
        </test-method> <!-- runScenario -->
        <test-method signature="runScenario(io.cucumber.testng.PickleWrapper,io.cucumber.testng.FeatureWrapper)[pri:0, instance:Runner.MyTestRunner@6ca18a14]" started-at="2024-05-01T17:54:58 EDT" name="runScenario" description="Runs Cucumber Scenarios" data-provider="scenarios" finished-at="2024-05-01T17:54:59 EDT" duration-ms="986" status="PASS">
          <params>
            <param index="0">
              <value>
                <![CDATA["Check if you get error message when mandatory fields are erased"]]>
              </value>
            </param>
            <param index="1">
              <value>
                <![CDATA["Optional[Edit Batch]"]]>
              </value>
            </param>
          </params>
          <reporter-output>
          </reporter-output>
        </test-method> <!-- runScenario -->
        <test-method signature="runScenario(io.cucumber.testng.PickleWrapper,io.cucumber.testng.FeatureWrapper)[pri:0, instance:Runner.MyTestRunner@6ca18a14]" started-at="2024-05-01T17:54:59 EDT" name="runScenario" description="Runs Cucumber Scenarios" data-provider="scenarios" finished-at="2024-05-01T17:54:59 EDT" duration-ms="57" status="PASS">
          <params>
            <param index="0">
              <value>
                <![CDATA["Check if description field is optional in update"]]>
              </value>
            </param>
            <param index="1">
              <value>
                <![CDATA["Optional[Edit Batch]"]]>
              </value>
            </param>
          </params>
          <reporter-output>
          </reporter-output>
        </test-method> <!-- runScenario -->
        <test-method signature="runScenario(io.cucumber.testng.PickleWrapper,io.cucumber.testng.FeatureWrapper)[pri:0, instance:Runner.MyTestRunner@6ca18a14]" started-at="2024-05-01T17:54:59 EDT" name="runScenario" description="Runs Cucumber Scenarios" data-provider="scenarios" finished-at="2024-05-01T17:55:01 EDT" duration-ms="1825" status="PASS">
          <params>
            <param index="0">
              <value>
                <![CDATA["Verify Logout button function"]]>
              </value>
            </param>
            <param index="1">
              <value>
                <![CDATA["Optional[Logout Functionality]"]]>
              </value>
            </param>
          </params>
          <reporter-output>
          </reporter-output>
        </test-method> <!-- runScenario -->
        <test-method is-config="true" signature="tearDownClass()[pri:0, instance:Runner.MyTestRunner@6ca18a14]" started-at="2024-05-01T17:55:01 EDT" name="tearDownClass" finished-at="2024-05-01T17:55:14 EDT" duration-ms="13420" status="PASS">
          <reporter-output>
          </reporter-output>
        </test-method> <!-- tearDownClass -->
      </class> <!-- Runner.MyTestRunner -->
    </test> <!-- Default test -->
  </suite> <!-- Default suite -->
</testng-results>
