<?xml version="1.0" encoding="UTF-8"?>
<!-- Generated by org.testng.reporters.JUnitReportReporter -->
<testsuite hostname="DESKTOP-QPCBQJB" failures="3" tests="113" name="Runner.MyTestRunner" time="424.997" errors="3" timestamp="2024-05-01T22:57:32 EDT" skipped="0">
  <testcase classname="Runner.MyTestRunner" name="runScenario" time="2.330"/>
  <system-out/>
  <testcase classname="Runner.MyTestRunner" name="runScenario" time="2.214"/>
  <system-out/>
  <testcase classname="Runner.MyTestRunner" name="runScenario" time="0.429"/>
  <system-out/>
  <testcase classname="Runner.MyTestRunner" name="runScenario" time="0.388"/>
  <system-out/>
  <testcase classname="Runner.MyTestRunner" name="runScenario" time="2.151"/>
  <system-out/>
  <testcase classname="Runner.MyTestRunner" name="runScenario" time="15.659"/>
  <system-out/>
  <testcase classname="Runner.MyTestRunner" name="runScenario" time="0.427"/>
  <system-out/>
  <testcase classname="Runner.MyTestRunner" name="runScenario" time="0.578"/>
  <system-out/>
  <testcase classname="Runner.MyTestRunner" name="runScenario" time="1.972"/>
  <system-out/>
  <testcase classname="Runner.MyTestRunner" name="runScenario" time="7.878">
    <error message="no such element: Unable to locate element: {&quot;method&quot;:&quot;xpath&quot;,&quot;selector&quot;:&quot;//div[text()=&#039;User Added Successfully&#039;]&quot;}
  (Session info: chrome=124.0.6367.79)
For documentation on this error, please visit: https://selenium.dev/exceptions/#no_such_element
Build info: version: &#039;4.9.1&#039;, revision: &#039;eb2032df7f&#039;
System info: os.name: &#039;Windows 11&#039;, os.arch: &#039;amd64&#039;, os.version: &#039;10.0&#039;, java.version: &#039;21.0.1&#039;
Driver info: org.openqa.selenium.chrome.ChromeDriver
Command: [8ceef02da6b199a58d458d10d10f086f, findElement {using=xpath, value=//div[text()=&#039;User Added Successfully&#039;]}]
Capabilities {acceptInsecureCerts: false, browserName: chrome, browserVersion: 124.0.6367.79, chrome: {chromedriverVersion: 124.0.6367.91 (51df0e5e17a8..., userDataDir: C:\Users\nsatc\AppData\Loca...}, fedcm:accounts: true, goog:chromeOptions: {debuggerAddress: localhost:51093}, networkConnectionEnabled: false, pageLoadStrategy: normal, platformName: windows, proxy: Proxy(), se:cdp: ws://localhost:51093/devtoo..., se:cdpVersion: 124.0.6367.79, setWindowRect: true, strictFileInteractability: false, timeouts: {implicit: 0, pageLoad: 300000, script: 30000}, unhandledPromptBehavior: dismiss and notify, webauthn:extension:credBlob: true, webauthn:extension:largeBlob: true, webauthn:extension:minPinLength: true, webauthn:extension:prf: true, webauthn:virtualAuthenticators: true}
Session ID: 8ceef02da6b199a58d458d10d10f086f" type="org.openqa.selenium.NoSuchElementException">
      <![CDATA[org.openqa.selenium.NoSuchElementException: no such element: Unable to locate element: {"method":"xpath","selector":"//div[text()='User Added Successfully']"}
  (Session info: chrome=124.0.6367.79)
For documentation on this error, please visit: https://selenium.dev/exceptions/#no_such_element
Build info: version: '4.9.1', revision: 'eb2032df7f'
System info: os.name: 'Windows 11', os.arch: 'amd64', os.version: '10.0', java.version: '21.0.1'
Driver info: org.openqa.selenium.chrome.ChromeDriver
Command: [8ceef02da6b199a58d458d10d10f086f, findElement {using=xpath, value=//div[text()='User Added Successfully']}]
Capabilities {acceptInsecureCerts: false, browserName: chrome, browserVersion: 124.0.6367.79, chrome: {chromedriverVersion: 124.0.6367.91 (51df0e5e17a8..., userDataDir: C:\Users\nsatc\AppData\Loca...}, fedcm:accounts: true, goog:chromeOptions: {debuggerAddress: localhost:51093}, networkConnectionEnabled: false, pageLoadStrategy: normal, platformName: windows, proxy: Proxy(), se:cdp: ws://localhost:51093/devtoo..., se:cdpVersion: 124.0.6367.79, setWindowRect: true, strictFileInteractability: false, timeouts: {implicit: 0, pageLoad: 300000, script: 30000}, unhandledPromptBehavior: dismiss and notify, webauthn:extension:credBlob: true, webauthn:extension:largeBlob: true, webauthn:extension:minPinLength: true, webauthn:extension:prf: true, webauthn:virtualAuthenticators: true}
Session ID: 8ceef02da6b199a58d458d10d10f086f
at java.base/jdk.internal.reflect.DirectConstructorHandleAccessor.newInstance(DirectConstructorHandleAccessor.java:62)
at java.base/java.lang.reflect.Constructor.newInstanceWithCaller(Constructor.java:502)
at java.base/java.lang.reflect.Constructor.newInstance(Constructor.java:486)
at org.openqa.selenium.remote.codec.w3c.W3CHttpResponseCodec.createException(W3CHttpResponseCodec.java:200)
at org.openqa.selenium.remote.codec.w3c.W3CHttpResponseCodec.decode(W3CHttpResponseCodec.java:133)
at org.openqa.selenium.remote.codec.w3c.W3CHttpResponseCodec.decode(W3CHttpResponseCodec.java:53)
at org.openqa.selenium.remote.HttpCommandExecutor.execute(HttpCommandExecutor.java:193)
at org.openqa.selenium.remote.service.DriverCommandExecutor.invokeExecute(DriverCommandExecutor.java:183)
at org.openqa.selenium.remote.service.DriverCommandExecutor.execute(DriverCommandExecutor.java:158)
at org.openqa.selenium.remote.RemoteWebDriver.execute(RemoteWebDriver.java:543)
at org.openqa.selenium.remote.ElementLocation$ElementFinder$2.findElement(ElementLocation.java:162)
at org.openqa.selenium.remote.ElementLocation.findElement(ElementLocation.java:60)
at org.openqa.selenium.remote.RemoteWebDriver.findElement(RemoteWebDriver.java:352)
at org.openqa.selenium.remote.RemoteWebDriver.findElement(RemoteWebDriver.java:344)
at PageObjects.addUserPage.getSucessMsg(addUserPage.java:212)
at StepDefinitions.AddUserPageSteps.the_newly_added_user_should_be_present_in_the_data_table_in_manage_user_page(AddUserPageSteps.java:211)
at ✽.the newly added user should be present in the data table in Manage User page(file:///C:/Users/nsatc/git/Team17_Testing_Squad/src/test/resources/Features/05_2addUser.feature:97)
]]>
    </error>
  </testcase> <!-- runScenario -->
  <system-out/>
  <testcase classname="Runner.MyTestRunner" name="runScenario" time="2.329"/>
  <system-out/>
  <testcase classname="Runner.MyTestRunner" name="runScenario" time="0.443"/>
  <system-out/>
  <testcase classname="Runner.MyTestRunner" name="runScenario" time="0.122"/>
  <system-out/>
  <testcase classname="Runner.MyTestRunner" name="runScenario" time="1.850"/>
  <system-out/>
  <testcase classname="Runner.MyTestRunner" name="runScenario" time="0.231"/>
  <system-out/>
  <testcase classname="Runner.MyTestRunner" name="runScenario" time="2.222"/>
  <system-out/>
  <testcase classname="Runner.MyTestRunner" name="runScenario" time="1.930"/>
  <system-out/>
  <testcase classname="Runner.MyTestRunner" name="runScenario" time="1.821"/>
  <system-out/>
  <testcase classname="Runner.MyTestRunner" name="runScenario" time="3.572"/>
  <system-out/>
  <testcase classname="Runner.MyTestRunner" name="runScenario" time="1.786"/>
  <system-out/>
  <testcase classname="Runner.MyTestRunner" name="runScenario" time="2.128"/>
  <system-out/>
  <testcase classname="Runner.MyTestRunner" name="runScenario" time="53.510"/>
  <system-out/>
  <testcase classname="Runner.MyTestRunner" name="runScenario" time="0.166"/>
  <system-out/>
  <testcase classname="Runner.MyTestRunner" name="runScenario" time="5.605"/>
  <system-out/>
  <testcase classname="Runner.MyTestRunner" name="runScenario" time="2.082"/>
  <system-out/>
  <testcase classname="Runner.MyTestRunner" name="runScenario" time="0.093"/>
  <system-out/>
  <testcase classname="Runner.MyTestRunner" name="runScenario" time="2.179"/>
  <system-out/>
  <testcase classname="Runner.MyTestRunner" name="runScenario" time="6.624"/>
  <system-out/>
  <testcase classname="Runner.MyTestRunner" name="runScenario" time="4.654"/>
  <system-out/>
  <testcase classname="Runner.MyTestRunner" name="runScenario" time="0.310"/>
  <system-out/>
  <testcase classname="Runner.MyTestRunner" name="runScenario" time="0.445"/>
  <system-out/>
  <testcase classname="Runner.MyTestRunner" name="runScenario" time="53.631"/>
  <system-out/>
  <testcase classname="Runner.MyTestRunner" name="runScenario" time="0.219"/>
  <system-out/>
  <testcase classname="Runner.MyTestRunner" name="runScenario" time="2.574"/>
  <system-out/>
  <testcase classname="Runner.MyTestRunner" name="runScenario" time="0.433"/>
  <system-out/>
  <testcase classname="Runner.MyTestRunner" name="runScenario" time="53.665"/>
  <system-out/>
  <testcase classname="Runner.MyTestRunner" name="runScenario" time="10.603"/>
  <system-out/>
  <testcase classname="Runner.MyTestRunner" name="runScenario" time="7.515"/>
  <system-out/>
  <testcase classname="Runner.MyTestRunner" name="runScenario" time="4.536"/>
  <system-out/>
  <testcase classname="Runner.MyTestRunner" name="runScenario" time="0.507"/>
  <system-out/>
  <testcase classname="Runner.MyTestRunner" name="runScenario" time="3.512"/>
  <system-out/>
  <testcase classname="Runner.MyTestRunner" name="runScenario" time="1.789"/>
  <system-out/>
  <testcase classname="Runner.MyTestRunner" name="runScenario" time="1.811"/>
  <system-out/>
  <testcase classname="Runner.MyTestRunner" name="runScenario" time="1.339"/>
  <system-out/>
  <testcase classname="Runner.MyTestRunner" name="runScenario" time="4.627"/>
  <system-out/>
  <testcase classname="Runner.MyTestRunner" name="runScenario" time="0.172"/>
  <system-out/>
  <testcase classname="Runner.MyTestRunner" name="runScenario" time="1.909"/>
  <system-out/>
  <testcase classname="Runner.MyTestRunner" name="runScenario" time="0.159"/>
  <system-out/>
  <testcase classname="Runner.MyTestRunner" name="runScenario" time="1.695"/>
  <system-out/>
  <testcase classname="Runner.MyTestRunner" name="runScenario" time="0.405"/>
  <system-out/>
  <testcase classname="Runner.MyTestRunner" name="runScenario" time="1.059"/>
  <system-out/>
  <testcase classname="Runner.MyTestRunner" name="runScenario" time="6.458"/>
  <system-out/>
  <testcase classname="Runner.MyTestRunner" name="runScenario" time="0.235"/>
  <system-out/>
  <testcase classname="Runner.MyTestRunner" name="runScenario" time="2.305"/>
  <system-out/>
  <testcase classname="Runner.MyTestRunner" name="runScenario" time="0.535"/>
  <system-out/>
  <testcase classname="Runner.MyTestRunner" name="runScenario" time="1.951"/>
  <system-out/>
  <testcase classname="Runner.MyTestRunner" name="runScenario" time="9.487">
    <error message="no such element: Unable to locate element: {&quot;method&quot;:&quot;xpath&quot;,&quot;selector&quot;:&quot;//div[text()=&#039;User Added Successfully&#039;]&quot;}
  (Session info: chrome=124.0.6367.79)
For documentation on this error, please visit: https://selenium.dev/exceptions/#no_such_element
Build info: version: &#039;4.9.1&#039;, revision: &#039;eb2032df7f&#039;
System info: os.name: &#039;Windows 11&#039;, os.arch: &#039;amd64&#039;, os.version: &#039;10.0&#039;, java.version: &#039;21.0.1&#039;
Driver info: org.openqa.selenium.chrome.ChromeDriver
Command: [8ceef02da6b199a58d458d10d10f086f, findElement {using=xpath, value=//div[text()=&#039;User Added Successfully&#039;]}]
Capabilities {acceptInsecureCerts: false, browserName: chrome, browserVersion: 124.0.6367.79, chrome: {chromedriverVersion: 124.0.6367.91 (51df0e5e17a8..., userDataDir: C:\Users\nsatc\AppData\Loca...}, fedcm:accounts: true, goog:chromeOptions: {debuggerAddress: localhost:51093}, networkConnectionEnabled: false, pageLoadStrategy: normal, platformName: windows, proxy: Proxy(), se:cdp: ws://localhost:51093/devtoo..., se:cdpVersion: 124.0.6367.79, setWindowRect: true, strictFileInteractability: false, timeouts: {implicit: 0, pageLoad: 300000, script: 30000}, unhandledPromptBehavior: dismiss and notify, webauthn:extension:credBlob: true, webauthn:extension:largeBlob: true, webauthn:extension:minPinLength: true, webauthn:extension:prf: true, webauthn:virtualAuthenticators: true}
Session ID: 8ceef02da6b199a58d458d10d10f086f" type="org.openqa.selenium.NoSuchElementException">
      <![CDATA[org.openqa.selenium.NoSuchElementException: no such element: Unable to locate element: {"method":"xpath","selector":"//div[text()='User Added Successfully']"}
  (Session info: chrome=124.0.6367.79)
For documentation on this error, please visit: https://selenium.dev/exceptions/#no_such_element
Build info: version: '4.9.1', revision: 'eb2032df7f'
System info: os.name: 'Windows 11', os.arch: 'amd64', os.version: '10.0', java.version: '21.0.1'
Driver info: org.openqa.selenium.chrome.ChromeDriver
Command: [8ceef02da6b199a58d458d10d10f086f, findElement {using=xpath, value=//div[text()='User Added Successfully']}]
Capabilities {acceptInsecureCerts: false, browserName: chrome, browserVersion: 124.0.6367.79, chrome: {chromedriverVersion: 124.0.6367.91 (51df0e5e17a8..., userDataDir: C:\Users\nsatc\AppData\Loca...}, fedcm:accounts: true, goog:chromeOptions: {debuggerAddress: localhost:51093}, networkConnectionEnabled: false, pageLoadStrategy: normal, platformName: windows, proxy: Proxy(), se:cdp: ws://localhost:51093/devtoo..., se:cdpVersion: 124.0.6367.79, setWindowRect: true, strictFileInteractability: false, timeouts: {implicit: 0, pageLoad: 300000, script: 30000}, unhandledPromptBehavior: dismiss and notify, webauthn:extension:credBlob: true, webauthn:extension:largeBlob: true, webauthn:extension:minPinLength: true, webauthn:extension:prf: true, webauthn:virtualAuthenticators: true}
Session ID: 8ceef02da6b199a58d458d10d10f086f
at java.base/jdk.internal.reflect.DirectConstructorHandleAccessor.newInstance(DirectConstructorHandleAccessor.java:62)
at java.base/java.lang.reflect.Constructor.newInstanceWithCaller(Constructor.java:502)
at java.base/java.lang.reflect.Constructor.newInstance(Constructor.java:486)
at org.openqa.selenium.remote.codec.w3c.W3CHttpResponseCodec.createException(W3CHttpResponseCodec.java:200)
at org.openqa.selenium.remote.codec.w3c.W3CHttpResponseCodec.decode(W3CHttpResponseCodec.java:133)
at org.openqa.selenium.remote.codec.w3c.W3CHttpResponseCodec.decode(W3CHttpResponseCodec.java:53)
at org.openqa.selenium.remote.HttpCommandExecutor.execute(HttpCommandExecutor.java:193)
at org.openqa.selenium.remote.service.DriverCommandExecutor.invokeExecute(DriverCommandExecutor.java:183)
at org.openqa.selenium.remote.service.DriverCommandExecutor.execute(DriverCommandExecutor.java:158)
at org.openqa.selenium.remote.RemoteWebDriver.execute(RemoteWebDriver.java:543)
at org.openqa.selenium.remote.ElementLocation$ElementFinder$2.findElement(ElementLocation.java:162)
at org.openqa.selenium.remote.ElementLocation.findElement(ElementLocation.java:60)
at org.openqa.selenium.remote.RemoteWebDriver.findElement(RemoteWebDriver.java:352)
at org.openqa.selenium.remote.RemoteWebDriver.findElement(RemoteWebDriver.java:344)
at PageObjects.addUserPage.getSucessMsg(addUserPage.java:212)
at StepDefinitions.AddUserPageSteps.admin_gets_a_message(AddUserPageSteps.java:111)
at ✽.Admin gets a message "User Added Successfully"(file:///C:/Users/nsatc/git/Team17_Testing_Squad/src/test/resources/Features/05_2addUser.feature:50)
]]>
    </error>
  </testcase> <!-- runScenario -->
  <system-out/>
  <testcase classname="Runner.MyTestRunner" name="runScenario" time="0.373"/>
  <system-out/>
  <testcase classname="Runner.MyTestRunner" name="runScenario" time="4.231"/>
  <system-out/>
  <testcase classname="Runner.MyTestRunner" name="runScenario" time="1.773"/>
  <system-out/>
  <testcase classname="Runner.MyTestRunner" name="runScenario" time="2.309"/>
  <system-out/>
  <testcase classname="Runner.MyTestRunner" name="runScenario" time="4.659"/>
  <system-out/>
  <testcase classname="Runner.MyTestRunner" name="runScenario" time="2.052"/>
  <system-out/>
  <testcase classname="Runner.MyTestRunner" name="runScenario" time="1.102"/>
  <system-out/>
  <testcase classname="Runner.MyTestRunner" name="runScenario" time="0.371"/>
  <system-out/>
  <testcase classname="Runner.MyTestRunner" name="runScenario" time="2.348"/>
  <system-out/>
  <testcase classname="Runner.MyTestRunner" name="runScenario" time="5.686"/>
  <system-out/>
  <testcase classname="Runner.MyTestRunner" name="runScenario" time="2.039">
    <failure message="Please enter your password is not displayed and it is displaying the following wrong message Invalid username and password Please try again expected [false] but found [true]" type="java.lang.AssertionError">
      <![CDATA[java.lang.AssertionError: Please enter your password is not displayed and it is displaying the following wrong message Invalid username and password Please try again expected [false] but found [true]
at org.testng.Assert.fail(Assert.java:110)
at org.testng.Assert.failNotEquals(Assert.java:1577)
at org.testng.Assert.assertEqualsImpl(Assert.java:149)
at org.testng.Assert.assertEquals(Assert.java:131)
at org.testng.Assert.assertEquals(Assert.java:1066)
at org.testng.Assert.assertEquals(Assert.java:1030)
at StepDefinitions.LoginPageSteps.Error_Msg_Validation(LoginPageSteps.java:77)
at ✽.Admin should see the Error message please check expected 'Please enter your password' displays(file:///C:/Users/nsatc/git/Team17_Testing_Squad/src/test/resources/Features/01Login.feature:28)
]]>
    </failure>
  </testcase> <!-- runScenario -->
  <system-out/>
  <testcase classname="Runner.MyTestRunner" name="runScenario" time="1.997"/>
  <system-out/>
  <testcase classname="Runner.MyTestRunner" name="runScenario" time="1.941"/>
  <system-out/>
  <testcase classname="Runner.MyTestRunner" name="runScenario" time="0.333"/>
  <system-out/>
  <testcase classname="Runner.MyTestRunner" name="runScenario" time="0.064"/>
  <system-out/>
  <testcase classname="Runner.MyTestRunner" name="runScenario" time="1.912"/>
  <system-out/>
  <testcase classname="Runner.MyTestRunner" name="runScenario" time="0.254"/>
  <system-out/>
  <testcase classname="Runner.MyTestRunner" name="runScenario" time="0.097"/>
  <system-out/>
  <testcase classname="Runner.MyTestRunner" name="runScenario" time="7.987">
    <failure message="Search result not found" type="java.lang.AssertionError">
      <![CDATA[java.lang.AssertionError: Search result not found
at org.junit.Assert.fail(Assert.java:89)
at org.junit.Assert.assertTrue(Assert.java:42)
at StepDefinitions.UserPageSteps.admin_should_see_zero_entries_on_the_data_table(UserPageSteps.java:201)
at ✽.Admin should see zero entries on the data table(file:///C:/Users/nsatc/git/Team17_Testing_Squad/src/test/resources/Features/05_1user.feature:53)
]]>
    </failure>
  </testcase> <!-- runScenario -->
  <system-out/>
  <testcase classname="Runner.MyTestRunner" name="runScenario" time="2.020"/>
  <system-out/>
  <testcase classname="Runner.MyTestRunner" name="runScenario" time="0.383"/>
  <system-out/>
  <testcase classname="Runner.MyTestRunner" name="runScenario" time="0.797"/>
  <system-out/>
  <testcase classname="Runner.MyTestRunner" name="runScenario" time="2.019"/>
  <system-out/>
  <testcase classname="Runner.MyTestRunner" name="runScenario" time="3.339"/>
  <system-out/>
  <testcase classname="Runner.MyTestRunner" name="runScenario" time="0.494"/>
  <system-out/>
  <testcase classname="Runner.MyTestRunner" name="runScenario" time="1.246"/>
  <system-out/>
  <testcase classname="Runner.MyTestRunner" name="runScenario" time="1.716">
    <failure message="Please enter your username is not displayed and it is displaying the following wrong message Invalid username and password Please try again expected [false] but found [true]" type="java.lang.AssertionError">
      <![CDATA[java.lang.AssertionError: Please enter your username is not displayed and it is displaying the following wrong message Invalid username and password Please try again expected [false] but found [true]
at org.testng.Assert.fail(Assert.java:110)
at org.testng.Assert.failNotEquals(Assert.java:1577)
at org.testng.Assert.assertEqualsImpl(Assert.java:149)
at org.testng.Assert.assertEquals(Assert.java:131)
at org.testng.Assert.assertEquals(Assert.java:1066)
at org.testng.Assert.assertEquals(Assert.java:1030)
at StepDefinitions.LoginPageSteps.Error_Msg_Validation(LoginPageSteps.java:77)
at ✽.Admin should see the Error message please check expected 'Please enter your username' displays(file:///C:/Users/nsatc/git/Team17_Testing_Squad/src/test/resources/Features/01Login.feature:28)
]]>
    </failure>
  </testcase> <!-- runScenario -->
  <system-out/>
  <testcase classname="Runner.MyTestRunner" name="runScenario" time="6.589"/>
  <system-out/>
  <testcase classname="Runner.MyTestRunner" name="runScenario" time="0.466"/>
  <system-out/>
  <testcase classname="Runner.MyTestRunner" name="runScenario" time="2.083"/>
  <system-out/>
  <testcase classname="Runner.MyTestRunner" name="runScenario" time="2.474"/>
  <system-out/>
  <testcase classname="Runner.MyTestRunner" name="runScenario" time="3.621"/>
  <system-out/>
  <testcase classname="Runner.MyTestRunner" name="runScenario" time="0.163"/>
  <system-out/>
  <testcase classname="Runner.MyTestRunner" name="runScenario" time="6.675">
    <error message="no such element: Unable to locate element: {&quot;method&quot;:&quot;xpath&quot;,&quot;selector&quot;:&quot;//td[normalize-space()=&#039;Testing Squad&#039;]&quot;}
  (Session info: chrome=124.0.6367.79)
For documentation on this error, please visit: https://selenium.dev/exceptions/#no_such_element
Build info: version: &#039;4.9.1&#039;, revision: &#039;eb2032df7f&#039;
System info: os.name: &#039;Windows 11&#039;, os.arch: &#039;amd64&#039;, os.version: &#039;10.0&#039;, java.version: &#039;21.0.1&#039;
Driver info: org.openqa.selenium.chrome.ChromeDriver
Command: [8ceef02da6b199a58d458d10d10f086f, findElement {using=xpath, value=//td[normalize-space()=&#039;Testing Squad&#039;]}]
Capabilities {acceptInsecureCerts: false, browserName: chrome, browserVersion: 124.0.6367.79, chrome: {chromedriverVersion: 124.0.6367.91 (51df0e5e17a8..., userDataDir: C:\Users\nsatc\AppData\Loca...}, fedcm:accounts: true, goog:chromeOptions: {debuggerAddress: localhost:51093}, networkConnectionEnabled: false, pageLoadStrategy: normal, platformName: windows, proxy: Proxy(), se:cdp: ws://localhost:51093/devtoo..., se:cdpVersion: 124.0.6367.79, setWindowRect: true, strictFileInteractability: false, timeouts: {implicit: 0, pageLoad: 300000, script: 30000}, unhandledPromptBehavior: dismiss and notify, webauthn:extension:credBlob: true, webauthn:extension:largeBlob: true, webauthn:extension:minPinLength: true, webauthn:extension:prf: true, webauthn:virtualAuthenticators: true}
Session ID: 8ceef02da6b199a58d458d10d10f086f" type="org.openqa.selenium.NoSuchElementException">
      <![CDATA[org.openqa.selenium.NoSuchElementException: no such element: Unable to locate element: {"method":"xpath","selector":"//td[normalize-space()='Testing Squad']"}
  (Session info: chrome=124.0.6367.79)
For documentation on this error, please visit: https://selenium.dev/exceptions/#no_such_element
Build info: version: '4.9.1', revision: 'eb2032df7f'
System info: os.name: 'Windows 11', os.arch: 'amd64', os.version: '10.0', java.version: '21.0.1'
Driver info: org.openqa.selenium.chrome.ChromeDriver
Command: [8ceef02da6b199a58d458d10d10f086f, findElement {using=xpath, value=//td[normalize-space()='Testing Squad']}]
Capabilities {acceptInsecureCerts: false, browserName: chrome, browserVersion: 124.0.6367.79, chrome: {chromedriverVersion: 124.0.6367.91 (51df0e5e17a8..., userDataDir: C:\Users\nsatc\AppData\Loca...}, fedcm:accounts: true, goog:chromeOptions: {debuggerAddress: localhost:51093}, networkConnectionEnabled: false, pageLoadStrategy: normal, platformName: windows, proxy: Proxy(), se:cdp: ws://localhost:51093/devtoo..., se:cdpVersion: 124.0.6367.79, setWindowRect: true, strictFileInteractability: false, timeouts: {implicit: 0, pageLoad: 300000, script: 30000}, unhandledPromptBehavior: dismiss and notify, webauthn:extension:credBlob: true, webauthn:extension:largeBlob: true, webauthn:extension:minPinLength: true, webauthn:extension:prf: true, webauthn:virtualAuthenticators: true}
Session ID: 8ceef02da6b199a58d458d10d10f086f
at java.base/jdk.internal.reflect.DirectConstructorHandleAccessor.newInstance(DirectConstructorHandleAccessor.java:62)
at java.base/java.lang.reflect.Constructor.newInstanceWithCaller(Constructor.java:502)
at java.base/java.lang.reflect.Constructor.newInstance(Constructor.java:486)
at org.openqa.selenium.remote.codec.w3c.W3CHttpResponseCodec.createException(W3CHttpResponseCodec.java:200)
at org.openqa.selenium.remote.codec.w3c.W3CHttpResponseCodec.decode(W3CHttpResponseCodec.java:133)
at org.openqa.selenium.remote.codec.w3c.W3CHttpResponseCodec.decode(W3CHttpResponseCodec.java:53)
at org.openqa.selenium.remote.HttpCommandExecutor.execute(HttpCommandExecutor.java:193)
at org.openqa.selenium.remote.service.DriverCommandExecutor.invokeExecute(DriverCommandExecutor.java:183)
at org.openqa.selenium.remote.service.DriverCommandExecutor.execute(DriverCommandExecutor.java:158)
at org.openqa.selenium.remote.RemoteWebDriver.execute(RemoteWebDriver.java:543)
at org.openqa.selenium.remote.ElementLocation$ElementFinder$2.findElement(ElementLocation.java:162)
at org.openqa.selenium.remote.ElementLocation.findElement(ElementLocation.java:60)
at org.openqa.selenium.remote.RemoteWebDriver.findElement(RemoteWebDriver.java:352)
at org.openqa.selenium.remote.RemoteWebDriver.findElement(RemoteWebDriver.java:344)
at PageObjects.userPage.searchedValidUser(userPage.java:196)
at StepDefinitions.UserPageSteps.admin_should_see_user_displayed_with_the_entered_name(UserPageSteps.java:191)
at ✽.Admin should see user displayed with the entered name(file:///C:/Users/nsatc/git/Team17_Testing_Squad/src/test/resources/Features/05_1user.feature:46)
]]>
    </error>
  </testcase> <!-- runScenario -->
  <system-out/>
  <testcase classname="Runner.MyTestRunner" name="runScenario" time="1.814"/>
  <system-out/>
  <testcase classname="Runner.MyTestRunner" name="runScenario" time="2.013"/>
  <system-out/>
  <testcase classname="Runner.MyTestRunner" name="runScenario" time="2.234"/>
  <system-out/>
  <testcase classname="Runner.MyTestRunner" name="runScenario" time="2.101"/>
  <system-out/>
  <testcase classname="Runner.MyTestRunner" name="runScenario" time="1.257"/>
  <system-out/>
  <testcase classname="Runner.MyTestRunner" name="runScenario" time="7.366"/>
  <system-out/>
  <testcase classname="Runner.MyTestRunner" name="runScenario" time="0.932"/>
  <system-out/>
  <testcase classname="Runner.MyTestRunner" name="runScenario" time="7.153"/>
  <system-out/>
  <testcase classname="Runner.MyTestRunner" name="runScenario" time="2.973"/>
  <system-out/>
  <testcase classname="Runner.MyTestRunner" name="runScenario" time="0.159"/>
  <system-out/>
  <testcase classname="Runner.MyTestRunner" name="runScenario" time="0.678"/>
  <system-out/>
  <testcase classname="Runner.MyTestRunner" name="runScenario" time="1.854"/>
  <system-out/>
  <testcase classname="Runner.MyTestRunner" name="runScenario" time="2.002"/>
  <system-out/>
  <testcase classname="Runner.MyTestRunner" name="runScenario" time="3.585"/>
  <system-out/>
  <testcase classname="Runner.MyTestRunner" name="runScenario" time="3.436"/>
  <system-out/>
  <testcase classname="Runner.MyTestRunner" name="runScenario" time="0.454"/>
  <system-out/>
  <testcase classname="Runner.MyTestRunner" name="runScenario" time="0.244"/>
  <system-out/>
  <testcase classname="Runner.MyTestRunner" name="runScenario" time="0.222"/>
  <system-out/>
  <testcase classname="Runner.MyTestRunner" name="runScenario" time="2.121"/>
  <system-out/>
  <testcase classname="Runner.MyTestRunner" name="runScenario" time="0.522"/>
  <system-out/>
  <testcase classname="Runner.MyTestRunner" name="runScenario" time="1.839"/>
  <system-out/>
  <testcase classname="Runner.MyTestRunner" name="runScenario" time="3.166"/>
  <system-out/>
</testsuite> <!-- Runner.MyTestRunner -->
