<?xml version="1.0" encoding="UTF-8"?>
<!-- Generated by org.testng.reporters.JUnitReportReporter -->
<testsuite hostname="DESKTOP-QPCBQJB" failures="4" tests="144" name="Runner.MyTestRunner" time="312.417" errors="6" timestamp="2024-05-02T12:51:51 EDT" skipped="0">
  <testcase classname="Runner.MyTestRunner" name="runScenario" time="1.237"/>
  <system-out/>
  <testcase classname="Runner.MyTestRunner" name="runScenario" time="1.473"/>
  <system-out/>
  <testcase classname="Runner.MyTestRunner" name="runScenario" time="0.294"/>
  <system-out/>
  <testcase classname="Runner.MyTestRunner" name="runScenario" time="0.433"/>
  <system-out/>
  <testcase classname="Runner.MyTestRunner" name="runScenario" time="0.447"/>
  <system-out/>
  <testcase classname="Runner.MyTestRunner" name="runScenario" time="1.465"/>
  <system-out/>
  <testcase classname="Runner.MyTestRunner" name="runScenario" time="0.718"/>
  <system-out/>
  <testcase classname="Runner.MyTestRunner" name="runScenario" time="1.734"/>
  <system-out/>
  <testcase classname="Runner.MyTestRunner" name="runScenario" time="0.265"/>
  <system-out/>
  <testcase classname="Runner.MyTestRunner" name="runScenario" time="2.996"/>
  <system-out/>
  <testcase classname="Runner.MyTestRunner" name="runScenario" time="0.415"/>
  <system-out/>
  <testcase classname="Runner.MyTestRunner" name="runScenario" time="0.650"/>
  <system-out/>
  <testcase classname="Runner.MyTestRunner" name="runScenario" time="0.327"/>
  <system-out/>
  <testcase classname="Runner.MyTestRunner" name="runScenario" time="6.757">
    <error message="no such element: Unable to locate element: {&quot;method&quot;:&quot;xpath&quot;,&quot;selector&quot;:&quot;//div[text()=&#039;User Added Successfully&#039;]&quot;}
  (Session info: chrome=124.0.6367.79)
For documentation on this error, please visit: https://www.selenium.dev/documentation/webdriver/troubleshooting/errors#no-such-element-exception
Build info: version: &#039;4.15.0&#039;, revision: &#039;1d14b5521b&#039;
System info: os.name: &#039;Windows 11&#039;, os.arch: &#039;amd64&#039;, os.version: &#039;10.0&#039;, java.version: &#039;21.0.1&#039;
Driver info: org.openqa.selenium.chrome.ChromeDriver
Command: [563a2085d72b832c7e74e6f4652f762c, findElement {using=xpath, value=//div[text()=&#039;User Added Successfully&#039;]}]
Capabilities {acceptInsecureCerts: false, browserName: chrome, browserVersion: 124.0.6367.79, chrome: {chromedriverVersion: 124.0.6367.91 (51df0e5e17a8..., userDataDir: C:\Users\nsatc\AppData\Loca...}, fedcm:accounts: true, goog:chromeOptions: {debuggerAddress: localhost:55099}, networkConnectionEnabled: false, pageLoadStrategy: normal, platformName: windows, proxy: Proxy(), se:cdp: ws://localhost:55099/devtoo..., se:cdpVersion: 124.0.6367.79, setWindowRect: true, strictFileInteractability: false, timeouts: {implicit: 0, pageLoad: 300000, script: 30000}, unhandledPromptBehavior: dismiss and notify, webauthn:extension:credBlob: true, webauthn:extension:largeBlob: true, webauthn:extension:minPinLength: true, webauthn:extension:prf: true, webauthn:virtualAuthenticators: true}
Session ID: 563a2085d72b832c7e74e6f4652f762c" type="org.openqa.selenium.NoSuchElementException">
      <![CDATA[org.openqa.selenium.NoSuchElementException: no such element: Unable to locate element: {"method":"xpath","selector":"//div[text()='User Added Successfully']"}
  (Session info: chrome=124.0.6367.79)
For documentation on this error, please visit: https://www.selenium.dev/documentation/webdriver/troubleshooting/errors#no-such-element-exception
Build info: version: '4.15.0', revision: '1d14b5521b'
System info: os.name: 'Windows 11', os.arch: 'amd64', os.version: '10.0', java.version: '21.0.1'
Driver info: org.openqa.selenium.chrome.ChromeDriver
Command: [563a2085d72b832c7e74e6f4652f762c, findElement {using=xpath, value=//div[text()='User Added Successfully']}]
Capabilities {acceptInsecureCerts: false, browserName: chrome, browserVersion: 124.0.6367.79, chrome: {chromedriverVersion: 124.0.6367.91 (51df0e5e17a8..., userDataDir: C:\Users\nsatc\AppData\Loca...}, fedcm:accounts: true, goog:chromeOptions: {debuggerAddress: localhost:55099}, networkConnectionEnabled: false, pageLoadStrategy: normal, platformName: windows, proxy: Proxy(), se:cdp: ws://localhost:55099/devtoo..., se:cdpVersion: 124.0.6367.79, setWindowRect: true, strictFileInteractability: false, timeouts: {implicit: 0, pageLoad: 300000, script: 30000}, unhandledPromptBehavior: dismiss and notify, webauthn:extension:credBlob: true, webauthn:extension:largeBlob: true, webauthn:extension:minPinLength: true, webauthn:extension:prf: true, webauthn:virtualAuthenticators: true}
Session ID: 563a2085d72b832c7e74e6f4652f762c
at java.base/jdk.internal.reflect.DirectConstructorHandleAccessor.newInstance(DirectConstructorHandleAccessor.java:62)
at java.base/java.lang.reflect.Constructor.newInstanceWithCaller(Constructor.java:502)
at java.base/java.lang.reflect.Constructor.newInstance(Constructor.java:486)
at org.openqa.selenium.remote.codec.w3c.W3CHttpResponseCodec.createException(W3CHttpResponseCodec.java:200)
at org.openqa.selenium.remote.codec.w3c.W3CHttpResponseCodec.decode(W3CHttpResponseCodec.java:133)
at org.openqa.selenium.remote.codec.w3c.W3CHttpResponseCodec.decode(W3CHttpResponseCodec.java:52)
at org.openqa.selenium.remote.HttpCommandExecutor.execute(HttpCommandExecutor.java:191)
at org.openqa.selenium.remote.service.DriverCommandExecutor.invokeExecute(DriverCommandExecutor.java:200)
at org.openqa.selenium.remote.service.DriverCommandExecutor.execute(DriverCommandExecutor.java:175)
at org.openqa.selenium.remote.RemoteWebDriver.execute(RemoteWebDriver.java:607)
at org.openqa.selenium.remote.ElementLocation$ElementFinder$2.findElement(ElementLocation.java:165)
at org.openqa.selenium.remote.ElementLocation.findElement(ElementLocation.java:59)
at org.openqa.selenium.remote.RemoteWebDriver.findElement(RemoteWebDriver.java:364)
at org.openqa.selenium.remote.RemoteWebDriver.findElement(RemoteWebDriver.java:358)
at PageObjects.addUserPage.getSucessMsg(addUserPage.java:212)
at StepDefinitions.AddUserPageSteps.the_newly_added_user_should_be_present_in_the_data_table_in_manage_user_page(AddUserPageSteps.java:211)
at ✽.the newly added user should be present in the data table in Manage User page(file:///C:/Users/nsatc/git/Team17_Testing_Squad/src/test/resources/Features/05_02addUser.feature:97)
]]>
    </error>
  </testcase> <!-- runScenario -->
  <system-out/>
  <testcase classname="Runner.MyTestRunner" name="runScenario" time="2.068"/>
  <system-out/>
  <testcase classname="Runner.MyTestRunner" name="runScenario" time="9.895"/>
  <system-out/>
  <testcase classname="Runner.MyTestRunner" name="runScenario" time="2.747"/>
  <system-out/>
  <testcase classname="Runner.MyTestRunner" name="runScenario" time="0.413"/>
  <system-out/>
  <testcase classname="Runner.MyTestRunner" name="runScenario" time="1.803"/>
  <system-out/>
  <testcase classname="Runner.MyTestRunner" name="runScenario" time="1.413"/>
  <system-out/>
  <testcase classname="Runner.MyTestRunner" name="runScenario" time="1.905"/>
  <system-out/>
  <testcase classname="Runner.MyTestRunner" name="runScenario" time="1.671"/>
  <system-out/>
  <testcase classname="Runner.MyTestRunner" name="runScenario" time="6.440"/>
  <system-out/>
  <testcase classname="Runner.MyTestRunner" name="runScenario" time="6.371"/>
  <system-out/>
  <testcase classname="Runner.MyTestRunner" name="runScenario" time="3.336"/>
  <system-out/>
  <testcase classname="Runner.MyTestRunner" name="runScenario" time="0.150"/>
  <system-out/>
  <testcase classname="Runner.MyTestRunner" name="runScenario" time="6.707">
    <error message="no such element: Unable to locate element: {&quot;method&quot;:&quot;xpath&quot;,&quot;selector&quot;:&quot;//td[normalize-space()=&#039;aapriyanga&#039;]//following-sibling::td//button[1]&quot;}
  (Session info: chrome=124.0.6367.79)
For documentation on this error, please visit: https://www.selenium.dev/documentation/webdriver/troubleshooting/errors#no-such-element-exception
Build info: version: &#039;4.15.0&#039;, revision: &#039;1d14b5521b&#039;
System info: os.name: &#039;Windows 11&#039;, os.arch: &#039;amd64&#039;, os.version: &#039;10.0&#039;, java.version: &#039;21.0.1&#039;
Driver info: org.openqa.selenium.chrome.ChromeDriver
Command: [563a2085d72b832c7e74e6f4652f762c, findElement {using=xpath, value=//td[normalize-space()=&#039;aapriyanga&#039;]//following-sibling::td//button[1]}]
Capabilities {acceptInsecureCerts: false, browserName: chrome, browserVersion: 124.0.6367.79, chrome: {chromedriverVersion: 124.0.6367.91 (51df0e5e17a8..., userDataDir: C:\Users\nsatc\AppData\Loca...}, fedcm:accounts: true, goog:chromeOptions: {debuggerAddress: localhost:55099}, networkConnectionEnabled: false, pageLoadStrategy: normal, platformName: windows, proxy: Proxy(), se:cdp: ws://localhost:55099/devtoo..., se:cdpVersion: 124.0.6367.79, setWindowRect: true, strictFileInteractability: false, timeouts: {implicit: 0, pageLoad: 300000, script: 30000}, unhandledPromptBehavior: dismiss and notify, webauthn:extension:credBlob: true, webauthn:extension:largeBlob: true, webauthn:extension:minPinLength: true, webauthn:extension:prf: true, webauthn:virtualAuthenticators: true}
Session ID: 563a2085d72b832c7e74e6f4652f762c" type="org.openqa.selenium.NoSuchElementException">
      <![CDATA[org.openqa.selenium.NoSuchElementException: no such element: Unable to locate element: {"method":"xpath","selector":"//td[normalize-space()='aapriyanga']//following-sibling::td//button[1]"}
  (Session info: chrome=124.0.6367.79)
For documentation on this error, please visit: https://www.selenium.dev/documentation/webdriver/troubleshooting/errors#no-such-element-exception
Build info: version: '4.15.0', revision: '1d14b5521b'
System info: os.name: 'Windows 11', os.arch: 'amd64', os.version: '10.0', java.version: '21.0.1'
Driver info: org.openqa.selenium.chrome.ChromeDriver
Command: [563a2085d72b832c7e74e6f4652f762c, findElement {using=xpath, value=//td[normalize-space()='aapriyanga']//following-sibling::td//button[1]}]
Capabilities {acceptInsecureCerts: false, browserName: chrome, browserVersion: 124.0.6367.79, chrome: {chromedriverVersion: 124.0.6367.91 (51df0e5e17a8..., userDataDir: C:\Users\nsatc\AppData\Loca...}, fedcm:accounts: true, goog:chromeOptions: {debuggerAddress: localhost:55099}, networkConnectionEnabled: false, pageLoadStrategy: normal, platformName: windows, proxy: Proxy(), se:cdp: ws://localhost:55099/devtoo..., se:cdpVersion: 124.0.6367.79, setWindowRect: true, strictFileInteractability: false, timeouts: {implicit: 0, pageLoad: 300000, script: 30000}, unhandledPromptBehavior: dismiss and notify, webauthn:extension:credBlob: true, webauthn:extension:largeBlob: true, webauthn:extension:minPinLength: true, webauthn:extension:prf: true, webauthn:virtualAuthenticators: true}
Session ID: 563a2085d72b832c7e74e6f4652f762c
at java.base/jdk.internal.reflect.DirectConstructorHandleAccessor.newInstance(DirectConstructorHandleAccessor.java:62)
at java.base/java.lang.reflect.Constructor.newInstanceWithCaller(Constructor.java:502)
at java.base/java.lang.reflect.Constructor.newInstance(Constructor.java:486)
at org.openqa.selenium.remote.codec.w3c.W3CHttpResponseCodec.createException(W3CHttpResponseCodec.java:200)
at org.openqa.selenium.remote.codec.w3c.W3CHttpResponseCodec.decode(W3CHttpResponseCodec.java:133)
at org.openqa.selenium.remote.codec.w3c.W3CHttpResponseCodec.decode(W3CHttpResponseCodec.java:52)
at org.openqa.selenium.remote.HttpCommandExecutor.execute(HttpCommandExecutor.java:191)
at org.openqa.selenium.remote.service.DriverCommandExecutor.invokeExecute(DriverCommandExecutor.java:200)
at org.openqa.selenium.remote.service.DriverCommandExecutor.execute(DriverCommandExecutor.java:175)
at org.openqa.selenium.remote.RemoteWebDriver.execute(RemoteWebDriver.java:607)
at org.openqa.selenium.remote.ElementLocation$ElementFinder$2.findElement(ElementLocation.java:165)
at org.openqa.selenium.remote.ElementLocation.findElement(ElementLocation.java:59)
at org.openqa.selenium.remote.RemoteWebDriver.findElement(RemoteWebDriver.java:364)
at org.openqa.selenium.remote.RemoteWebDriver.findElement(RemoteWebDriver.java:358)
at PageObjects.editPgmPg.clickEditByname(editPgmPg.java:49)
at StepDefinitions.editPgmStep.admin_updates_the_status_and_clicks_save_button(editPgmStep.java:151)
at ✽.Admin updates the Status "Manage Program" 5  and clicks save button(file:///C:/Users/nsatc/git/Team17_Testing_Squad/src/test/resources/Features/03_03_editProgramDetails.feature:36)
]]>
    </error>
  </testcase> <!-- runScenario -->
  <system-out/>
  <testcase classname="Runner.MyTestRunner" name="runScenario" time="4.317"/>
  <system-out/>
  <testcase classname="Runner.MyTestRunner" name="runScenario" time="0.186"/>
  <system-out/>
  <testcase classname="Runner.MyTestRunner" name="runScenario" time="0.929"/>
  <system-out/>
  <testcase classname="Runner.MyTestRunner" name="runScenario" time="2.415"/>
  <system-out/>
  <testcase classname="Runner.MyTestRunner" name="runScenario" time="0.743"/>
  <system-out/>
  <testcase classname="Runner.MyTestRunner" name="runScenario" time="0.545"/>
  <system-out/>
  <testcase classname="Runner.MyTestRunner" name="runScenario" time="0.310"/>
  <system-out/>
  <testcase classname="Runner.MyTestRunner" name="runScenario" time="0.923"/>
  <system-out/>
  <testcase classname="Runner.MyTestRunner" name="runScenario" time="7.295"/>
  <system-out/>
  <testcase classname="Runner.MyTestRunner" name="runScenario" time="0.709"/>
  <system-out/>
  <testcase classname="Runner.MyTestRunner" name="runScenario" time="1.605"/>
  <system-out/>
  <testcase classname="Runner.MyTestRunner" name="runScenario" time="0.386"/>
  <system-out/>
  <testcase classname="Runner.MyTestRunner" name="runScenario" time="0.449"/>
  <system-out/>
  <testcase classname="Runner.MyTestRunner" name="runScenario" time="0.381"/>
  <system-out/>
  <testcase classname="Runner.MyTestRunner" name="runScenario" time="1.438"/>
  <system-out/>
  <testcase classname="Runner.MyTestRunner" name="runScenario" time="0.091"/>
  <system-out/>
  <testcase classname="Runner.MyTestRunner" name="runScenario" time="1.704"/>
  <system-out/>
  <testcase classname="Runner.MyTestRunner" name="runScenario" time="0.325"/>
  <system-out/>
  <testcase classname="Runner.MyTestRunner" name="runScenario" time="0.480"/>
  <system-out/>
  <testcase classname="Runner.MyTestRunner" name="runScenario" time="0.305"/>
  <system-out/>
  <testcase classname="Runner.MyTestRunner" name="runScenario" time="0.224"/>
  <system-out/>
  <testcase classname="Runner.MyTestRunner" name="runScenario" time="1.204"/>
  <system-out/>
  <testcase classname="Runner.MyTestRunner" name="runScenario" time="6.641"/>
  <system-out/>
  <testcase classname="Runner.MyTestRunner" name="runScenario" time="1.678"/>
  <system-out/>
  <testcase classname="Runner.MyTestRunner" name="runScenario" time="1.353"/>
  <system-out/>
  <testcase classname="Runner.MyTestRunner" name="runScenario" time="1.721"/>
  <system-out/>
  <testcase classname="Runner.MyTestRunner" name="runScenario" time="0.371"/>
  <system-out/>
  <testcase classname="Runner.MyTestRunner" name="runScenario" time="0.786"/>
  <system-out/>
  <testcase classname="Runner.MyTestRunner" name="runScenario" time="4.527"/>
  <system-out/>
  <testcase classname="Runner.MyTestRunner" name="runScenario" time="0.304"/>
  <system-out/>
  <testcase classname="Runner.MyTestRunner" name="runScenario" time="0.913"/>
  <system-out/>
  <testcase classname="Runner.MyTestRunner" name="runScenario" time="0.206"/>
  <system-out/>
  <testcase classname="Runner.MyTestRunner" name="runScenario" time="1.455"/>
  <system-out/>
  <testcase classname="Runner.MyTestRunner" name="runScenario" time="1.526">
    <failure message="Please enter your username is not displayed and it is displaying the following wrong message Invalid username and password Please try again expected [false] but found [true]" type="java.lang.AssertionError">
      <![CDATA[java.lang.AssertionError: Please enter your username is not displayed and it is displaying the following wrong message Invalid username and password Please try again expected [false] but found [true]
at org.testng.Assert.fail(Assert.java:110)
at org.testng.Assert.failNotEquals(Assert.java:1577)
at org.testng.Assert.assertEqualsImpl(Assert.java:149)
at org.testng.Assert.assertEquals(Assert.java:131)
at org.testng.Assert.assertEquals(Assert.java:1066)
at org.testng.Assert.assertEquals(Assert.java:1030)
at StepDefinitions.LoginPageSteps.Error_Msg_Validation(LoginPageSteps.java:77)
at ✽.Admin should see the Error message please check expected 'Please enter your username' displays(file:///C:/Users/nsatc/git/Team17_Testing_Squad/src/test/resources/Features/01_Login.feature:28)
]]>
    </failure>
  </testcase> <!-- runScenario -->
  <system-out/>
  <testcase classname="Runner.MyTestRunner" name="runScenario" time="8.442"/>
  <system-out/>
  <testcase classname="Runner.MyTestRunner" name="runScenario" time="1.448"/>
  <system-out/>
  <testcase classname="Runner.MyTestRunner" name="runScenario" time="1.663"/>
  <system-out/>
  <testcase classname="Runner.MyTestRunner" name="runScenario" time="0.188"/>
  <system-out/>
  <testcase classname="Runner.MyTestRunner" name="runScenario" time="0.189"/>
  <system-out/>
  <testcase classname="Runner.MyTestRunner" name="runScenario" time="0.255"/>
  <system-out/>
  <testcase classname="Runner.MyTestRunner" name="runScenario" time="1.700"/>
  <system-out/>
  <testcase classname="Runner.MyTestRunner" name="runScenario" time="5.314"/>
  <system-out/>
  <testcase classname="Runner.MyTestRunner" name="runScenario" time="3.303"/>
  <system-out/>
  <testcase classname="Runner.MyTestRunner" name="runScenario" time="1.564"/>
  <system-out/>
  <testcase classname="Runner.MyTestRunner" name="runScenario" time="1.702"/>
  <system-out/>
  <testcase classname="Runner.MyTestRunner" name="runScenario" time="4.135"/>
  <system-out/>
  <testcase classname="Runner.MyTestRunner" name="runScenario" time="1.613"/>
  <system-out/>
  <testcase classname="Runner.MyTestRunner" name="runScenario" time="2.697"/>
  <system-out/>
  <testcase classname="Runner.MyTestRunner" name="runScenario" time="2.891"/>
  <system-out/>
  <testcase classname="Runner.MyTestRunner" name="runScenario" time="3.518"/>
  <system-out/>
  <testcase classname="Runner.MyTestRunner" name="runScenario" time="0.359"/>
  <system-out/>
  <testcase classname="Runner.MyTestRunner" name="runScenario" time="15.116"/>
  <system-out/>
  <testcase classname="Runner.MyTestRunner" name="runScenario" time="1.721">
    <failure message="Please enter your password is not displayed and it is displaying the following wrong message Invalid username and password Please try again expected [false] but found [true]" type="java.lang.AssertionError">
      <![CDATA[java.lang.AssertionError: Please enter your password is not displayed and it is displaying the following wrong message Invalid username and password Please try again expected [false] but found [true]
at org.testng.Assert.fail(Assert.java:110)
at org.testng.Assert.failNotEquals(Assert.java:1577)
at org.testng.Assert.assertEqualsImpl(Assert.java:149)
at org.testng.Assert.assertEquals(Assert.java:131)
at org.testng.Assert.assertEquals(Assert.java:1066)
at org.testng.Assert.assertEquals(Assert.java:1030)
at StepDefinitions.LoginPageSteps.Error_Msg_Validation(LoginPageSteps.java:77)
at ✽.Admin should see the Error message please check expected 'Please enter your password' displays(file:///C:/Users/nsatc/git/Team17_Testing_Squad/src/test/resources/Features/01_Login.feature:28)
]]>
    </failure>
  </testcase> <!-- runScenario -->
  <system-out/>
  <testcase classname="Runner.MyTestRunner" name="runScenario" time="1.862"/>
  <system-out/>
  <testcase classname="Runner.MyTestRunner" name="runScenario" time="1.582"/>
  <system-out/>
  <testcase classname="Runner.MyTestRunner" name="runScenario" time="1.462"/>
  <system-out/>
  <testcase classname="Runner.MyTestRunner" name="runScenario" time="6.670">
    <error message="no such element: Unable to locate element: {&quot;method&quot;:&quot;xpath&quot;,&quot;selector&quot;:&quot;//td[normalize-space()=&#039;aapriyanga&#039;]//following-sibling::td//button[1]&quot;}
  (Session info: chrome=124.0.6367.79)
For documentation on this error, please visit: https://www.selenium.dev/documentation/webdriver/troubleshooting/errors#no-such-element-exception
Build info: version: &#039;4.15.0&#039;, revision: &#039;1d14b5521b&#039;
System info: os.name: &#039;Windows 11&#039;, os.arch: &#039;amd64&#039;, os.version: &#039;10.0&#039;, java.version: &#039;21.0.1&#039;
Driver info: org.openqa.selenium.chrome.ChromeDriver
Command: [563a2085d72b832c7e74e6f4652f762c, findElement {using=xpath, value=//td[normalize-space()=&#039;aapriyanga&#039;]//following-sibling::td//button[1]}]
Capabilities {acceptInsecureCerts: false, browserName: chrome, browserVersion: 124.0.6367.79, chrome: {chromedriverVersion: 124.0.6367.91 (51df0e5e17a8..., userDataDir: C:\Users\nsatc\AppData\Loca...}, fedcm:accounts: true, goog:chromeOptions: {debuggerAddress: localhost:55099}, networkConnectionEnabled: false, pageLoadStrategy: normal, platformName: windows, proxy: Proxy(), se:cdp: ws://localhost:55099/devtoo..., se:cdpVersion: 124.0.6367.79, setWindowRect: true, strictFileInteractability: false, timeouts: {implicit: 0, pageLoad: 300000, script: 30000}, unhandledPromptBehavior: dismiss and notify, webauthn:extension:credBlob: true, webauthn:extension:largeBlob: true, webauthn:extension:minPinLength: true, webauthn:extension:prf: true, webauthn:virtualAuthenticators: true}
Session ID: 563a2085d72b832c7e74e6f4652f762c" type="org.openqa.selenium.NoSuchElementException">
      <![CDATA[org.openqa.selenium.NoSuchElementException: no such element: Unable to locate element: {"method":"xpath","selector":"//td[normalize-space()='aapriyanga']//following-sibling::td//button[1]"}
  (Session info: chrome=124.0.6367.79)
For documentation on this error, please visit: https://www.selenium.dev/documentation/webdriver/troubleshooting/errors#no-such-element-exception
Build info: version: '4.15.0', revision: '1d14b5521b'
System info: os.name: 'Windows 11', os.arch: 'amd64', os.version: '10.0', java.version: '21.0.1'
Driver info: org.openqa.selenium.chrome.ChromeDriver
Command: [563a2085d72b832c7e74e6f4652f762c, findElement {using=xpath, value=//td[normalize-space()='aapriyanga']//following-sibling::td//button[1]}]
Capabilities {acceptInsecureCerts: false, browserName: chrome, browserVersion: 124.0.6367.79, chrome: {chromedriverVersion: 124.0.6367.91 (51df0e5e17a8..., userDataDir: C:\Users\nsatc\AppData\Loca...}, fedcm:accounts: true, goog:chromeOptions: {debuggerAddress: localhost:55099}, networkConnectionEnabled: false, pageLoadStrategy: normal, platformName: windows, proxy: Proxy(), se:cdp: ws://localhost:55099/devtoo..., se:cdpVersion: 124.0.6367.79, setWindowRect: true, strictFileInteractability: false, timeouts: {implicit: 0, pageLoad: 300000, script: 30000}, unhandledPromptBehavior: dismiss and notify, webauthn:extension:credBlob: true, webauthn:extension:largeBlob: true, webauthn:extension:minPinLength: true, webauthn:extension:prf: true, webauthn:virtualAuthenticators: true}
Session ID: 563a2085d72b832c7e74e6f4652f762c
at java.base/jdk.internal.reflect.DirectConstructorHandleAccessor.newInstance(DirectConstructorHandleAccessor.java:62)
at java.base/java.lang.reflect.Constructor.newInstanceWithCaller(Constructor.java:502)
at java.base/java.lang.reflect.Constructor.newInstance(Constructor.java:486)
at org.openqa.selenium.remote.codec.w3c.W3CHttpResponseCodec.createException(W3CHttpResponseCodec.java:200)
at org.openqa.selenium.remote.codec.w3c.W3CHttpResponseCodec.decode(W3CHttpResponseCodec.java:133)
at org.openqa.selenium.remote.codec.w3c.W3CHttpResponseCodec.decode(W3CHttpResponseCodec.java:52)
at org.openqa.selenium.remote.HttpCommandExecutor.execute(HttpCommandExecutor.java:191)
at org.openqa.selenium.remote.service.DriverCommandExecutor.invokeExecute(DriverCommandExecutor.java:200)
at org.openqa.selenium.remote.service.DriverCommandExecutor.execute(DriverCommandExecutor.java:175)
at org.openqa.selenium.remote.RemoteWebDriver.execute(RemoteWebDriver.java:607)
at org.openqa.selenium.remote.ElementLocation$ElementFinder$2.findElement(ElementLocation.java:165)
at org.openqa.selenium.remote.ElementLocation.findElement(ElementLocation.java:59)
at org.openqa.selenium.remote.RemoteWebDriver.findElement(RemoteWebDriver.java:364)
at org.openqa.selenium.remote.RemoteWebDriver.findElement(RemoteWebDriver.java:358)
at PageObjects.editPgmPg.clickEditByname(editPgmPg.java:49)
at StepDefinitions.editPgmStep.admin_updates_the_description_field_and_clicks_save_button(editPgmStep.java:120)
at ✽.Admin updates the Description "Manage Program" 5  field and clicks save button(file:///C:/Users/nsatc/git/Team17_Testing_Squad/src/test/resources/Features/03_03_editProgramDetails.feature:27)
]]>
    </error>
  </testcase> <!-- runScenario -->
  <system-out/>
  <testcase classname="Runner.MyTestRunner" name="runScenario" time="7.806"/>
  <system-out/>
  <testcase classname="Runner.MyTestRunner" name="runScenario" time="1.532"/>
  <system-out/>
  <testcase classname="Runner.MyTestRunner" name="runScenario" time="3.100"/>
  <system-out/>
  <testcase classname="Runner.MyTestRunner" name="runScenario" time="0.316"/>
  <system-out/>
  <testcase classname="Runner.MyTestRunner" name="runScenario" time="3.042"/>
  <system-out/>
  <testcase classname="Runner.MyTestRunner" name="runScenario" time="1.421"/>
  <system-out/>
  <testcase classname="Runner.MyTestRunner" name="runScenario" time="0.621"/>
  <system-out/>
  <testcase classname="Runner.MyTestRunner" name="runScenario" time="1.548"/>
  <system-out/>
  <testcase classname="Runner.MyTestRunner" name="runScenario" time="0.935"/>
  <system-out/>
  <testcase classname="Runner.MyTestRunner" name="runScenario" time="1.662"/>
  <system-out/>
  <testcase classname="Runner.MyTestRunner" name="runScenario" time="6.272"/>
  <system-out/>
  <testcase classname="Runner.MyTestRunner" name="runScenario" time="0.128"/>
  <system-out/>
  <testcase classname="Runner.MyTestRunner" name="runScenario" time="3.361"/>
  <system-out/>
  <testcase classname="Runner.MyTestRunner" name="runScenario" time="0.391"/>
  <system-out/>
  <testcase classname="Runner.MyTestRunner" name="runScenario" time="1.452"/>
  <system-out/>
  <testcase classname="Runner.MyTestRunner" name="runScenario" time="1.898"/>
  <system-out/>
  <testcase classname="Runner.MyTestRunner" name="runScenario" time="0.325"/>
  <system-out/>
  <testcase classname="Runner.MyTestRunner" name="runScenario" time="0.122"/>
  <system-out/>
  <testcase classname="Runner.MyTestRunner" name="runScenario" time="1.715"/>
  <system-out/>
  <testcase classname="Runner.MyTestRunner" name="runScenario" time="0.127"/>
  <system-out/>
  <testcase classname="Runner.MyTestRunner" name="runScenario" time="0.431"/>
  <system-out/>
  <testcase classname="Runner.MyTestRunner" name="runScenario" time="0.076"/>
  <system-out/>
  <testcase classname="Runner.MyTestRunner" name="runScenario" time="2.473"/>
  <system-out/>
  <testcase classname="Runner.MyTestRunner" name="runScenario" time="1.605"/>
  <system-out/>
  <testcase classname="Runner.MyTestRunner" name="runScenario" time="1.375"/>
  <system-out/>
  <testcase classname="Runner.MyTestRunner" name="runScenario" time="0.070"/>
  <system-out/>
  <testcase classname="Runner.MyTestRunner" name="runScenario" time="0.331"/>
  <system-out/>
  <testcase classname="Runner.MyTestRunner" name="runScenario" time="3.324"/>
  <system-out/>
  <testcase classname="Runner.MyTestRunner" name="runScenario" time="1.826">
    <failure message="expected [true] but found [false]" type="java.lang.AssertionError">
      <![CDATA[java.lang.AssertionError: expected [true] but found [false]
at org.testng.Assert.fail(Assert.java:110)
at org.testng.Assert.failNotEquals(Assert.java:1577)
at org.testng.Assert.assertTrue(Assert.java:56)
at org.testng.Assert.assertTrue(Assert.java:66)
at StepDefinitions.addNewPgmStep.admin_gets_a_message_successful_program_created_alert_and_able_to_see_the_new_program_added_in_the_data_table(addNewPgmStep.java:322)
at ✽.Admin gets a message Successful Program Created alert and able to see the new program added in the data table(file:///C:/Users/nsatc/git/Team17_Testing_Squad/src/test/resources/Features/03_02_addNewProgram.feature:70)
]]>
    </failure>
  </testcase> <!-- runScenario -->
  <system-out/>
  <testcase classname="Runner.MyTestRunner" name="runScenario" time="0.365"/>
  <system-out/>
  <testcase classname="Runner.MyTestRunner" name="runScenario" time="0.271"/>
  <system-out/>
  <testcase classname="Runner.MyTestRunner" name="runScenario" time="1.802"/>
  <system-out/>
  <testcase classname="Runner.MyTestRunner" name="runScenario" time="0.112"/>
  <system-out/>
  <testcase classname="Runner.MyTestRunner" name="runScenario" time="8.348">
    <error message="no such element: Unable to locate element: {&quot;method&quot;:&quot;xpath&quot;,&quot;selector&quot;:&quot;//div[text()=&#039;User Added Successfully&#039;]&quot;}
  (Session info: chrome=124.0.6367.79)
For documentation on this error, please visit: https://www.selenium.dev/documentation/webdriver/troubleshooting/errors#no-such-element-exception
Build info: version: &#039;4.15.0&#039;, revision: &#039;1d14b5521b&#039;
System info: os.name: &#039;Windows 11&#039;, os.arch: &#039;amd64&#039;, os.version: &#039;10.0&#039;, java.version: &#039;21.0.1&#039;
Driver info: org.openqa.selenium.chrome.ChromeDriver
Command: [563a2085d72b832c7e74e6f4652f762c, findElement {using=xpath, value=//div[text()=&#039;User Added Successfully&#039;]}]
Capabilities {acceptInsecureCerts: false, browserName: chrome, browserVersion: 124.0.6367.79, chrome: {chromedriverVersion: 124.0.6367.91 (51df0e5e17a8..., userDataDir: C:\Users\nsatc\AppData\Loca...}, fedcm:accounts: true, goog:chromeOptions: {debuggerAddress: localhost:55099}, networkConnectionEnabled: false, pageLoadStrategy: normal, platformName: windows, proxy: Proxy(), se:cdp: ws://localhost:55099/devtoo..., se:cdpVersion: 124.0.6367.79, setWindowRect: true, strictFileInteractability: false, timeouts: {implicit: 0, pageLoad: 300000, script: 30000}, unhandledPromptBehavior: dismiss and notify, webauthn:extension:credBlob: true, webauthn:extension:largeBlob: true, webauthn:extension:minPinLength: true, webauthn:extension:prf: true, webauthn:virtualAuthenticators: true}
Session ID: 563a2085d72b832c7e74e6f4652f762c" type="org.openqa.selenium.NoSuchElementException">
      <![CDATA[org.openqa.selenium.NoSuchElementException: no such element: Unable to locate element: {"method":"xpath","selector":"//div[text()='User Added Successfully']"}
  (Session info: chrome=124.0.6367.79)
For documentation on this error, please visit: https://www.selenium.dev/documentation/webdriver/troubleshooting/errors#no-such-element-exception
Build info: version: '4.15.0', revision: '1d14b5521b'
System info: os.name: 'Windows 11', os.arch: 'amd64', os.version: '10.0', java.version: '21.0.1'
Driver info: org.openqa.selenium.chrome.ChromeDriver
Command: [563a2085d72b832c7e74e6f4652f762c, findElement {using=xpath, value=//div[text()='User Added Successfully']}]
Capabilities {acceptInsecureCerts: false, browserName: chrome, browserVersion: 124.0.6367.79, chrome: {chromedriverVersion: 124.0.6367.91 (51df0e5e17a8..., userDataDir: C:\Users\nsatc\AppData\Loca...}, fedcm:accounts: true, goog:chromeOptions: {debuggerAddress: localhost:55099}, networkConnectionEnabled: false, pageLoadStrategy: normal, platformName: windows, proxy: Proxy(), se:cdp: ws://localhost:55099/devtoo..., se:cdpVersion: 124.0.6367.79, setWindowRect: true, strictFileInteractability: false, timeouts: {implicit: 0, pageLoad: 300000, script: 30000}, unhandledPromptBehavior: dismiss and notify, webauthn:extension:credBlob: true, webauthn:extension:largeBlob: true, webauthn:extension:minPinLength: true, webauthn:extension:prf: true, webauthn:virtualAuthenticators: true}
Session ID: 563a2085d72b832c7e74e6f4652f762c
at java.base/jdk.internal.reflect.DirectConstructorHandleAccessor.newInstance(DirectConstructorHandleAccessor.java:62)
at java.base/java.lang.reflect.Constructor.newInstanceWithCaller(Constructor.java:502)
at java.base/java.lang.reflect.Constructor.newInstance(Constructor.java:486)
at org.openqa.selenium.remote.codec.w3c.W3CHttpResponseCodec.createException(W3CHttpResponseCodec.java:200)
at org.openqa.selenium.remote.codec.w3c.W3CHttpResponseCodec.decode(W3CHttpResponseCodec.java:133)
at org.openqa.selenium.remote.codec.w3c.W3CHttpResponseCodec.decode(W3CHttpResponseCodec.java:52)
at org.openqa.selenium.remote.HttpCommandExecutor.execute(HttpCommandExecutor.java:191)
at org.openqa.selenium.remote.service.DriverCommandExecutor.invokeExecute(DriverCommandExecutor.java:200)
at org.openqa.selenium.remote.service.DriverCommandExecutor.execute(DriverCommandExecutor.java:175)
at org.openqa.selenium.remote.RemoteWebDriver.execute(RemoteWebDriver.java:607)
at org.openqa.selenium.remote.ElementLocation$ElementFinder$2.findElement(ElementLocation.java:165)
at org.openqa.selenium.remote.ElementLocation.findElement(ElementLocation.java:59)
at org.openqa.selenium.remote.RemoteWebDriver.findElement(RemoteWebDriver.java:364)
at org.openqa.selenium.remote.RemoteWebDriver.findElement(RemoteWebDriver.java:358)
at PageObjects.addUserPage.getSucessMsg(addUserPage.java:212)
at StepDefinitions.AddUserPageSteps.admin_gets_a_message(AddUserPageSteps.java:111)
at ✽.Admin gets a message "User Added Successfully"(file:///C:/Users/nsatc/git/Team17_Testing_Squad/src/test/resources/Features/05_02addUser.feature:50)
]]>
    </error>
  </testcase> <!-- runScenario -->
  <system-out/>
  <testcase classname="Runner.MyTestRunner" name="runScenario" time="7.213">
    <failure message="Search result not found" type="java.lang.AssertionError">
      <![CDATA[java.lang.AssertionError: Search result not found
at org.junit.Assert.fail(Assert.java:89)
at org.junit.Assert.assertTrue(Assert.java:42)
at StepDefinitions.UserPageSteps.admin_should_see_zero_entries_on_the_data_table(UserPageSteps.java:201)
at ✽.Admin should see zero entries on the data table(file:///C:/Users/nsatc/git/Team17_Testing_Squad/src/test/resources/Features/05_01user.feature:53)
]]>
    </failure>
  </testcase> <!-- runScenario -->
  <system-out/>
  <testcase classname="Runner.MyTestRunner" name="runScenario" time="0.113"/>
  <system-out/>
  <testcase classname="Runner.MyTestRunner" name="runScenario" time="0.630"/>
  <system-out/>
  <testcase classname="Runner.MyTestRunner" name="runScenario" time="1.732"/>
  <system-out/>
  <testcase classname="Runner.MyTestRunner" name="runScenario" time="0.486"/>
  <system-out/>
  <testcase classname="Runner.MyTestRunner" name="runScenario" time="0.116"/>
  <system-out/>
  <testcase classname="Runner.MyTestRunner" name="runScenario" time="1.033"/>
  <system-out/>
  <testcase classname="Runner.MyTestRunner" name="runScenario" time="1.477"/>
  <system-out/>
  <testcase classname="Runner.MyTestRunner" name="runScenario" time="1.568"/>
  <system-out/>
  <testcase classname="Runner.MyTestRunner" name="runScenario" time="8.358"/>
  <system-out/>
  <testcase classname="Runner.MyTestRunner" name="runScenario" time="1.602"/>
  <system-out/>
  <testcase classname="Runner.MyTestRunner" name="runScenario" time="6.081">
    <error message="no such element: Unable to locate element: {&quot;method&quot;:&quot;xpath&quot;,&quot;selector&quot;:&quot;//td[normalize-space()=&#039;Testing Squad&#039;]&quot;}
  (Session info: chrome=124.0.6367.79)
For documentation on this error, please visit: https://www.selenium.dev/documentation/webdriver/troubleshooting/errors#no-such-element-exception
Build info: version: &#039;4.15.0&#039;, revision: &#039;1d14b5521b&#039;
System info: os.name: &#039;Windows 11&#039;, os.arch: &#039;amd64&#039;, os.version: &#039;10.0&#039;, java.version: &#039;21.0.1&#039;
Driver info: org.openqa.selenium.chrome.ChromeDriver
Command: [563a2085d72b832c7e74e6f4652f762c, findElement {using=xpath, value=//td[normalize-space()=&#039;Testing Squad&#039;]}]
Capabilities {acceptInsecureCerts: false, browserName: chrome, browserVersion: 124.0.6367.79, chrome: {chromedriverVersion: 124.0.6367.91 (51df0e5e17a8..., userDataDir: C:\Users\nsatc\AppData\Loca...}, fedcm:accounts: true, goog:chromeOptions: {debuggerAddress: localhost:55099}, networkConnectionEnabled: false, pageLoadStrategy: normal, platformName: windows, proxy: Proxy(), se:cdp: ws://localhost:55099/devtoo..., se:cdpVersion: 124.0.6367.79, setWindowRect: true, strictFileInteractability: false, timeouts: {implicit: 0, pageLoad: 300000, script: 30000}, unhandledPromptBehavior: dismiss and notify, webauthn:extension:credBlob: true, webauthn:extension:largeBlob: true, webauthn:extension:minPinLength: true, webauthn:extension:prf: true, webauthn:virtualAuthenticators: true}
Session ID: 563a2085d72b832c7e74e6f4652f762c" type="org.openqa.selenium.NoSuchElementException">
      <![CDATA[org.openqa.selenium.NoSuchElementException: no such element: Unable to locate element: {"method":"xpath","selector":"//td[normalize-space()='Testing Squad']"}
  (Session info: chrome=124.0.6367.79)
For documentation on this error, please visit: https://www.selenium.dev/documentation/webdriver/troubleshooting/errors#no-such-element-exception
Build info: version: '4.15.0', revision: '1d14b5521b'
System info: os.name: 'Windows 11', os.arch: 'amd64', os.version: '10.0', java.version: '21.0.1'
Driver info: org.openqa.selenium.chrome.ChromeDriver
Command: [563a2085d72b832c7e74e6f4652f762c, findElement {using=xpath, value=//td[normalize-space()='Testing Squad']}]
Capabilities {acceptInsecureCerts: false, browserName: chrome, browserVersion: 124.0.6367.79, chrome: {chromedriverVersion: 124.0.6367.91 (51df0e5e17a8..., userDataDir: C:\Users\nsatc\AppData\Loca...}, fedcm:accounts: true, goog:chromeOptions: {debuggerAddress: localhost:55099}, networkConnectionEnabled: false, pageLoadStrategy: normal, platformName: windows, proxy: Proxy(), se:cdp: ws://localhost:55099/devtoo..., se:cdpVersion: 124.0.6367.79, setWindowRect: true, strictFileInteractability: false, timeouts: {implicit: 0, pageLoad: 300000, script: 30000}, unhandledPromptBehavior: dismiss and notify, webauthn:extension:credBlob: true, webauthn:extension:largeBlob: true, webauthn:extension:minPinLength: true, webauthn:extension:prf: true, webauthn:virtualAuthenticators: true}
Session ID: 563a2085d72b832c7e74e6f4652f762c
at java.base/jdk.internal.reflect.DirectConstructorHandleAccessor.newInstance(DirectConstructorHandleAccessor.java:62)
at java.base/java.lang.reflect.Constructor.newInstanceWithCaller(Constructor.java:502)
at java.base/java.lang.reflect.Constructor.newInstance(Constructor.java:486)
at org.openqa.selenium.remote.codec.w3c.W3CHttpResponseCodec.createException(W3CHttpResponseCodec.java:200)
at org.openqa.selenium.remote.codec.w3c.W3CHttpResponseCodec.decode(W3CHttpResponseCodec.java:133)
at org.openqa.selenium.remote.codec.w3c.W3CHttpResponseCodec.decode(W3CHttpResponseCodec.java:52)
at org.openqa.selenium.remote.HttpCommandExecutor.execute(HttpCommandExecutor.java:191)
at org.openqa.selenium.remote.service.DriverCommandExecutor.invokeExecute(DriverCommandExecutor.java:200)
at org.openqa.selenium.remote.service.DriverCommandExecutor.execute(DriverCommandExecutor.java:175)
at org.openqa.selenium.remote.RemoteWebDriver.execute(RemoteWebDriver.java:607)
at org.openqa.selenium.remote.ElementLocation$ElementFinder$2.findElement(ElementLocation.java:165)
at org.openqa.selenium.remote.ElementLocation.findElement(ElementLocation.java:59)
at org.openqa.selenium.remote.RemoteWebDriver.findElement(RemoteWebDriver.java:364)
at org.openqa.selenium.remote.RemoteWebDriver.findElement(RemoteWebDriver.java:358)
at PageObjects.userPage.searchedValidUser(userPage.java:196)
at StepDefinitions.UserPageSteps.admin_should_see_user_displayed_with_the_entered_name(UserPageSteps.java:191)
at ✽.Admin should see user displayed with the entered name(file:///C:/Users/nsatc/git/Team17_Testing_Squad/src/test/resources/Features/05_01user.feature:46)
]]>
    </error>
  </testcase> <!-- runScenario -->
  <system-out/>
  <testcase classname="Runner.MyTestRunner" name="runScenario" time="1.153"/>
  <system-out/>
  <testcase classname="Runner.MyTestRunner" name="runScenario" time="1.381"/>
  <system-out/>
  <testcase classname="Runner.MyTestRunner" name="runScenario" time="0.265"/>
  <system-out/>
  <testcase classname="Runner.MyTestRunner" name="runScenario" time="2.350"/>
  <system-out/>
  <testcase classname="Runner.MyTestRunner" name="runScenario" time="4.426"/>
  <system-out/>
  <testcase classname="Runner.MyTestRunner" name="runScenario" time="0.462"/>
  <system-out/>
  <testcase classname="Runner.MyTestRunner" name="runScenario" time="0.334"/>
  <system-out/>
  <testcase classname="Runner.MyTestRunner" name="runScenario" time="1.265"/>
  <system-out/>
  <testcase classname="Runner.MyTestRunner" name="runScenario" time="1.448"/>
  <system-out/>
  <testcase classname="Runner.MyTestRunner" name="runScenario" time="6.756">
    <error message="no such element: Unable to locate element: {&quot;method&quot;:&quot;xpath&quot;,&quot;selector&quot;:&quot;//td[normalize-space()=&#039;aapriyanga&#039;]//following-sibling::td//button[1]&quot;}
  (Session info: chrome=124.0.6367.79)
For documentation on this error, please visit: https://www.selenium.dev/documentation/webdriver/troubleshooting/errors#no-such-element-exception
Build info: version: &#039;4.15.0&#039;, revision: &#039;1d14b5521b&#039;
System info: os.name: &#039;Windows 11&#039;, os.arch: &#039;amd64&#039;, os.version: &#039;10.0&#039;, java.version: &#039;21.0.1&#039;
Driver info: org.openqa.selenium.chrome.ChromeDriver
Command: [563a2085d72b832c7e74e6f4652f762c, findElement {using=xpath, value=//td[normalize-space()=&#039;aapriyanga&#039;]//following-sibling::td//button[1]}]
Capabilities {acceptInsecureCerts: false, browserName: chrome, browserVersion: 124.0.6367.79, chrome: {chromedriverVersion: 124.0.6367.91 (51df0e5e17a8..., userDataDir: C:\Users\nsatc\AppData\Loca...}, fedcm:accounts: true, goog:chromeOptions: {debuggerAddress: localhost:55099}, networkConnectionEnabled: false, pageLoadStrategy: normal, platformName: windows, proxy: Proxy(), se:cdp: ws://localhost:55099/devtoo..., se:cdpVersion: 124.0.6367.79, setWindowRect: true, strictFileInteractability: false, timeouts: {implicit: 0, pageLoad: 300000, script: 30000}, unhandledPromptBehavior: dismiss and notify, webauthn:extension:credBlob: true, webauthn:extension:largeBlob: true, webauthn:extension:minPinLength: true, webauthn:extension:prf: true, webauthn:virtualAuthenticators: true}
Session ID: 563a2085d72b832c7e74e6f4652f762c" type="org.openqa.selenium.NoSuchElementException">
      <![CDATA[org.openqa.selenium.NoSuchElementException: no such element: Unable to locate element: {"method":"xpath","selector":"//td[normalize-space()='aapriyanga']//following-sibling::td//button[1]"}
  (Session info: chrome=124.0.6367.79)
For documentation on this error, please visit: https://www.selenium.dev/documentation/webdriver/troubleshooting/errors#no-such-element-exception
Build info: version: '4.15.0', revision: '1d14b5521b'
System info: os.name: 'Windows 11', os.arch: 'amd64', os.version: '10.0', java.version: '21.0.1'
Driver info: org.openqa.selenium.chrome.ChromeDriver
Command: [563a2085d72b832c7e74e6f4652f762c, findElement {using=xpath, value=//td[normalize-space()='aapriyanga']//following-sibling::td//button[1]}]
Capabilities {acceptInsecureCerts: false, browserName: chrome, browserVersion: 124.0.6367.79, chrome: {chromedriverVersion: 124.0.6367.91 (51df0e5e17a8..., userDataDir: C:\Users\nsatc\AppData\Loca...}, fedcm:accounts: true, goog:chromeOptions: {debuggerAddress: localhost:55099}, networkConnectionEnabled: false, pageLoadStrategy: normal, platformName: windows, proxy: Proxy(), se:cdp: ws://localhost:55099/devtoo..., se:cdpVersion: 124.0.6367.79, setWindowRect: true, strictFileInteractability: false, timeouts: {implicit: 0, pageLoad: 300000, script: 30000}, unhandledPromptBehavior: dismiss and notify, webauthn:extension:credBlob: true, webauthn:extension:largeBlob: true, webauthn:extension:minPinLength: true, webauthn:extension:prf: true, webauthn:virtualAuthenticators: true}
Session ID: 563a2085d72b832c7e74e6f4652f762c
at java.base/jdk.internal.reflect.DirectConstructorHandleAccessor.newInstance(DirectConstructorHandleAccessor.java:62)
at java.base/java.lang.reflect.Constructor.newInstanceWithCaller(Constructor.java:502)
at java.base/java.lang.reflect.Constructor.newInstance(Constructor.java:486)
at org.openqa.selenium.remote.codec.w3c.W3CHttpResponseCodec.createException(W3CHttpResponseCodec.java:200)
at org.openqa.selenium.remote.codec.w3c.W3CHttpResponseCodec.decode(W3CHttpResponseCodec.java:133)
at org.openqa.selenium.remote.codec.w3c.W3CHttpResponseCodec.decode(W3CHttpResponseCodec.java:52)
at org.openqa.selenium.remote.HttpCommandExecutor.execute(HttpCommandExecutor.java:191)
at org.openqa.selenium.remote.service.DriverCommandExecutor.invokeExecute(DriverCommandExecutor.java:200)
at org.openqa.selenium.remote.service.DriverCommandExecutor.execute(DriverCommandExecutor.java:175)
at org.openqa.selenium.remote.RemoteWebDriver.execute(RemoteWebDriver.java:607)
at org.openqa.selenium.remote.ElementLocation$ElementFinder$2.findElement(ElementLocation.java:165)
at org.openqa.selenium.remote.ElementLocation.findElement(ElementLocation.java:59)
at org.openqa.selenium.remote.RemoteWebDriver.findElement(RemoteWebDriver.java:364)
at org.openqa.selenium.remote.RemoteWebDriver.findElement(RemoteWebDriver.java:358)
at PageObjects.editPgmPg.clickEditByname(editPgmPg.java:49)
at StepDefinitions.editPgmStep.admin_updates_the_program_name_field_and_clicks_save_button(editPgmStep.java:89)
at ✽.Admin updates the program name "Manage Program" 5 field and clicks save button(file:///C:/Users/nsatc/git/Team17_Testing_Squad/src/test/resources/Features/03_03_editProgramDetails.feature:18)
]]>
    </error>
  </testcase> <!-- runScenario -->
  <system-out/>
  <testcase classname="Runner.MyTestRunner" name="runScenario" time="4.421"/>
  <system-out/>
  <testcase classname="Runner.MyTestRunner" name="runScenario" time="5.303"/>
  <system-out/>
  <testcase classname="Runner.MyTestRunner" name="runScenario" time="8.440"/>
  <system-out/>
  <testcase classname="Runner.MyTestRunner" name="runScenario" time="1.852"/>
  <system-out/>
</testsuite> <!-- Runner.MyTestRunner -->
